#
# A fatal error has been detected by the Java Runtime Environment:
#
#  EXCEPTION_ACCESS_VIOLATION (0xc0000005) at pc=0x0000000063293b43, pid=7688, tid=17716
#
# JRE version: Java(TM) SE Runtime Environment (8.0_65-b17) (build 1.8.0_65-b17)
# Java VM: Java HotSpot(TM) 64-Bit Server VM (25.65-b01 mixed mode windows-amd64 compressed oops)
# Problematic frame:
# V  [jvm.dll+0x1c3b43]
#
# Failed to write core dump. Minidumps are not enabled by default on client versions of Windows
#
# If you would like to submit a bug report, please visit:
#   http://bugreport.java.com/bugreport/crash.jsp
#

---------------  T H R E A D  ---------------

Current thread (0x000000001eb62800):  JavaThread "JDWP Transport Listener: dt_socket" daemon [_thread_in_vm, id=17716, stack(0x000000001fb80000,0x000000001fc80000)]

siginfo: ExceptionCode=0xc0000005, reading address 0x0000000000000020

Registers:
RAX=0x0000000026415c80, RBX=0x000000000000000a, RCX=0x0000000000000000, RDX=0x0000000000000004
RSP=0x000000001fc7ec90, RBP=0x000000001fc7ed90, RSI=0x000000001eb62800, RDI=0x00000000230c8080
R8 =0x000000000000000a, R9 =0x0000000000000004, R10=0x0000000000000003, R11=0x0000000000000004
R12=0x0000000026e3f5a0, R13=0x0000000000007eff, R14=0x00000000264164c8, R15=0x00000000230c8078
RIP=0x0000000063293b43, EFLAGS=0x0000000000010297

Top of Stack: (sp=0x000000001fc7ec90)
0x000000001fc7ec90:   0000000000000006 0000000027f61d98
0x000000001fc7eca0:   0000000000000000 ffffffff4b010000
0x000000001fc7ecb0:   00000000f7a85400 0000000000000000
0x000000001fc7ecc0:   0000000700000004 0000000000000004
0x000000001fc7ecd0:   000000000000000a 00000000230c8080
0x000000001fc7ece0:   000000000000000a 000000000000000a
0x000000001fc7ecf0:   0000000026e3fd88 0000000000000004
0x000000001fc7ed00:   000000001eb62800 00000000230c8078
0x000000001fc7ed10:   0000000027f61d98 0000000026e3cde0
0x000000001fc7ed20:   000000001eb62800 0000000600000006
0x000000001fc7ed30:   49cb7a4900000024 d269161cff69d25a
0x000000001fc7ed40:   0000000000000000 0000000000000000
0x000000001fc7ed50:   00000000230c7d10 0000000026e41278
0x000000001fc7ed60:   000000001eb62800 0000000600000006
0x000000001fc7ed70:   0000000000000024 00007ffa4f6771c0
0x000000001fc7ed80:   0000000000000000 0000000000000000 

Instructions: (pc=0x0000000063293b43)
0x0000000063293b23:   8b 30 4c 3b cb 7c 0d b8 02 00 00 00 44 8b d0 e9
0x0000000063293b33:   5e 01 00 00 4d 8b 27 49 8b 4e 08 49 8b 44 24 08
0x0000000063293b43:   0f b7 51 20 48 8b 49 08 44 0f b7 40 20 48 8b 40
0x0000000063293b53:   08 4a 8b 44 c0 50 48 39 44 d1 50 49 8b 44 24 08 


Register to memory mapping:

RAX=0x0000000026415c80 is pointing into metadata
RBX=0x000000000000000a is an unknown value
RCX=0x0000000000000000 is an unknown value
RDX=0x0000000000000004 is an unknown value
RSP=0x000000001fc7ec90 is pointing into the stack for thread: 0x000000001eb62800
RBP=0x000000001fc7ed90 is pointing into the stack for thread: 0x000000001eb62800
RSI=0x000000001eb62800 is a thread
RDI=0x00000000230c8080 is pointing into metadata
R8 =0x000000000000000a is an unknown value
R9 =0x0000000000000004 is an unknown value
R10=0x0000000000000003 is an unknown value
R11=0x0000000000000004 is an unknown value
R12={method} {0x0000000026e3f5a8} 'list' '(Ljavax/servlet/http/HttpServletRequest;Ljava/lang/Integer;Ljava/lang/Integer;Ljava/lang/String;Ljava/lang/String;Ljava/lang/String;Ljava/lang/String;Ljava/lang/String;)Lcom/egao/common/core/web/JsonResult;' in 'com/egao/common/system/controller/CardController'
R13=0x0000000000007eff is an unknown value
R14=0x00000000264164c8 is pointing into metadata
R15=0x00000000230c8078 is pointing into metadata


Stack: [0x000000001fb80000,0x000000001fc80000],  sp=0x000000001fc7ec90,  free space=1019k
Native frames: (J=compiled Java code, j=interpreted, Vv=VM code, C=native code)
V  [jvm.dll+0x1c3b43]
V  [jvm.dll+0x1caec7]
V  [jvm.dll+0x1cb8f2]
V  [jvm.dll+0x248430]
V  [jvm.dll+0x1a25a1]
V  [jvm.dll+0x3453e4]
C  [jdwp.dll+0x9e6b]
C  [jdwp.dll+0xf0a8]
C  [jdwp.dll+0x1f2d5]
C  [jdwp.dll+0x1f4aa]
V  [jvm.dll+0x1bb8f8]
V  [jvm.dll+0x243144]
V  [jvm.dll+0x299f7a]
C  [msvcr100.dll+0x21d9f]
C  [msvcr100.dll+0x21e3b]
C  [KERNEL32.DLL+0x13034]
C  [ntdll.dll+0x71551]


---------------  P R O C E S S  ---------------

Java Threads: ( => current thread )
  0x0000000029c1d800 JavaThread "task-1" [_thread_blocked, id=5248, stack(0x000000003b9b0000,0x000000003bab0000)]
  0x0000000029c24800 JavaThread "http-nio-8080-Acceptor" daemon [_thread_in_native, id=20936, stack(0x000000003b8b0000,0x000000003b9b0000)]
  0x0000000029c23800 JavaThread "http-nio-8080-ClientPoller" daemon [_thread_in_native, id=18668, stack(0x000000003b7b0000,0x000000003b8b0000)]
  0x0000000029c20800 JavaThread "http-nio-8080-exec-10" daemon [_thread_blocked, id=16140, stack(0x000000003b6b0000,0x000000003b7b0000)]
  0x0000000029c20000 JavaThread "http-nio-8080-exec-9" daemon [_thread_blocked, id=20016, stack(0x000000003b5b0000,0x000000003b6b0000)]
  0x0000000029c1c000 JavaThread "http-nio-8080-exec-8" daemon [_thread_blocked, id=19656, stack(0x000000003b4b0000,0x000000003b5b0000)]
  0x0000000029c23000 JavaThread "http-nio-8080-exec-7" daemon [_thread_blocked, id=18632, stack(0x000000003b3b0000,0x000000003b4b0000)]
  0x0000000029c22000 JavaThread "http-nio-8080-exec-6" daemon [_thread_blocked, id=10360, stack(0x000000003b2b0000,0x000000003b3b0000)]
  0x0000000029c21800 JavaThread "http-nio-8080-exec-5" daemon [_thread_blocked, id=5812, stack(0x000000003b1b0000,0x000000003b2b0000)]
  0x00000000244d6800 JavaThread "http-nio-8080-exec-4" daemon [_thread_blocked, id=4556, stack(0x000000003b0b0000,0x000000003b1b0000)]
  0x00000000244d5800 JavaThread "http-nio-8080-exec-3" daemon [_thread_blocked, id=20916, stack(0x000000003afb0000,0x000000003b0b0000)]
  0x00000000244d1000 JavaThread "http-nio-8080-exec-2" daemon [_thread_blocked, id=20496, stack(0x000000003aeb0000,0x000000003afb0000)]
  0x00000000244d2800 JavaThread "http-nio-8080-exec-1" daemon [_thread_blocked, id=1484, stack(0x000000003adb0000,0x000000003aeb0000)]
  0x00000000244d5000 JavaThread "http-nio-8080-BlockPoller" daemon [_thread_in_native, id=3160, stack(0x000000003acb0000,0x000000003adb0000)]
  0x00000000244d0800 JavaThread "scheduling-1" [_thread_blocked, id=13772, stack(0x000000003abb0000,0x000000003acb0000)]
  0x00000000244d3800 JavaThread "File Watcher" daemon [_thread_blocked, id=13668, stack(0x000000003aab0000,0x000000003abb0000)]
  0x00000000244d2000 JavaThread "ForkJoinPool.commonPool-worker-5" daemon [_thread_blocked, id=21012, stack(0x000000003a9b0000,0x000000003aab0000)]
  0x00000000244c9800 JavaThread "ForkJoinPool.commonPool-worker-3" daemon [_thread_blocked, id=3804, stack(0x000000003a7b0000,0x000000003a8b0000)]
  0x00000000244ce000 JavaThread "ForkJoinPool.commonPool-worker-2" daemon [_thread_blocked, id=3228, stack(0x000000003a6b0000,0x000000003a7b0000)]
  0x00000000244cb000 JavaThread "Druid-ConnectionPool-Destroy-1237888262" daemon [_thread_blocked, id=19824, stack(0x000000003a5b0000,0x000000003a6b0000)]
  0x00000000244cc800 JavaThread "Druid-ConnectionPool-Create-1237888262" daemon [_thread_blocked, id=18952, stack(0x000000003a4b0000,0x000000003a5b0000)]
  0x00000000244ca800 JavaThread "container-0" [_thread_blocked, id=21252, stack(0x000000003a3b0000,0x000000003a4b0000)]
  0x00000000244cc000 JavaThread "Catalina-utility-2" [_thread_blocked, id=21372, stack(0x000000003a2b0000,0x000000003a3b0000)]
  0x00000000244cd800 JavaThread "Catalina-utility-1" [_thread_blocked, id=1544, stack(0x000000003a1b0000,0x000000003a2b0000)]
  0x0000000029c1d000 JavaThread "ForkJoinPool.commonPool-worker-0" daemon [_thread_blocked, id=18296, stack(0x0000000038bb0000,0x0000000038cb0000)]
  0x00000000244d4000 JavaThread "DestroyJavaVM" [_thread_blocked, id=128, stack(0x0000000003500000,0x0000000003600000)]
  0x00000000244c7800 JavaThread "Live Reload Server" daemon [_thread_in_native, id=17600, stack(0x00000000270e0000,0x00000000271e0000)]
  0x00000000241e3000 JavaThread "mysql-cj-abandoned-connection-cleanup" daemon [_thread_blocked, id=596, stack(0x00000000257e0000,0x00000000258e0000)]
  0x0000000021f98000 JavaThread "shiro-active%0053ession%0043ache.data" [_thread_blocked, id=18116, stack(0x0000000023a10000,0x0000000023b10000)]
  0x0000000021f97800 JavaThread "shirocache" daemon [_thread_blocked, id=484, stack(0x0000000023910000,0x0000000023a10000)]
  0x00000000206fe800 JavaThread "RMI Scheduler(0)" daemon [_thread_blocked, id=18132, stack(0x0000000021340000,0x0000000021440000)]
  0x000000002049e800 JavaThread "RMI TCP Accept-0" daemon [_thread_in_native, id=14356, stack(0x0000000020d40000,0x0000000020e40000)]
  0x0000000020480000 JavaThread "RMI TCP Accept-51988" daemon [_thread_in_native, id=11592, stack(0x0000000020c40000,0x0000000020d40000)]
  0x000000002047a000 JavaThread "RMI TCP Accept-0" daemon [_thread_in_native, id=11588, stack(0x0000000020b40000,0x0000000020c40000)]
  0x00000000202cf000 JavaThread "Service Thread" daemon [_thread_blocked, id=11304, stack(0x0000000020940000,0x0000000020a40000)]
  0x000000002023b000 JavaThread "C1 CompilerThread2" daemon [_thread_blocked, id=11616, stack(0x0000000020840000,0x0000000020940000)]
  0x0000000020238800 JavaThread "C2 CompilerThread1" daemon [_thread_blocked, id=11296, stack(0x000000001fe80000,0x000000001ff80000)]
  0x0000000020168000 JavaThread "C2 CompilerThread0" daemon [_thread_blocked, id=11128, stack(0x000000001f980000,0x000000001fa80000)]
  0x000000001eb64800 JavaThread "JDWP Command Reader" daemon [_thread_in_native, id=17688, stack(0x000000001fd80000,0x000000001fe80000)]
  0x000000001eb63800 JavaThread "JDWP Event Helper Thread" daemon [_thread_blocked, id=15932, stack(0x000000001fc80000,0x000000001fd80000)]
=>0x000000001eb62800 JavaThread "JDWP Transport Listener: dt_socket" daemon [_thread_in_vm, id=17716, stack(0x000000001fb80000,0x000000001fc80000)]
  0x000000001eb56800 JavaThread "Attach Listener" daemon [_thread_blocked, id=16868, stack(0x000000001f000000,0x000000001f100000)]
  0x000000001d134000 JavaThread "Signal Dispatcher" daemon [_thread_blocked, id=17728, stack(0x000000001ef00000,0x000000001f000000)]
  0x00000000036fa800 JavaThread "Finalizer" daemon [_thread_blocked, id=18040, stack(0x000000001e9a0000,0x000000001eaa0000)]
  0x00000000036f9000 JavaThread "Reference Handler" daemon [_thread_blocked, id=1348, stack(0x000000001e8a0000,0x000000001e9a0000)]

Other Threads:
  0x000000001d0f8000 VMThread [stack: 0x000000001e7a0000,0x000000001e8a0000] [id=12248]
  0x00000000204a4000 WatcherThread [stack: 0x0000000020e40000,0x0000000020f40000] [id=11580]

VM state:not at safepoint (normal execution)

VM Mutex/Monitor currently owned by a thread: None

Heap:
 PSYoungGen      total 270848K, used 210886K [0x000000076af00000, 0x000000077da80000, 0x00000007c0000000)
  eden space 252416K, 79% used [0x000000076af00000,0x000000077725de38,0x000000077a580000)
  from space 18432K, 58% used [0x000000077a580000,0x000000077b0139d8,0x000000077b780000)
  to   space 17408K, 0% used [0x000000077c980000,0x000000077c980000,0x000000077da80000)
 ParOldGen       total 206336K, used 60180K [0x00000006c0c00000, 0x00000006cd580000, 0x000000076af00000)
  object space 206336K, 29% used [0x00000006c0c00000,0x00000006c46c52a8,0x00000006cd580000)
 Metaspace       used 99350K, capacity 104469K, committed 104576K, reserved 1142784K
  class space    used 9718K, capacity 10562K, committed 10624K, reserved 1048576K

Card table byte_map: [0x0000000012c00000,0x0000000013400000] byte_map_base: 0x000000000f5fa000

Marking Bits: (ParMarkBitMap*) 0x00000000638da5b0
 Begin Bits: [0x0000000013f60000, 0x0000000017f30000)
 End Bits:   [0x0000000017f30000, 0x000000001bf00000)

Polling page: 0x0000000001340000

CodeCache: size=245760Kb used=27605Kb max_used=27605Kb free=218154Kb
 bounds [0x0000000003840000, 0x0000000005340000, 0x0000000012840000]
 total_blobs=13679 nmethods=13113 adapters=484
 compilation: enabled

Compilation events (10 events):
Event: 21876.827 Thread 0x000000002023b000 13268       1       com.fasterxml.jackson.databind.introspect.POJOPropertyBuilder$Linked::<init> (85 bytes)
Event: 21876.827 Thread 0x000000002023b000 nmethod 13268 0x0000000005337a90 code [0x0000000005337c00, 0x0000000005337f08]
Event: 21876.827 Thread 0x000000002023b000 13260       1       com.fasterxml.jackson.databind.PropertyName::getSimpleName (5 bytes)
Event: 21876.827 Thread 0x000000002023b000 nmethod 13260 0x00000000053381d0 code [0x0000000005338320, 0x0000000005338430]
Event: 21876.827 Thread 0x000000002023b000 13261       1       com.fasterxml.jackson.databind.introspect.AnnotatedField::getAnnotated (5 bytes)
Event: 21876.827 Thread 0x000000002023b000 nmethod 13261 0x0000000005338490 code [0x00000000053385e0, 0x00000000053386f0]
Event: 21876.842 Thread 0x000000002023b000 13269       1       com.alibaba.druid.wall.WallContext::getTableStats (5 bytes)
Event: 21876.842 Thread 0x000000002023b000 nmethod 13269 0x0000000005338750 code [0x00000000053388a0, 0x00000000053389b0]
Event: 21876.842 Thread 0x000000002023b000 13270       1       com.alibaba.druid.wall.WallContext::getFunctionStats (5 bytes)
Event: 21876.843 Thread 0x000000002023b000 nmethod 13270 0x0000000005338a10 code [0x0000000005338b60, 0x0000000005338c70]

GC Heap History (10 events):
Event: 21850.213 GC heap before
{Heap before GC invocations=475 (full 9):
 PSYoungGen      total 249856K, used 241328K [0x000000076af00000, 0x000000077c580000, 0x00000007c0000000)
  eden space 231424K, 100% used [0x000000076af00000,0x0000000779100000,0x0000000779100000)
  from space 18432K, 53% used [0x0000000779100000,0x0000000779aac100,0x000000077a300000)
  to   space 17408K, 0% used [0x000000077b480000,0x000000077b480000,0x000000077c580000)
 ParOldGen       total 206336K, used 55055K [0x00000006c0c00000, 0x00000006cd580000, 0x000000076af00000)
  object space 206336K, 26% used [0x00000006c0c00000,0x00000006c41c3da8,0x00000006cd580000)
 Metaspace       used 93933K, capacity 98887K, committed 99072K, reserved 1138688K
  class space    used 9407K, capacity 10209K, committed 10240K, reserved 1048576K
Event: 21850.235 GC heap after
Heap after GC invocations=475 (full 9):
 PSYoungGen      total 266752K, used 14782K [0x000000076af00000, 0x000000077c980000, 0x00000007c0000000)
  eden space 249344K, 0% used [0x000000076af00000,0x000000076af00000,0x000000077a280000)
  from space 17408K, 84% used [0x000000077b480000,0x000000077c2efab8,0x000000077c580000)
  to   space 18432K, 0% used [0x000000077a280000,0x000000077a280000,0x000000077b480000)
 ParOldGen       total 206336K, used 55055K [0x00000006c0c00000, 0x00000006cd580000, 0x000000076af00000)
  object space 206336K, 26% used [0x00000006c0c00000,0x00000006c41c3da8,0x00000006cd580000)
 Metaspace       used 93933K, capacity 98887K, committed 99072K, reserved 1138688K
  class space    used 9407K, capacity 10209K, committed 10240K, reserved 1048576K
}
Event: 21867.973 GC heap before
{Heap before GC invocations=476 (full 9):
 PSYoungGen      total 266752K, used 52156K [0x000000076af00000, 0x000000077c980000, 0x00000007c0000000)
  eden space 249344K, 14% used [0x000000076af00000,0x000000076d37f628,0x000000077a280000)
  from space 17408K, 84% used [0x000000077b480000,0x000000077c2efab8,0x000000077c580000)
  to   space 18432K, 0% used [0x000000077a280000,0x000000077a280000,0x000000077b480000)
 ParOldGen       total 206336K, used 55055K [0x00000006c0c00000, 0x00000006cd580000, 0x000000076af00000)
  object space 206336K, 26% used [0x00000006c0c00000,0x00000006c41c3da8,0x00000006cd580000)
 Metaspace       used 94144K, capacity 99021K, committed 99072K, reserved 1138688K
  class space    used 9412K, capacity 10211K, committed 10240K, reserved 1048576K
Event: 21867.978 GC heap after
Heap after GC invocations=476 (full 9):
 PSYoungGen      total 267776K, used 12767K [0x000000076af00000, 0x000000077c980000, 0x00000007c0000000)
  eden space 249344K, 0% used [0x000000076af00000,0x000000076af00000,0x000000077a280000)
  from space 18432K, 69% used [0x000000077a280000,0x000000077aef7f80,0x000000077b480000)
  to   space 18432K, 0% used [0x000000077b780000,0x000000077b780000,0x000000077c980000)
 ParOldGen       total 206336K, used 55063K [0x00000006c0c00000, 0x00000006cd580000, 0x000000076af00000)
  object space 206336K, 26% used [0x00000006c0c00000,0x00000006c41c5da8,0x00000006cd580000)
 Metaspace       used 94144K, capacity 99021K, committed 99072K, reserved 1138688K
  class space    used 9412K, capacity 10211K, committed 10240K, reserved 1048576K
}
Event: 21867.978 GC heap before
{Heap before GC invocations=477 (full 10):
 PSYoungGen      total 267776K, used 12767K [0x000000076af00000, 0x000000077c980000, 0x00000007c0000000)
  eden space 249344K, 0% used [0x000000076af00000,0x000000076af00000,0x000000077a280000)
  from space 18432K, 69% used [0x000000077a280000,0x000000077aef7f80,0x000000077b480000)
  to   space 18432K, 0% used [0x000000077b780000,0x000000077b780000,0x000000077c980000)
 ParOldGen       total 206336K, used 55063K [0x00000006c0c00000, 0x00000006cd580000, 0x000000076af00000)
  object space 206336K, 26% used [0x00000006c0c00000,0x00000006c41c5da8,0x00000006cd580000)
 Metaspace       used 94144K, capacity 99021K, committed 99072K, reserved 1138688K
  class space    used 9412K, capacity 10211K, committed 10240K, reserved 1048576K
Event: 21868.207 GC heap after
Heap after GC invocations=477 (full 10):
 PSYoungGen      total 267776K, used 0K [0x000000076af00000, 0x000000077c980000, 0x00000007c0000000)
  eden space 249344K, 0% used [0x000000076af00000,0x000000076af00000,0x000000077a280000)
  from space 18432K, 0% used [0x000000077a280000,0x000000077a280000,0x000000077b480000)
  to   space 18432K, 0% used [0x000000077b780000,0x000000077b780000,0x000000077c980000)
 ParOldGen       total 206336K, used 60172K [0x00000006c0c00000, 0x00000006cd580000, 0x000000076af00000)
  object space 206336K, 29% used [0x00000006c0c00000,0x00000006c46c32a8,0x00000006cd580000)
 Metaspace       used 93689K, capacity 98295K, committed 99072K, reserved 1138688K
  class space    used 9345K, capacity 10088K, committed 10240K, reserved 1048576K
}
Event: 21871.324 GC heap before
{Heap before GC invocations=478 (full 10):
 PSYoungGen      total 267776K, used 249344K [0x000000076af00000, 0x000000077c980000, 0x00000007c0000000)
  eden space 249344K, 100% used [0x000000076af00000,0x000000077a280000,0x000000077a280000)
  from space 18432K, 0% used [0x000000077a280000,0x000000077a280000,0x000000077b480000)
  to   space 18432K, 0% used [0x000000077b780000,0x000000077b780000,0x000000077c980000)
 ParOldGen       total 206336K, used 60172K [0x00000006c0c00000, 0x00000006cd580000, 0x000000076af00000)
  object space 206336K, 29% used [0x00000006c0c00000,0x00000006c46c32a8,0x00000006cd580000)
 Metaspace       used 94799K, capacity 99513K, committed 100224K, reserved 1138688K
  class space    used 9460K, capacity 10215K, committed 10368K, reserved 1048576K
Event: 21871.329 GC heap after
Heap after GC invocations=478 (full 10):
 PSYoungGen      total 270848K, used 8223K [0x000000076af00000, 0x000000077da00000, 0x00000007c0000000)
  eden space 252416K, 0% used [0x000000076af00000,0x000000076af00000,0x000000077a580000)
  from space 18432K, 44% used [0x000000077b780000,0x000000077bf87fe8,0x000000077c980000)
  to   space 18432K, 0% used [0x000000077a580000,0x000000077a580000,0x000000077b780000)
 ParOldGen       total 206336K, used 60180K [0x00000006c0c00000, 0x00000006cd580000, 0x000000076af00000)
  object space 206336K, 29% used [0x00000006c0c00000,0x00000006c46c52a8,0x00000006cd580000)
 Metaspace       used 94799K, capacity 99513K, committed 100224K, reserved 1138688K
  class space    used 9460K, capacity 10215K, committed 10368K, reserved 1048576K
}
Event: 21872.365 GC heap before
{Heap before GC invocations=479 (full 10):
 PSYoungGen      total 270848K, used 260639K [0x000000076af00000, 0x000000077da00000, 0x00000007c0000000)
  eden space 252416K, 100% used [0x000000076af00000,0x000000077a580000,0x000000077a580000)
  from space 18432K, 44% used [0x000000077b780000,0x000000077bf87fe8,0x000000077c980000)
  to   space 18432K, 0% used [0x000000077a580000,0x000000077a580000,0x000000077b780000)
 ParOldGen       total 206336K, used 60180K [0x00000006c0c00000, 0x00000006cd580000, 0x000000076af00000)
  object space 206336K, 29% used [0x00000006c0c00000,0x00000006c46c52a8,0x00000006cd580000)
 Metaspace       used 97662K, capacity 102571K, committed 102912K, reserved 1142784K
  class space    used 9618K, capacity 10426K, committed 10496K, reserved 1048576K
Event: 21872.370 GC heap after
Heap after GC invocations=479 (full 10):
 PSYoungGen      total 270848K, used 10830K [0x000000076af00000, 0x000000077da80000, 0x00000007c0000000)
  eden space 252416K, 0% used [0x000000076af00000,0x000000076af00000,0x000000077a580000)
  from space 18432K, 58% used [0x000000077a580000,0x000000077b0139d8,0x000000077b780000)
  to   space 17408K, 0% used [0x000000077c980000,0x000000077c980000,0x000000077da80000)
 ParOldGen       total 206336K, used 60180K [0x00000006c0c00000, 0x00000006cd580000, 0x000000076af00000)
  object space 206336K, 29% used [0x00000006c0c00000,0x00000006c46c52a8,0x00000006cd580000)
 Metaspace       used 97662K, capacity 102571K, committed 102912K, reserved 1142784K
  class space    used 9618K, capacity 10426K, committed 10496K, reserved 1048576K
}

Deoptimization events (0 events):
No events

Internal exceptions (10 events):
Event: 21875.987 Thread 0x00000000244d2800 Exception <a 'java/lang/ClassNotFoundException': com/egao/common/system/entity/MenuCustomizer> (0x00000007742551d0) thrown at [C:\workspace\8-2-build-windows-amd64-cygwin\jdk8u65\4987\hotspot\src\share\vm\classfile\systemDictionary.cpp, line 210]
Event: 21875.987 Thread 0x00000000244d2800 Exception <a 'java/lang/ArrayIndexOutOfBoundsException'> (0x0000000774262bf0) thrown at [C:\workspace\8-2-build-windows-amd64-cygwin\jdk8u65\4987\hotspot\src\share\vm\runtime\sharedRuntime.cpp, line 605]
Event: 21875.987 Thread 0x00000000244d2800 Exception <a 'java/lang/ArrayIndexOutOfBoundsException'> (0x00000007742661d8) thrown at [C:\workspace\8-2-build-windows-amd64-cygwin\jdk8u65\4987\hotspot\src\share\vm\runtime\sharedRuntime.cpp, line 605]
Event: 21876.296 Thread 0x00000000244d2800 Exception <a 'java/lang/ArrayIndexOutOfBoundsException'> (0x00000007751205a0) thrown at [C:\workspace\8-2-build-windows-amd64-cygwin\jdk8u65\4987\hotspot\src\share\vm\runtime\sharedRuntime.cpp, line 605]
Event: 21876.347 Thread 0x00000000244d2800 Exception <a 'java/lang/ArrayIndexOutOfBoundsException'> (0x00000007752c02f8) thrown at [C:\workspace\8-2-build-windows-amd64-cygwin\jdk8u65\4987\hotspot\src\share\vm\runtime\sharedRuntime.cpp, line 605]
Event: 21876.347 Thread 0x00000000244d2800 Exception <a 'java/lang/ArrayIndexOutOfBoundsException'> (0x00000007752c2760) thrown at [C:\workspace\8-2-build-windows-amd64-cygwin\jdk8u65\4987\hotspot\src\share\vm\runtime\sharedRuntime.cpp, line 605]
Event: 21876.347 Thread 0x00000000244d2800 Exception <a 'java/lang/ArrayIndexOutOfBoundsException'> (0x00000007752c3cc0) thrown at [C:\workspace\8-2-build-windows-amd64-cygwin\jdk8u65\4987\hotspot\src\share\vm\runtime\sharedRuntime.cpp, line 605]
Event: 21876.358 Thread 0x00000000244d2800 Exception <a 'java/lang/ArrayIndexOutOfBoundsException'> (0x00000007756f0da0) thrown at [C:\workspace\8-2-build-windows-amd64-cygwin\jdk8u65\4987\hotspot\src\share\vm\runtime\sharedRuntime.cpp, line 605]
Event: 21876.678 Thread 0x00000000244d1000 Exception <a 'java/lang/ArrayIndexOutOfBoundsException'> (0x000000077670ca50) thrown at [C:\workspace\8-2-build-windows-amd64-cygwin\jdk8u65\4987\hotspot\src\share\vm\runtime\sharedRuntime.cpp, line 605]
Event: 21876.825 Thread 0x0000000029c1d800 Exception <a 'java/lang/ArrayIndexOutOfBoundsException'> (0x0000000776f5cea0) thrown at [C:\workspace\8-2-build-windows-amd64-cygwin\jdk8u65\4987\hotspot\src\share\vm\runtime\sharedRuntime.cpp, line 605]

Events (10 events):
Event: 21876.842 Thread 0x0000000029c1d800 DEOPT PACKING pc=0x00000000047076ac sp=0x000000003baad750
Event: 21876.842 Thread 0x0000000029c1d800 DEOPT UNPACKING pc=0x000000000388787f sp=0x000000003baad500 mode 1
Event: 21876.842 Thread 0x0000000029c1d800 DEOPT PACKING pc=0x0000000004898c1c sp=0x000000003baad830
Event: 21876.842 Thread 0x0000000029c1d800 DEOPT UNPACKING pc=0x000000000388787f sp=0x000000003baad558 mode 1
Event: 21876.842 Thread 0x0000000029c1d800 DEOPT PACKING pc=0x0000000004898714 sp=0x000000003baad8a0
Event: 21876.842 Thread 0x0000000029c1d800 DEOPT UNPACKING pc=0x000000000388787f sp=0x000000003baad5f0 mode 1
Event: 21876.842 Thread 0x0000000029c1d800 DEOPT PACKING pc=0x00000000046bd4d4 sp=0x000000003baad940
Event: 21876.842 Thread 0x0000000029c1d800 DEOPT UNPACKING pc=0x000000000388787f sp=0x000000003baad6c8 mode 1
Event: 21876.842 Thread 0x0000000029c1d800 DEOPT PACKING pc=0x000000000484be9c sp=0x000000003baad9f0
Event: 21876.842 Thread 0x0000000029c1d800 DEOPT UNPACKING pc=0x000000000388787f sp=0x000000003baad770 mode 1


Dynamic libraries:
0x00007ff762f80000 - 0x00007ff762fb7000 	D:\Program\Software\JDK\jdk1.8.0_65\bin\java.exe
0x00007ffa4f630000 - 0x00007ffa4f811000 	C:\windows\SYSTEM32\ntdll.dll
0x00007ffa4cce0000 - 0x00007ffa4cd92000 	C:\windows\System32\KERNEL32.DLL
0x00007ffa4bb20000 - 0x00007ffa4bd93000 	C:\windows\System32\KERNELBASE.dll
0x00007ffa4df70000 - 0x00007ffa4e011000 	C:\windows\System32\ADVAPI32.dll
0x00007ffa4d200000 - 0x00007ffa4d29e000 	C:\windows\System32\msvcrt.dll
0x00007ffa4da40000 - 0x00007ffa4da9b000 	C:\windows\System32\sechost.dll
0x00007ffa4d300000 - 0x00007ffa4d424000 	C:\windows\System32\RPCRT4.dll
0x00007ffa4d800000 - 0x00007ffa4d990000 	C:\windows\System32\USER32.dll
0x00007ffa4ba00000 - 0x00007ffa4ba20000 	C:\windows\System32\win32u.dll
0x00007ffa4d990000 - 0x00007ffa4d9b8000 	C:\windows\System32\GDI32.dll
0x00007ffa4bf20000 - 0x00007ffa4c0b2000 	C:\windows\System32\gdi32full.dll
0x00007ffa4c0c0000 - 0x00007ffa4c15f000 	C:\windows\System32\msvcp_win.dll
0x00007ffa4ba20000 - 0x00007ffa4bb1a000 	C:\windows\System32\ucrtbase.dll
0x00007ffa3b4a0000 - 0x00007ffa3b709000 	C:\windows\WinSxS\amd64_microsoft.windows.common-controls_6595b64144ccf1df_6.0.17134.1_none_e4da93291059d8fb\COMCTL32.dll
0x00007ffa4dab0000 - 0x00007ffa4ddd3000 	C:\windows\System32\combase.dll
0x00007ffa4bdf0000 - 0x00007ffa4be6a000 	C:\windows\System32\bcryptPrimitives.dll
0x00007ffa4ccb0000 - 0x00007ffa4ccdd000 	C:\windows\System32\IMM32.DLL
0x0000000063960000 - 0x0000000063a32000 	D:\Program\Software\JDK\jdk1.8.0_65\jre\bin\msvcr100.dll
0x00000000630d0000 - 0x0000000063959000 	D:\Program\Software\JDK\jdk1.8.0_65\jre\bin\server\jvm.dll
0x00007ffa4d1f0000 - 0x00007ffa4d1f8000 	C:\windows\System32\PSAPI.DLL
0x00007ffa36c10000 - 0x00007ffa36c19000 	C:\windows\SYSTEM32\WSOCK32.dll
0x00007ffa4d490000 - 0x00007ffa4d4fc000 	C:\windows\System32\WS2_32.dll
0x00007ffa49ce0000 - 0x00007ffa49d03000 	C:\windows\SYSTEM32\WINMM.dll
0x00007ffa46410000 - 0x00007ffa4641a000 	C:\windows\SYSTEM32\VERSION.dll
0x00007ffa49ca0000 - 0x00007ffa49cca000 	C:\windows\SYSTEM32\WINMMBASE.dll
0x00007ffa4bda0000 - 0x00007ffa4bde9000 	C:\windows\System32\cfgmgr32.dll
0x0000000065070000 - 0x000000006507f000 	D:\Program\Software\JDK\jdk1.8.0_65\jre\bin\verify.dll
0x00000000630a0000 - 0x00000000630c9000 	D:\Program\Software\JDK\jdk1.8.0_65\jre\bin\java.dll
0x0000000063060000 - 0x0000000063095000 	D:\Program\Software\JDK\jdk1.8.0_65\jre\bin\jdwp.dll
0x0000000062f70000 - 0x0000000062f78000 	D:\Program\Software\JDK\jdk1.8.0_65\jre\bin\npt.dll
0x0000000062f40000 - 0x0000000062f63000 	D:\Program\Software\JDK\jdk1.8.0_65\jre\bin\instrument.dll
0x0000000065050000 - 0x0000000065066000 	D:\Program\Software\JDK\jdk1.8.0_65\jre\bin\zip.dll
0x00007ffa4e020000 - 0x00007ffa4f460000 	C:\windows\System32\SHELL32.dll
0x00007ffa4dec0000 - 0x00007ffa4df69000 	C:\windows\System32\shcore.dll
0x00007ffa4c1c0000 - 0x00007ffa4c8cd000 	C:\windows\System32\windows.storage.dll
0x00007ffa4cbb0000 - 0x00007ffa4cc01000 	C:\windows\System32\shlwapi.dll
0x00007ffa4b9c0000 - 0x00007ffa4b9d1000 	C:\windows\System32\kernel.appcore.dll
0x00007ffa4b950000 - 0x00007ffa4b96f000 	C:\windows\System32\profapi.dll
0x00007ffa4b970000 - 0x00007ffa4b9bc000 	C:\windows\System32\powrprof.dll
0x00007ffa4b940000 - 0x00007ffa4b94a000 	C:\windows\System32\FLTLIB.DLL
0x0000000062ef0000 - 0x0000000062ef9000 	D:\Program\Software\JDK\jdk1.8.0_65\jre\bin\dt_socket.dll
0x0000000180000000 - 0x000000018008c000 	C:\windows\system32\ASProxy64.dll
0x00007ffa4d500000 - 0x00007ffa4d651000 	C:\windows\System32\ole32.dll
0x00007ffa4dde0000 - 0x00007ffa4dea2000 	C:\windows\System32\OLEAUT32.dll
0x00007ffa4b160000 - 0x00007ffa4b1c6000 	C:\windows\SYSTEM32\MSWSOCK.dll
0x00007ffa4aee0000 - 0x00007ffa4af18000 	C:\windows\SYSTEM32\IPHLPAPI.DLL
0x00007ffa4b870000 - 0x00007ffa4b8a0000 	C:\windows\SYSTEM32\SspiCli.dll
0x00007ffa4a000000 - 0x00007ffa4a098000 	C:\windows\system32\uxtheme.dll
0x0000000062ee0000 - 0x0000000062eed000 	D:\Program\Software\JDK\jdk1.8.0_65\jre\bin\management.dll
0x0000000062f20000 - 0x0000000062f3a000 	D:\Program\Software\JDK\jdk1.8.0_65\jre\bin\net.dll
0x0000000062f00000 - 0x0000000062f11000 	D:\Program\Software\JDK\jdk1.8.0_65\jre\bin\nio.dll
0x00007ffa2e0f0000 - 0x00007ffa2e106000 	C:\windows\system32\napinsp.dll
0x00007ffa2e0d0000 - 0x00007ffa2e0ea000 	C:\windows\system32\pnrpnsp.dll
0x00007ffa48260000 - 0x00007ffa48279000 	C:\windows\system32\NLAapi.dll
0x00007ffa4af20000 - 0x00007ffa4afde000 	C:\windows\SYSTEM32\DNSAPI.dll
0x00007ffa4deb0000 - 0x00007ffa4deb8000 	C:\windows\System32\NSI.dll
0x00007ffa3fa70000 - 0x00007ffa3fa7e000 	C:\windows\System32\winrnr.dll
0x00007ffa45270000 - 0x00007ffa45285000 	C:\windows\System32\wshbth.dll
0x00007ffa43ce0000 - 0x00007ffa43cea000 	C:\Windows\System32\rasadhlp.dll
0x00007ffa42ef0000 - 0x00007ffa42f62000 	C:\windows\System32\fwpuclnt.dll
0x00007ffa4b440000 - 0x00007ffa4b465000 	C:\windows\SYSTEM32\bcrypt.dll
0x00007ffa4b320000 - 0x00007ffa4b337000 	C:\windows\SYSTEM32\CRYPTSP.dll
0x00007ffa4ad40000 - 0x00007ffa4ad73000 	C:\windows\system32\rsaenh.dll
0x00007ffa4b840000 - 0x00007ffa4b868000 	C:\windows\SYSTEM32\USERENV.dll
0x00007ffa4b310000 - 0x00007ffa4b31b000 	C:\windows\SYSTEM32\CRYPTBASE.dll
0x00007ffa45200000 - 0x00007ffa45216000 	C:\windows\SYSTEM32\dhcpcsvc6.DLL
0x00007ffa462e0000 - 0x00007ffa462fa000 	C:\windows\SYSTEM32\dhcpcsvc.DLL
0x0000000062eb0000 - 0x0000000062ed4000 	D:\Program\Software\JDK\jdk1.8.0_65\jre\bin\sunec.dll
0x00007ffa38a40000 - 0x00007ffa38c09000 	C:\windows\SYSTEM32\dbghelp.dll

VM Arguments:
jvm_args: -agentlib:jdwp=transport=dt_socket,address=127.0.0.1:51989,suspend=y,server=n -XX:TieredStopAtLevel=1 -Xverify:none -Dspring.output.ansi.enabled=always -Dcom.sun.management.jmxremote -Dcom.sun.management.jmxremote.port=51988 -Dcom.sun.management.jmxremote.authenticate=false -Dcom.sun.management.jmxremote.ssl=false -Djava.rmi.server.hostname=localhost -Dspring.liveBeansView.mbeanDomain -Dspring.application.admin.enabled=true -javaagent:D:\Program\Software\IDEA\IDEA2018.2.4\lib\rt\debugger-agent.jar=file:/C:/Users/Administrator/AppData/Local/Temp/capture.props -Dfile.encoding=UTF-8 
java_command: com.egao.EasyWebApplication
java_class_path (initial): D:\Program\Software\JDK\jdk1.8.0_65\jre\lib\charsets.jar;D:\Program\Software\JDK\jdk1.8.0_65\jre\lib\deploy.jar;D:\Program\Software\JDK\jdk1.8.0_65\jre\lib\ext\access-bridge-64.jar;D:\Program\Software\JDK\jdk1.8.0_65\jre\lib\ext\cldrdata.jar;D:\Program\Software\JDK\jdk1.8.0_65\jre\lib\ext\dnsns.jar;D:\Program\Software\JDK\jdk1.8.0_65\jre\lib\ext\jaccess.jar;D:\Program\Software\JDK\jdk1.8.0_65\jre\lib\ext\jfxrt.jar;D:\Program\Software\JDK\jdk1.8.0_65\jre\lib\ext\localedata.jar;D:\Program\Software\JDK\jdk1.8.0_65\jre\lib\ext\nashorn.jar;D:\Program\Software\JDK\jdk1.8.0_65\jre\lib\ext\sunec.jar;D:\Program\Software\JDK\jdk1.8.0_65\jre\lib\ext\sunjce_provider.jar;D:\Program\Software\JDK\jdk1.8.0_65\jre\lib\ext\sunmscapi.jar;D:\Program\Software\JDK\jdk1.8.0_65\jre\lib\ext\sunpkcs11.jar;D:\Program\Software\JDK\jdk1.8.0_65\jre\lib\ext\zipfs.jar;D:\Program\Software\JDK\jdk1.8.0_65\jre\lib\javaws.jar;D:\Program\Software\JDK\jdk1.8.0_65\jre\lib\jce.jar;D:\Program\Software\JDK\jdk1.8.0_65\jre\lib\jfr.jar;D:\Program\Software\JDK\jdk1.8.0_65\jre\lib\jfxswt.jar;D:\Program\Software\JDK\jdk1.8.0_65\jre\lib\jsse.jar;D:\Program\Software\JDK\jdk1.8.0_65\jre\lib\management-agent.jar;D:\Program\Software\JDK\jdk1.8.0_65\jre\lib\plugin.jar;D:\Program\Software\JDK\jdk1.8.0_65\jre\lib\resources.jar;D:\Program\Software\JDK\jdk1.8.0_65\jre\lib\rt.jar;F:\Program\WorkspaceI\vcc\target\classes;C:\Users\Administrator\.m2\repository\org\springframework\boot\spring-boot-devtools\2.2.2.RELEASE\spring-boot-devtools-2.2.2.RELEASE.jar;C:\Users\Administrator\.m2\repository\org\springframework\boot\spring-boot\2.2.2.RELEASE\spring-boot-2.2.2.RELEASE.jar;C:\Users\Administrator\.m2\repository\org\springframework\boot\spring-boot-autoconfigure\2.2.2.RELEASE\spring-boot-autoconfigure-2.2.2.RELEASE.jar;C:\Users\Administrator\.m2\repository\org\springframework\boot\spring-boot-starter\2.2.2.RELEASE\spring-boot-starter-2.2.2.RELEASE.jar;C:\Users\Administrator\.m2\repository\org\sprin
Launcher Type: SUN_STANDARD

Environment Variables:
JAVA_HOME=D:\Program\Software\JDK\jdk1.8.0_65
CLASSPATH=.;D:\Program\Software\JDK\jdk1.8.0_65\lib;D:\Program\Software\JDK\jdk1.8.0_65\lib\tools.jar
PATH=C:\Program Files (x86)\RSA SecurID Token Common;C:\Program Files\RSA SecurID Token Common;D:\Program\Software\JDK\jdk1.8.0_65\bin;C:\windows\system32\;C:\windows;C:\windows\System32\Wbem;C:\windows\System32\WindowsPowerShell\v1.0\;C:\windows\System32\OpenSSH\;D:\Program\Software\MySQL5.5.4\bin;D:\Program\Software\MySQL\bin;D:\Program\Software\apache-maven-3.3.9\bin;C:\windows\system33;D:\Program\Software\TortoiseSVN\Install\bin;F:\Program\Software\Anaconda\Anaconda3\Scripts;F:\Program\Software\Gradle\gradle-4.7\bin;F:\Program\Software\python-2.7.16\Python27\;F:\Program\Software\Git\cmd;F:\Software\Gpg4win\..\GnuPG\bin;C:\Program Files\RSA SecurID Token Common\
USERNAME=Administrator
OS=Windows_NT
PROCESSOR_IDENTIFIER=Intel64 Family 6 Model 158 Stepping 10, GenuineIntel



---------------  S Y S T E M  ---------------

OS: Windows 10.0 , 64 bit Build 17134 (10.0.17134.1)

CPU:total 6 (6 cores per cpu, 1 threads per core) family 6 model 158 stepping 10, cmov, cx8, fxsr, mmx, sse, sse2, sse3, ssse3, sse4.1, sse4.2, popcnt, avx, avx2, aes, clmul, erms, 3dnowpref, lzcnt, tsc, tscinvbit, bmi1, bmi2, adx

Memory: 4k page, physical 16723468k(6835616k free), swap 17772044k(4018016k free)

vm_info: Java HotSpot(TM) 64-Bit Server VM (25.65-b01) for windows-amd64 JRE (1.8.0_65-b17), built on Oct  6 2015 16:39:20 by "java_re" with MS VC++ 10.0 (VS2010)

time: Tue Dec 22 15:28:55 2020
elapsed time: 21877 seconds (0d 6h 4m 37s)

