#
# A fatal error has been detected by the Java Runtime Environment:
#
#  EXCEPTION_ACCESS_VIOLATION (0xc0000005) at pc=0x000000006e4c3b43, pid=19004, tid=17512
#
# JRE version: Java(TM) SE Runtime Environment (8.0_65-b17) (build 1.8.0_65-b17)
# Java VM: Java HotSpot(TM) 64-Bit Server VM (25.65-b01 mixed mode windows-amd64 compressed oops)
# Problematic frame:
# V  [jvm.dll+0x1c3b43]
#
# Failed to write core dump. Minidumps are not enabled by default on client versions of Windows
#
# If you would like to submit a bug report, please visit:
#   http://bugreport.java.com/bugreport/crash.jsp
#

---------------  T H R E A D  ---------------

Current thread (0x000000001e2c2000):  JavaThread "JDWP Transport Listener: dt_socket" daemon [_thread_in_vm, id=17512, stack(0x000000001f2f0000,0x000000001f3f0000)]

siginfo: ExceptionCode=0xc0000005, reading address 0x0000000000000020

Registers:
RAX=0x000000002916ef10, RBX=0x0000000000000009, RCX=0x0000000000000000, RDX=0x0000000000000004
RSP=0x000000001f3eec30, RBP=0x000000001f3eed30, RSI=0x000000001e2c2000, RDI=0x000000002b090448
R8 =0x0000000000000009, R9 =0x0000000000000004, R10=0x0000000000000003, R11=0x0000000000000004
R12=0x0000000028dedb70, R13=0x0000000000007eff, R14=0x0000000028decd48, R15=0x000000002b090440
RIP=0x000000006e4c3b43, EFLAGS=0x0000000000010293

Top of Stack: (sp=0x000000001f3eec30)
0x000000001f3eec30:   0000000000000006 000000002b0903c8
0x000000001f3eec40:   0000000000000000 ffffffffc0010000
0x000000001f3eec50:   00000000782aed00 0000000000000000
0x000000001f3eec60:   0000000700000004 0000000000000004
0x000000001f3eec70:   0000000000000009 000000002b090448
0x000000001f3eec80:   0000000000000009 0000000000000009
0x000000001f3eec90:   000000002b08db70 0000000000000004
0x000000001f3eeca0:   000000001e2c2000 000000002b090440
0x000000001f3eecb0:   000000002b0903c8 000000002b0884b0
0x000000001f3eecc0:   000000001e2c2000 0000000600000006
0x000000001f3eecd0:   42cad1c900000024 5a619191492a3aff
0x000000001f3eece0:   0000000000000000 0000000000000000
0x000000001f3eecf0:   0000000028dec638 000000002b08ad58
0x000000001f3eed00:   000000001e2c2000 0000000600000006
0x000000001f3eed10:   0000000000000024 00007ffbe47571c0
0x000000001f3eed20:   0000000000000000 0000000000000000 

Instructions: (pc=0x000000006e4c3b43)
0x000000006e4c3b23:   8b 30 4c 3b cb 7c 0d b8 02 00 00 00 44 8b d0 e9
0x000000006e4c3b33:   5e 01 00 00 4d 8b 27 49 8b 4e 08 49 8b 44 24 08
0x000000006e4c3b43:   0f b7 51 20 48 8b 49 08 44 0f b7 40 20 48 8b 40
0x000000006e4c3b53:   08 4a 8b 44 c0 50 48 39 44 d1 50 49 8b 44 24 08 


Register to memory mapping:

RAX=0x000000002916ef10 is pointing into metadata
RBX=0x0000000000000009 is an unknown value
RCX=0x0000000000000000 is an unknown value
RDX=0x0000000000000004 is an unknown value
RSP=0x000000001f3eec30 is pointing into the stack for thread: 0x000000001e2c2000
RBP=0x000000001f3eed30 is pointing into the stack for thread: 0x000000001e2c2000
RSI=0x000000001e2c2000 is a thread
RDI=0x000000002b090448 is pointing into metadata
R8 =0x0000000000000009 is an unknown value
R9 =0x0000000000000004 is an unknown value
R10=0x0000000000000003 is an unknown value
R11=0x0000000000000004 is an unknown value
R12={method} {0x0000000028dedb78} 'list' '(Ljavax/servlet/http/HttpServletRequest;Ljava/lang/Integer;Ljava/lang/Integer;Ljava/lang/Integer;Ljava/lang/String;Ljava/lang/String;Ljava/lang/String;Ljava/lang/String;Ljava/lang/String;)Lcom/egao/common/core/web/JsonResult;' in 'com/egao/common/system/controller/ChannelCostController'
R13=0x0000000000007eff is an unknown value
R14=0x0000000028decd48 is pointing into metadata
R15=0x000000002b090440 is pointing into metadata


Stack: [0x000000001f2f0000,0x000000001f3f0000],  sp=0x000000001f3eec30,  free space=1019k
Native frames: (J=compiled Java code, j=interpreted, Vv=VM code, C=native code)
V  [jvm.dll+0x1c3b43]
V  [jvm.dll+0x1caec7]
V  [jvm.dll+0x1cb8f2]
V  [jvm.dll+0x248430]
V  [jvm.dll+0x1a25a1]
V  [jvm.dll+0x3453e4]
C  [jdwp.dll+0x9e6b]
C  [jdwp.dll+0xf0a8]
C  [jdwp.dll+0x1f2d5]
C  [jdwp.dll+0x1f4aa]
V  [jvm.dll+0x1bb8f8]
V  [jvm.dll+0x243144]
V  [jvm.dll+0x299f7a]
C  [msvcr100.dll+0x21d9f]
C  [msvcr100.dll+0x21e3b]
C  [KERNEL32.DLL+0x13034]
C  [ntdll.dll+0x71551]


---------------  P R O C E S S  ---------------

Java Threads: ( => current thread )
  0x0000000023f82000 JavaThread "task-4" [_thread_blocked, id=20360, stack(0x0000000057a30000,0x0000000057b30000)]
  0x0000000023f81800 JavaThread "task-3" [_thread_blocked, id=19136, stack(0x0000000057930000,0x0000000057a30000)]
  0x0000000023f80000 JavaThread "task-2" [_thread_blocked, id=13840, stack(0x0000000057830000,0x0000000057930000)]
  0x0000000023f86800 JavaThread "task-1" [_thread_blocked, id=6256, stack(0x0000000057730000,0x0000000057830000)]
  0x0000000023f80800 JavaThread "http-nio-8080-Acceptor" daemon [_thread_in_native, id=3652, stack(0x0000000057430000,0x0000000057530000)]
  0x0000000023f87800 JavaThread "http-nio-8080-ClientPoller" daemon [_thread_in_native, id=4696, stack(0x0000000057330000,0x0000000057430000)]
  0x0000000023f7f000 JavaThread "http-nio-8080-exec-10" daemon [_thread_blocked, id=18196, stack(0x0000000057230000,0x0000000057330000)]
  0x0000000023f7e800 JavaThread "http-nio-8080-exec-9" daemon [_thread_blocked, id=17320, stack(0x0000000057130000,0x0000000057230000)]
  0x0000000023f85000 JavaThread "http-nio-8080-exec-8" daemon [_thread_blocked, id=17572, stack(0x0000000057030000,0x0000000057130000)]
  0x0000000023f7d800 JavaThread "http-nio-8080-exec-7" daemon [_thread_blocked, id=19784, stack(0x0000000056f30000,0x0000000057030000)]
  0x0000000023c8c800 JavaThread "http-nio-8080-exec-6" daemon [_thread_blocked, id=9540, stack(0x0000000056e30000,0x0000000056f30000)]
  0x0000000023c8d800 JavaThread "http-nio-8080-exec-5" daemon [_thread_blocked, id=20252, stack(0x0000000056d30000,0x0000000056e30000)]
  0x0000000023c89000 JavaThread "http-nio-8080-exec-4" daemon [_thread_blocked, id=20108, stack(0x0000000056c30000,0x0000000056d30000)]
  0x0000000023c8c000 JavaThread "http-nio-8080-exec-3" daemon [_thread_blocked, id=18468, stack(0x0000000056b30000,0x0000000056c30000)]
  0x0000000023c83800 JavaThread "http-nio-8080-exec-2" daemon [_thread_blocked, id=1748, stack(0x0000000056a30000,0x0000000056b30000)]
  0x0000000023c88000 JavaThread "http-nio-8080-exec-1" daemon [_thread_blocked, id=19596, stack(0x0000000056930000,0x0000000056a30000)]
  0x0000000023c8a800 JavaThread "http-nio-8080-BlockPoller" daemon [_thread_in_native, id=18920, stack(0x0000000056830000,0x0000000056930000)]
  0x0000000023c87800 JavaThread "scheduling-1" [_thread_blocked, id=3724, stack(0x0000000056730000,0x0000000056830000)]
  0x0000000023c7f000 JavaThread "File Watcher" daemon [_thread_in_native, id=4632, stack(0x0000000056630000,0x0000000056730000)]
  0x0000000023c7e800 JavaThread "Druid-ConnectionPool-Destroy-1758591022" daemon [_thread_blocked, id=18408, stack(0x0000000056430000,0x0000000056530000)]
  0x0000000023c83000 JavaThread "Druid-ConnectionPool-Create-1758591022" daemon [_thread_blocked, id=20328, stack(0x0000000056330000,0x0000000056430000)]
  0x0000000023c82000 JavaThread "container-1" [_thread_blocked, id=20284, stack(0x0000000056230000,0x0000000056330000)]
  0x0000000023c84800 JavaThread "Catalina-utility-2" [_thread_blocked, id=6672, stack(0x0000000056130000,0x0000000056230000)]
  0x0000000023c81800 JavaThread "Catalina-utility-1" [_thread_blocked, id=20236, stack(0x0000000056030000,0x0000000056130000)]
  0x0000000023f84800 JavaThread "File Watcher" daemon [_thread_blocked, id=19156, stack(0x000000002e330000,0x000000002e430000)]
  0x0000000023f83800 JavaThread "DestroyJavaVM" [_thread_blocked, id=2668, stack(0x0000000002bb0000,0x0000000002cb0000)]
  0x0000000023c80000 JavaThread "Live Reload Server" daemon [_thread_in_native, id=19172, stack(0x0000000026660000,0x0000000026760000)]
  0x00000000215e3800 JavaThread "Abandoned connection cleanup thread" daemon [_thread_blocked, id=18640, stack(0x0000000025060000,0x0000000025160000)]
  0x00000000215e0800 JavaThread "shiro-active%0053ession%0043ache.data" [_thread_blocked, id=18556, stack(0x0000000023290000,0x0000000023390000)]
  0x00000000215e6800 JavaThread "shirocache" daemon [_thread_blocked, id=19164, stack(0x0000000023190000,0x0000000023290000)]
  0x000000001fcae000 JavaThread "RMI Scheduler(0)" daemon [_thread_blocked, id=19272, stack(0x0000000020ac0000,0x0000000020bc0000)]
  0x000000001fa51000 JavaThread "RMI TCP Accept-0" daemon [_thread_in_native, id=18544, stack(0x00000000204c0000,0x00000000205c0000)]
  0x000000001fa37000 JavaThread "RMI TCP Accept-64065" daemon [_thread_in_native, id=19040, stack(0x00000000203c0000,0x00000000204c0000)]
  0x000000001fa2f800 JavaThread "RMI TCP Accept-0" daemon [_thread_in_native, id=16524, stack(0x00000000202c0000,0x00000000203c0000)]
  0x000000001f8b4800 JavaThread "Service Thread" daemon [_thread_blocked, id=19352, stack(0x00000000200c0000,0x00000000201c0000)]
  0x000000001f822000 JavaThread "C1 CompilerThread2" daemon [_thread_blocked, id=1852, stack(0x000000001ffc0000,0x00000000200c0000)]
  0x000000001f81b000 JavaThread "C2 CompilerThread1" daemon [_thread_blocked, id=19344, stack(0x000000001fdf0000,0x000000001fef0000)]
  0x000000001f81a000 JavaThread "C2 CompilerThread0" daemon [_thread_blocked, id=18996, stack(0x000000001f0f0000,0x000000001f1f0000)]
  0x000000001e2c6000 JavaThread "JDWP Command Reader" daemon [_thread_in_native, id=18472, stack(0x000000001f4f0000,0x000000001f5f0000)]
  0x000000001e2c5000 JavaThread "JDWP Event Helper Thread" daemon [_thread_blocked, id=17620, stack(0x000000001f3f0000,0x000000001f4f0000)]
=>0x000000001e2c2000 JavaThread "JDWP Transport Listener: dt_socket" daemon [_thread_in_vm, id=17512, stack(0x000000001f2f0000,0x000000001f3f0000)]
  0x000000001e26c800 JavaThread "Attach Listener" daemon [_thread_blocked, id=19356, stack(0x000000001e760000,0x000000001e860000)]
  0x000000001e2b6800 JavaThread "Signal Dispatcher" daemon [_thread_blocked, id=18748, stack(0x000000001e660000,0x000000001e760000)]
  0x0000000002e2a000 JavaThread "Finalizer" daemon [_thread_blocked, id=3860, stack(0x000000001e100000,0x000000001e200000)]
  0x0000000002e29000 JavaThread "Reference Handler" daemon [_thread_blocked, id=19024, stack(0x000000001e000000,0x000000001e100000)]

Other Threads:
  0x000000001c848000 VMThread [stack: 0x000000001df00000,0x000000001e000000] [id=16980]
  0x000000001fa56000 WatcherThread [stack: 0x00000000205c0000,0x00000000206c0000] [id=15372]

VM state:not at safepoint (normal execution)

VM Mutex/Monitor currently owned by a thread: None

Heap:
 PSYoungGen      total 188928K, used 89114K [0x000000076af00000, 0x0000000777980000, 0x00000007c0000000)
  eden space 176640K, 43% used [0x000000076af00000,0x000000076fa667f8,0x0000000775b80000)
  from space 12288K, 96% used [0x0000000776400000,0x0000000776fa03c0,0x0000000777000000)
  to   space 9728K, 0% used [0x0000000777000000,0x0000000777000000,0x0000000777980000)
 ParOldGen       total 221184K, used 107646K [0x00000006c0c00000, 0x00000006ce400000, 0x000000076af00000)
  object space 221184K, 48% used [0x00000006c0c00000,0x00000006c751f860,0x00000006ce400000)
 Metaspace       used 156743K, capacity 163302K, committed 163584K, reserved 1198080K
  class space    used 13267K, capacity 14543K, committed 14592K, reserved 1048576K

Card table byte_map: [0x00000000123a0000,0x0000000012ba0000] byte_map_base: 0x000000000ed9a000

Marking Bits: (ParMarkBitMap*) 0x000000006eb0a5b0
 Begin Bits: [0x0000000013700000, 0x00000000176d0000)
 End Bits:   [0x00000000176d0000, 0x000000001b6a0000)

Polling page: 0x0000000000a80000

CodeCache: size=245760Kb used=31065Kb max_used=31065Kb free=214694Kb
 bounds [0x0000000002fe0000, 0x0000000004e40000, 0x0000000011fe0000]
 total_blobs=15164 nmethods=14560 adapters=522
 compilation: enabled

Compilation events (10 events):
Event: 9078.406 Thread 0x000000001f822000 14714       1       com.alibaba.druid.filter.FilterChainImpl::resultSet_getInt (37 bytes)
Event: 9078.406 Thread 0x000000001f822000 nmethod 14714 0x0000000004e329d0 code [0x0000000004e32b60, 0x0000000004e32e18]
Event: 9078.430 Thread 0x000000001f822000 14715       1       net.sf.ehcache.Element::equals (46 bytes)
Event: 9078.431 Thread 0x000000001f822000 nmethod 14715 0x0000000004e32fd0 code [0x0000000004e33140, 0x0000000004e33348]
Event: 9078.431 Thread 0x000000001f822000 14718       1       java.text.DecimalFormat::subparse (864 bytes)
Event: 9078.432 Thread 0x000000001f822000 nmethod 14718 0x0000000004e33410 code [0x0000000004e336a0, 0x0000000004e34998]
Event: 9078.432 Thread 0x000000001f822000 14717   !   1       org.springframework.aop.aspectj.AspectJExpressionPointcut::matches (261 bytes)
Event: 9078.434 Thread 0x000000001f822000 nmethod 14717 0x0000000004e36690 code [0x0000000004e36a80, 0x0000000004e38208]
Event: 9078.434 Thread 0x000000001f822000 14716       1       net.sf.ehcache.Cache::isExpired (13 bytes)
Event: 9078.434 Thread 0x000000001f822000 nmethod 14716 0x0000000004e39d90 code [0x0000000004e39f00, 0x0000000004e3a078]

GC Heap History (10 events):
Event: 8850.010 GC heap before
{Heap before GC invocations=257 (full 24):
 PSYoungGen      total 211968K, used 211486K [0x000000076af00000, 0x0000000779380000, 0x00000007c0000000)
  eden space 199680K, 100% used [0x000000076af00000,0x0000000777200000,0x0000000777200000)
  from space 12288K, 96% used [0x0000000778780000,0x0000000779307ab0,0x0000000779380000)
  to   space 15872K, 0% used [0x0000000777480000,0x0000000777480000,0x0000000778400000)
 ParOldGen       total 221184K, used 106086K [0x00000006c0c00000, 0x00000006ce400000, 0x000000076af00000)
  object space 221184K, 47% used [0x00000006c0c00000,0x00000006c7399860,0x00000006ce400000)
 Metaspace       used 156268K, capacity 162892K, committed 163072K, reserved 1198080K
  class space    used 13238K, capacity 14527K, committed 14592K, reserved 1048576K
Event: 8850.016 GC heap after
Heap after GC invocations=257 (full 24):
 PSYoungGen      total 206848K, used 11902K [0x000000076af00000, 0x0000000778c00000, 0x00000007c0000000)
  eden space 194560K, 0% used [0x000000076af00000,0x000000076af00000,0x0000000776d00000)
  from space 12288K, 96% used [0x0000000777480000,0x000000077801fab0,0x0000000778080000)
  to   space 11776K, 0% used [0x0000000778080000,0x0000000778080000,0x0000000778c00000)
 ParOldGen       total 221184K, used 106086K [0x00000006c0c00000, 0x00000006ce400000, 0x000000076af00000)
  object space 221184K, 47% used [0x00000006c0c00000,0x00000006c7399860,0x00000006ce400000)
 Metaspace       used 156268K, capacity 162892K, committed 163072K, reserved 1198080K
  class space    used 13238K, capacity 14527K, committed 14592K, reserved 1048576K
}
Event: 8920.831 GC heap before
{Heap before GC invocations=258 (full 24):
 PSYoungGen      total 206848K, used 206462K [0x000000076af00000, 0x0000000778c00000, 0x00000007c0000000)
  eden space 194560K, 100% used [0x000000076af00000,0x0000000776d00000,0x0000000776d00000)
  from space 12288K, 96% used [0x0000000777480000,0x000000077801fab0,0x0000000778080000)
  to   space 11776K, 0% used [0x0000000778080000,0x0000000778080000,0x0000000778c00000)
 ParOldGen       total 221184K, used 106086K [0x00000006c0c00000, 0x00000006ce400000, 0x000000076af00000)
  object space 221184K, 47% used [0x00000006c0c00000,0x00000006c7399860,0x00000006ce400000)
 Metaspace       used 156268K, capacity 162892K, committed 163072K, reserved 1198080K
  class space    used 13238K, capacity 14527K, committed 14592K, reserved 1048576K
Event: 8920.839 GC heap after
Heap after GC invocations=258 (full 24):
 PSYoungGen      total 201728K, used 11774K [0x000000076af00000, 0x0000000778c00000, 0x00000007c0000000)
  eden space 189952K, 0% used [0x000000076af00000,0x000000076af00000,0x0000000776880000)
  from space 11776K, 99% used [0x0000000778080000,0x0000000778bffab0,0x0000000778c00000)
  to   space 15872K, 0% used [0x0000000776d00000,0x0000000776d00000,0x0000000777c80000)
 ParOldGen       total 221184K, used 106134K [0x00000006c0c00000, 0x00000006ce400000, 0x000000076af00000)
  object space 221184K, 47% used [0x00000006c0c00000,0x00000006c73a5860,0x00000006ce400000)
 Metaspace       used 156268K, capacity 162892K, committed 163072K, reserved 1198080K
  class space    used 13238K, capacity 14527K, committed 14592K, reserved 1048576K
}
Event: 8989.526 GC heap before
{Heap before GC invocations=259 (full 24):
 PSYoungGen      total 201728K, used 201726K [0x000000076af00000, 0x0000000778c00000, 0x00000007c0000000)
  eden space 189952K, 100% used [0x000000076af00000,0x0000000776880000,0x0000000776880000)
  from space 11776K, 99% used [0x0000000778080000,0x0000000778bffab0,0x0000000778c00000)
  to   space 15872K, 0% used [0x0000000776d00000,0x0000000776d00000,0x0000000777c80000)
 ParOldGen       total 221184K, used 106134K [0x00000006c0c00000, 0x00000006ce400000, 0x000000076af00000)
  object space 221184K, 47% used [0x00000006c0c00000,0x00000006c73a5860,0x00000006ce400000)
 Metaspace       used 156268K, capacity 162892K, committed 163072K, reserved 1198080K
  class space    used 13238K, capacity 14527K, committed 14592K, reserved 1048576K
Event: 8989.532 GC heap after
Heap after GC invocations=259 (full 24):
 PSYoungGen      total 197632K, used 11806K [0x000000076af00000, 0x0000000778300000, 0x00000007c0000000)
  eden space 185344K, 0% used [0x000000076af00000,0x000000076af00000,0x0000000776400000)
  from space 12288K, 96% used [0x0000000776d00000,0x0000000777887ab0,0x0000000777900000)
  to   space 10240K, 0% used [0x0000000777900000,0x0000000777900000,0x0000000778300000)
 ParOldGen       total 221184K, used 106134K [0x00000006c0c00000, 0x00000006ce400000, 0x000000076af00000)
  object space 221184K, 47% used [0x00000006c0c00000,0x00000006c73a5860,0x00000006ce400000)
 Metaspace       used 156268K, capacity 162892K, committed 163072K, reserved 1198080K
  class space    used 13238K, capacity 14527K, committed 14592K, reserved 1048576K
}
Event: 9057.089 GC heap before
{Heap before GC invocations=260 (full 24):
 PSYoungGen      total 197632K, used 197150K [0x000000076af00000, 0x0000000778300000, 0x00000007c0000000)
  eden space 185344K, 100% used [0x000000076af00000,0x0000000776400000,0x0000000776400000)
  from space 12288K, 96% used [0x0000000776d00000,0x0000000777887ab0,0x0000000777900000)
  to   space 10240K, 0% used [0x0000000777900000,0x0000000777900000,0x0000000778300000)
 ParOldGen       total 221184K, used 106134K [0x00000006c0c00000, 0x00000006ce400000, 0x000000076af00000)
  object space 221184K, 47% used [0x00000006c0c00000,0x00000006c73a5860,0x00000006ce400000)
 Metaspace       used 156268K, capacity 162892K, committed 163072K, reserved 1198080K
  class space    used 13238K, capacity 14527K, committed 14592K, reserved 1048576K
Event: 9057.095 GC heap after
Heap after GC invocations=260 (full 24):
 PSYoungGen      total 190976K, used 10238K [0x000000076af00000, 0x0000000778300000, 0x00000007c0000000)
  eden space 180736K, 0% used [0x000000076af00000,0x000000076af00000,0x0000000775f80000)
  from space 10240K, 99% used [0x0000000777900000,0x00000007782ffab0,0x0000000778300000)
  to   space 15872K, 0% used [0x0000000776400000,0x0000000776400000,0x0000000777380000)
 ParOldGen       total 221184K, used 107638K [0x00000006c0c00000, 0x00000006ce400000, 0x000000076af00000)
  object space 221184K, 48% used [0x00000006c0c00000,0x00000006c751d860,0x00000006ce400000)
 Metaspace       used 156268K, capacity 162892K, committed 163072K, reserved 1198080K
  class space    used 13238K, capacity 14527K, committed 14592K, reserved 1048576K
}
Event: 9092.499 GC heap before
{Heap before GC invocations=261 (full 24):
 PSYoungGen      total 190976K, used 190974K [0x000000076af00000, 0x0000000778300000, 0x00000007c0000000)
  eden space 180736K, 100% used [0x000000076af00000,0x0000000775f80000,0x0000000775f80000)
  from space 10240K, 99% used [0x0000000777900000,0x00000007782ffab0,0x0000000778300000)
  to   space 15872K, 0% used [0x0000000776400000,0x0000000776400000,0x0000000777380000)
 ParOldGen       total 221184K, used 107638K [0x00000006c0c00000, 0x00000006ce400000, 0x000000076af00000)
  object space 221184K, 48% used [0x00000006c0c00000,0x00000006c751d860,0x00000006ce400000)
 Metaspace       used 156661K, capacity 163302K, committed 163584K, reserved 1198080K
  class space    used 13259K, capacity 14543K, committed 14592K, reserved 1048576K
Event: 9092.505 GC heap after
Heap after GC invocations=261 (full 24):
 PSYoungGen      total 188928K, used 11904K [0x000000076af00000, 0x0000000777980000, 0x00000007c0000000)
  eden space 176640K, 0% used [0x000000076af00000,0x000000076af00000,0x0000000775b80000)
  from space 12288K, 96% used [0x0000000776400000,0x0000000776fa03c0,0x0000000777000000)
  to   space 9728K, 0% used [0x0000000777000000,0x0000000777000000,0x0000000777980000)
 ParOldGen       total 221184K, used 107646K [0x00000006c0c00000, 0x00000006ce400000, 0x000000076af00000)
  object space 221184K, 48% used [0x00000006c0c00000,0x00000006c751f860,0x00000006ce400000)
 Metaspace       used 156661K, capacity 163302K, committed 163584K, reserved 1198080K
  class space    used 13259K, capacity 14543K, committed 14592K, reserved 1048576K
}

Deoptimization events (0 events):
No events

Internal exceptions (10 events):
Event: 9064.790 Thread 0x0000000023c8c000 Exception <a 'java/lang/ArrayIndexOutOfBoundsException'> (0x000000076cf50050) thrown at [C:\workspace\8-2-build-windows-amd64-cygwin\jdk8u65\4987\hotspot\src\share\vm\runtime\sharedRuntime.cpp, line 605]
Event: 9064.790 Thread 0x0000000023c8c000 Exception <a 'java/lang/ArrayIndexOutOfBoundsException'> (0x000000076cf53a28) thrown at [C:\workspace\8-2-build-windows-amd64-cygwin\jdk8u65\4987\hotspot\src\share\vm\runtime\sharedRuntime.cpp, line 605]
Event: 9064.793 Thread 0x0000000023c8c000 Exception <a 'java/lang/ClassNotFoundException': com/egao/common/system/entity/MenuBeanInfo> (0x000000076cfa73a0) thrown at [C:\workspace\8-2-build-windows-amd64-cygwin\jdk8u65\4987\hotspot\src\share\vm\classfile\systemDictionary.cpp, line 210]
Event: 9064.795 Thread 0x0000000023c8c000 Exception <a 'java/lang/ClassNotFoundException': com/egao/common/system/entity/MenuCustomizer> (0x000000076cfca130) thrown at [C:\workspace\8-2-build-windows-amd64-cygwin\jdk8u65\4987\hotspot\src\share\vm\classfile\systemDictionary.cpp, line 210]
Event: 9064.795 Thread 0x0000000023c8c000 Exception <a 'java/lang/ArrayIndexOutOfBoundsException'> (0x000000076cfd1838) thrown at [C:\workspace\8-2-build-windows-amd64-cygwin\jdk8u65\4987\hotspot\src\share\vm\runtime\sharedRuntime.cpp, line 605]
Event: 9064.795 Thread 0x0000000023c8c000 Exception <a 'java/lang/ArrayIndexOutOfBoundsException'> (0x000000076cfdbb68) thrown at [C:\workspace\8-2-build-windows-amd64-cygwin\jdk8u65\4987\hotspot\src\share\vm\runtime\sharedRuntime.cpp, line 605]
Event: 9065.065 Thread 0x0000000023f85000 Exception <a 'java/lang/ArrayIndexOutOfBoundsException'> (0x000000076ded41d8) thrown at [C:\workspace\8-2-build-windows-amd64-cygwin\jdk8u65\4987\hotspot\src\share\vm\runtime\sharedRuntime.cpp, line 605]
Event: 9065.075 Thread 0x0000000023f85000 Exception <a 'java/lang/ArrayIndexOutOfBoundsException'> (0x000000076e19e6a0) thrown at [C:\workspace\8-2-build-windows-amd64-cygwin\jdk8u65\4987\hotspot\src\share\vm\runtime\sharedRuntime.cpp, line 605]
Event: 9065.081 Thread 0x0000000023f85000 Exception <a 'java/lang/ArrayIndexOutOfBoundsException'> (0x000000076e40e4f8) thrown at [C:\workspace\8-2-build-windows-amd64-cygwin\jdk8u65\4987\hotspot\src\share\vm\runtime\sharedRuntime.cpp, line 605]
Event: 9065.459 Thread 0x0000000023f86800 Exception <a 'java/lang/ArrayIndexOutOfBoundsException'> (0x000000076fbab660) thrown at [C:\workspace\8-2-build-windows-amd64-cygwin\jdk8u65\4987\hotspot\src\share\vm\runtime\sharedRuntime.cpp, line 605]

Events (10 events):
Event: 9092.506 Executing VM operation: RevokeBias
Event: 9092.506 Executing VM operation: RevokeBias done
Event: 9092.506 Executing VM operation: RevokeBias
Event: 9092.506 Executing VM operation: RevokeBias done
Event: 9092.506 Executing VM operation: RevokeBias
Event: 9092.506 Executing VM operation: RevokeBias done
Event: 9092.506 Executing VM operation: RevokeBias
Event: 9092.506 Executing VM operation: RevokeBias done
Event: 9092.506 Executing VM operation: RevokeBias
Event: 9092.506 Executing VM operation: RevokeBias done


Dynamic libraries:
0x00007ff7e2d10000 - 0x00007ff7e2d47000 	D:\Program\Software\JDK\jdk1.8.0_65\bin\java.exe
0x00007ffbe4710000 - 0x00007ffbe48f1000 	C:\windows\SYSTEM32\ntdll.dll
0x00007ffbe3b00000 - 0x00007ffbe3bb2000 	C:\windows\System32\KERNEL32.DLL
0x00007ffbe0ed0000 - 0x00007ffbe1143000 	C:\windows\System32\KERNELBASE.dll
0x00007ffbe3040000 - 0x00007ffbe30e1000 	C:\windows\System32\ADVAPI32.dll
0x00007ffbe4550000 - 0x00007ffbe45ee000 	C:\windows\System32\msvcrt.dll
0x00007ffbe2fe0000 - 0x00007ffbe303b000 	C:\windows\System32\sechost.dll
0x00007ffbe39c0000 - 0x00007ffbe3ae4000 	C:\windows\System32\RPCRT4.dll
0x00007ffbe32c0000 - 0x00007ffbe3450000 	C:\windows\System32\USER32.dll
0x00007ffbe0db0000 - 0x00007ffbe0dd0000 	C:\windows\System32\win32u.dll
0x00007ffbe3bc0000 - 0x00007ffbe3be8000 	C:\windows\System32\GDI32.dll
0x00007ffbe0c10000 - 0x00007ffbe0da2000 	C:\windows\System32\gdi32full.dll
0x00007ffbe1ab0000 - 0x00007ffbe1b4f000 	C:\windows\System32\msvcp_win.dll
0x00007ffbe0dd0000 - 0x00007ffbe0eca000 	C:\windows\System32\ucrtbase.dll
0x00007ffbd2da0000 - 0x00007ffbd3009000 	C:\windows\WinSxS\amd64_microsoft.windows.common-controls_6595b64144ccf1df_6.0.17134.1_none_e4da93291059d8fb\COMCTL32.dll
0x00007ffbe3c90000 - 0x00007ffbe3fb3000 	C:\windows\System32\combase.dll
0x00007ffbe0ae0000 - 0x00007ffbe0b5a000 	C:\windows\System32\bcryptPrimitives.dll
0x00007ffbe3990000 - 0x00007ffbe39bd000 	C:\windows\System32\IMM32.DLL
0x00000000704c0000 - 0x0000000070592000 	D:\Program\Software\JDK\jdk1.8.0_65\jre\bin\msvcr100.dll
0x000000006e300000 - 0x000000006eb89000 	D:\Program\Software\JDK\jdk1.8.0_65\jre\bin\server\jvm.dll
0x00007ffbe44e0000 - 0x00007ffbe44e8000 	C:\windows\System32\PSAPI.DLL
0x00007ffbba480000 - 0x00007ffbba489000 	C:\windows\SYSTEM32\WSOCK32.dll
0x00007ffbe3470000 - 0x00007ffbe34dc000 	C:\windows\System32\WS2_32.dll
0x00007ffbded30000 - 0x00007ffbded53000 	C:\windows\SYSTEM32\WINMM.dll
0x00007ffbdb540000 - 0x00007ffbdb54a000 	C:\windows\SYSTEM32\VERSION.dll
0x00007ffbdec80000 - 0x00007ffbdecaa000 	C:\windows\SYSTEM32\WINMMBASE.dll
0x00007ffbe1b50000 - 0x00007ffbe1b99000 	C:\windows\System32\cfgmgr32.dll
0x00000000704b0000 - 0x00000000704bf000 	D:\Program\Software\JDK\jdk1.8.0_65\jre\bin\verify.dll
0x0000000070480000 - 0x00000000704a9000 	D:\Program\Software\JDK\jdk1.8.0_65\jre\bin\java.dll
0x0000000070420000 - 0x0000000070455000 	D:\Program\Software\JDK\jdk1.8.0_65\jre\bin\jdwp.dll
0x0000000070410000 - 0x0000000070418000 	D:\Program\Software\JDK\jdk1.8.0_65\jre\bin\npt.dll
0x00000000703e0000 - 0x0000000070403000 	D:\Program\Software\JDK\jdk1.8.0_65\jre\bin\instrument.dll
0x0000000070460000 - 0x0000000070476000 	D:\Program\Software\JDK\jdk1.8.0_65\jre\bin\zip.dll
0x00007ffbe1ba0000 - 0x00007ffbe2fe0000 	C:\windows\System32\SHELL32.dll
0x00007ffbe3680000 - 0x00007ffbe3729000 	C:\windows\System32\shcore.dll
0x00007ffbe1340000 - 0x00007ffbe1a4d000 	C:\windows\System32\windows.storage.dll
0x00007ffbe3930000 - 0x00007ffbe3981000 	C:\windows\System32\shlwapi.dll
0x00007ffbe0a80000 - 0x00007ffbe0a91000 	C:\windows\System32\kernel.appcore.dll
0x00007ffbe0ac0000 - 0x00007ffbe0adf000 	C:\windows\System32\profapi.dll
0x00007ffbe0a30000 - 0x00007ffbe0a7c000 	C:\windows\System32\powrprof.dll
0x00007ffbe0a20000 - 0x00007ffbe0a2a000 	C:\windows\System32\FLTLIB.DLL
0x0000000070390000 - 0x0000000070399000 	D:\Program\Software\JDK\jdk1.8.0_65\jre\bin\dt_socket.dll
0x0000000180000000 - 0x000000018008c000 	C:\windows\system32\ASProxy64.dll
0x00007ffbe3100000 - 0x00007ffbe3251000 	C:\windows\System32\ole32.dll
0x00007ffbe3fc0000 - 0x00007ffbe4082000 	C:\windows\System32\OLEAUT32.dll
0x00007ffbdffc0000 - 0x00007ffbdfff8000 	C:\windows\SYSTEM32\IPHLPAPI.DLL
0x00007ffbe0240000 - 0x00007ffbe02a6000 	C:\windows\SYSTEM32\MSWSOCK.dll
0x00007ffbe0950000 - 0x00007ffbe0980000 	C:\windows\SYSTEM32\SspiCli.dll
0x00007ffbdf0e0000 - 0x00007ffbdf178000 	C:\windows\system32\uxtheme.dll
0x0000000070380000 - 0x000000007038d000 	D:\Program\Software\JDK\jdk1.8.0_65\jre\bin\management.dll
0x00000000703c0000 - 0x00000000703da000 	D:\Program\Software\JDK\jdk1.8.0_65\jre\bin\net.dll
0x00000000703a0000 - 0x00000000703b1000 	D:\Program\Software\JDK\jdk1.8.0_65\jre\bin\nio.dll
0x00007ffbbce10000 - 0x00007ffbbce26000 	C:\windows\system32\napinsp.dll
0x00007ffbbcdf0000 - 0x00007ffbbce0a000 	C:\windows\system32\pnrpnsp.dll
0x00007ffbdd3b0000 - 0x00007ffbdd3c9000 	C:\windows\system32\NLAapi.dll
0x00007ffbe0000000 - 0x00007ffbe00be000 	C:\windows\SYSTEM32\DNSAPI.dll
0x00007ffbe3af0000 - 0x00007ffbe3af8000 	C:\windows\System32\NSI.dll
0x00007ffbbdfc0000 - 0x00007ffbbdfce000 	C:\windows\System32\winrnr.dll
0x00007ffbda480000 - 0x00007ffbda495000 	C:\windows\System32\wshbth.dll
0x00007ffbd6cc0000 - 0x00007ffbd6cca000 	C:\Windows\System32\rasadhlp.dll
0x00007ffbd74f0000 - 0x00007ffbd7562000 	C:\windows\System32\fwpuclnt.dll
0x00007ffbe0520000 - 0x00007ffbe0545000 	C:\windows\SYSTEM32\bcrypt.dll
0x00007ffbe0400000 - 0x00007ffbe0417000 	C:\windows\SYSTEM32\CRYPTSP.dll
0x00007ffbdfe20000 - 0x00007ffbdfe53000 	C:\windows\system32\rsaenh.dll
0x00007ffbe0920000 - 0x00007ffbe0948000 	C:\windows\SYSTEM32\USERENV.dll
0x00007ffbe03f0000 - 0x00007ffbe03fb000 	C:\windows\SYSTEM32\CRYPTBASE.dll
0x00007ffbd9fa0000 - 0x00007ffbd9fb6000 	C:\windows\SYSTEM32\dhcpcsvc6.DLL
0x00007ffbdb510000 - 0x00007ffbdb52a000 	C:\windows\SYSTEM32\dhcpcsvc.DLL
0x0000000070350000 - 0x0000000070374000 	D:\Program\Software\JDK\jdk1.8.0_65\jre\bin\sunec.dll
0x00007ffbcb050000 - 0x00007ffbcb219000 	C:\windows\SYSTEM32\dbghelp.dll

VM Arguments:
jvm_args: -agentlib:jdwp=transport=dt_socket,address=127.0.0.1:64066,suspend=y,server=n -XX:TieredStopAtLevel=1 -Xverify:none -Dspring.output.ansi.enabled=always -Dcom.sun.management.jmxremote -Dcom.sun.management.jmxremote.port=64065 -Dcom.sun.management.jmxremote.authenticate=false -Dcom.sun.management.jmxremote.ssl=false -Djava.rmi.server.hostname=localhost -Dspring.liveBeansView.mbeanDomain -Dspring.application.admin.enabled=true -javaagent:D:\Program\Software\IDEA\IDEA2018.2.4\lib\rt\debugger-agent.jar=file:/C:/Users/Administrator/AppData/Local/Temp/capture.props -Dfile.encoding=UTF-8 
java_command: com.egao.EasyWebApplication
java_class_path (initial): D:\Program\Software\JDK\jdk1.8.0_65\jre\lib\charsets.jar;D:\Program\Software\JDK\jdk1.8.0_65\jre\lib\deploy.jar;D:\Program\Software\JDK\jdk1.8.0_65\jre\lib\ext\access-bridge-64.jar;D:\Program\Software\JDK\jdk1.8.0_65\jre\lib\ext\cldrdata.jar;D:\Program\Software\JDK\jdk1.8.0_65\jre\lib\ext\dnsns.jar;D:\Program\Software\JDK\jdk1.8.0_65\jre\lib\ext\jaccess.jar;D:\Program\Software\JDK\jdk1.8.0_65\jre\lib\ext\jfxrt.jar;D:\Program\Software\JDK\jdk1.8.0_65\jre\lib\ext\localedata.jar;D:\Program\Software\JDK\jdk1.8.0_65\jre\lib\ext\nashorn.jar;D:\Program\Software\JDK\jdk1.8.0_65\jre\lib\ext\sunec.jar;D:\Program\Software\JDK\jdk1.8.0_65\jre\lib\ext\sunjce_provider.jar;D:\Program\Software\JDK\jdk1.8.0_65\jre\lib\ext\sunmscapi.jar;D:\Program\Software\JDK\jdk1.8.0_65\jre\lib\ext\sunpkcs11.jar;D:\Program\Software\JDK\jdk1.8.0_65\jre\lib\ext\zipfs.jar;D:\Program\Software\JDK\jdk1.8.0_65\jre\lib\javaws.jar;D:\Program\Software\JDK\jdk1.8.0_65\jre\lib\jce.jar;D:\Program\Software\JDK\jdk1.8.0_65\jre\lib\jfr.jar;D:\Program\Software\JDK\jdk1.8.0_65\jre\lib\jfxswt.jar;D:\Program\Software\JDK\jdk1.8.0_65\jre\lib\jsse.jar;D:\Program\Software\JDK\jdk1.8.0_65\jre\lib\management-agent.jar;D:\Program\Software\JDK\jdk1.8.0_65\jre\lib\plugin.jar;D:\Program\Software\JDK\jdk1.8.0_65\jre\lib\resources.jar;D:\Program\Software\JDK\jdk1.8.0_65\jre\lib\rt.jar;F:\Program\WorkspaceI\easyweb-shiro\target\classes;C:\Users\Administrator\.m2\repository\org\springframework\boot\spring-boot-devtools\2.2.2.RELEASE\spring-boot-devtools-2.2.2.RELEASE.jar;C:\Users\Administrator\.m2\repository\org\springframework\boot\spring-boot\2.2.2.RELEASE\spring-boot-2.2.2.RELEASE.jar;C:\Users\Administrator\.m2\repository\org\springframework\boot\spring-boot-autoconfigure\2.2.2.RELEASE\spring-boot-autoconfigure-2.2.2.RELEASE.jar;C:\Users\Administrator\.m2\repository\org\springframework\boot\spring-boot-starter\2.2.2.RELEASE\spring-boot-starter-2.2.2.RELEASE.jar;C:\Users\Administrator\.m2\repository
Launcher Type: SUN_STANDARD

Environment Variables:
JAVA_HOME=D:\Program\Software\JDK\jdk1.8.0_65
CLASSPATH=.;D:\Program\Software\JDK\jdk1.8.0_65\lib;D:\Program\Software\JDK\jdk1.8.0_65\lib\tools.jar
PATH=D:\Program\Software\JDK\jdk1.8.0_65\bin;C:\windows\system32\;C:\windows;C:\windows\System32\Wbem;C:\windows\System32\WindowsPowerShell\v1.0\;C:\windows\System32\OpenSSH\;D:\Program\Software\MySQL5.5.4\bin;D:\Program\Software\MySQL\bin;D:\Program\Software\apache-maven-3.3.9\bin;C:\windows\system33;D:\Program\Software\TortoiseSVN\Install\bin;F:\Program\Software\Anaconda\Anaconda3\Scripts;F:\Program\Software\Gradle\gradle-4.7\bin;F:\Program\Software\python-2.7.16\Python27\;F:\Program\Software\Git\cmd;F:\Software\Gpg4win\..\GnuPG\bin;C:\Users\Administrator\AppData\Local\Microsoft\WindowsApps;;F:\Program\Software\PyCharm\PyCharm Community Edition 2019.2.3\bin;
USERNAME=Administrator
OS=Windows_NT
PROCESSOR_IDENTIFIER=Intel64 Family 6 Model 158 Stepping 10, GenuineIntel



---------------  S Y S T E M  ---------------

OS: Windows 10.0 , 64 bit Build 17134 (10.0.17134.1)

CPU:total 6 (6 cores per cpu, 1 threads per core) family 6 model 158 stepping 10, cmov, cx8, fxsr, mmx, sse, sse2, sse3, ssse3, sse4.1, sse4.2, popcnt, avx, avx2, aes, clmul, erms, 3dnowpref, lzcnt, tsc, tscinvbit, bmi1, bmi2, adx

Memory: 4k page, physical 16723468k(5340004k free), swap 18299744k(3221260k free)

vm_info: Java HotSpot(TM) 64-Bit Server VM (25.65-b01) for windows-amd64 JRE (1.8.0_65-b17), built on Oct  6 2015 16:39:20 by "java_re" with MS VC++ 10.0 (VS2010)

time: Mon Nov 16 17:10:59 2020
elapsed time: 9120 seconds (0d 2h 32m 0s)

