#
# A fatal error has been detected by the Java Runtime Environment:
#
#  EXCEPTION_ACCESS_VIOLATION (0xc0000005) at pc=0x00000000553c3b43, pid=13724, tid=592
#
# JRE version: Java(TM) SE Runtime Environment (8.0_65-b17) (build 1.8.0_65-b17)
# Java VM: Java HotSpot(TM) 64-Bit Server VM (25.65-b01 mixed mode windows-amd64 compressed oops)
# Problematic frame:
# V  [jvm.dll+0x1c3b43]
#
# Failed to write core dump. Minidumps are not enabled by default on client versions of Windows
#
# If you would like to submit a bug report, please visit:
#   http://bugreport.java.com/bugreport/crash.jsp
#

---------------  T H R E A D  ---------------

Current thread (0x000000001cbae800):  JavaThread "JDWP Transport Listener: dt_socket" daemon [_thread_in_vm, id=592, stack(0x000000001eb20000,0x000000001ec20000)]

siginfo: ExceptionCode=0xc0000005, reading address 0x0000000000000020

Registers:
RAX=0x000000003580a390, RBX=0x000000000000000c, RCX=0x0000000000000000, RDX=0x0000000000000000
RSP=0x000000001ec1e980, RBP=0x000000001ec1ea80, RSI=0x000000001cbae800, RDI=0x000000003229d3a8
R8 =0x000000000000000c, R9 =0x0000000000000000, R10=0x0000000000000003, R11=0x0000000000000000
R12=0x000000002d07c8a0, R13=0x0000000000007eff, R14=0x000000002d07e808, R15=0x000000003229d3a0
RIP=0x00000000553c3b43, EFLAGS=0x0000000000010293

Top of Stack: (sp=0x000000001ec1e980)
0x000000001ec1e980:   0000000000000007 000000002d50ece8
0x000000001ec1e990:   0000000000000000 ffffffff05010000
0x000000001ec1e9a0:   00000000944d3e00 0000000000000000
0x000000001ec1e9b0:   0000000700000000 0000000000000000
0x000000001ec1e9c0:   000000000000000c 000000003229d3a8
0x000000001ec1e9d0:   000000000000000c 000000000000000c
0x000000001ec1e9e0:   0000000030c40290 0000000000000000
0x000000001ec1e9f0:   000000001cbae800 000000003229d3a0
0x000000001ec1ea00:   000000002d50ece8 0000000035800428
0x000000001ec1ea10:   000000001cbae800 0000000700000007
0x000000001ec1ea20:   516251cc0000002a 5949c46981618529
0x000000001ec1ea30:   0000000000000000 0000000000000000
0x000000001ec1ea40:   000000002d07b658 0000000035808620
0x000000001ec1ea50:   000000001cbae800 0000000700000007
0x000000001ec1ea60:   000000000000002a 0000000000000000
0x000000001ec1ea70:   0000000000000000 0000000000000000 

Instructions: (pc=0x00000000553c3b43)
0x00000000553c3b23:   8b 30 4c 3b cb 7c 0d b8 02 00 00 00 44 8b d0 e9
0x00000000553c3b33:   5e 01 00 00 4d 8b 27 49 8b 4e 08 49 8b 44 24 08
0x00000000553c3b43:   0f b7 51 20 48 8b 49 08 44 0f b7 40 20 48 8b 40
0x00000000553c3b53:   08 4a 8b 44 c0 50 48 39 44 d1 50 49 8b 44 24 08 


Register to memory mapping:

RAX=0x000000003580a390 is pointing into metadata
RBX=0x000000000000000c is an unknown value
RCX=0x0000000000000000 is an unknown value
RDX=0x0000000000000000 is an unknown value
RSP=0x000000001ec1e980 is pointing into the stack for thread: 0x000000001cbae800
RBP=0x000000001ec1ea80 is pointing into the stack for thread: 0x000000001cbae800
RSI=0x000000001cbae800 is a thread
RDI=0x000000003229d3a8 is pointing into metadata
R8 =0x000000000000000c is an unknown value
R9 =0x0000000000000000 is an unknown value
R10=0x0000000000000003 is an unknown value
R11=0x0000000000000000 is an unknown value
R12={method} {0x000000002d07c8a8} '<init>' '()V' in 'com/egao/common/system/controller/CardController'
R13=0x0000000000007eff is an unknown value
R14=0x000000002d07e808 is pointing into metadata
R15=0x000000003229d3a0 is pointing into metadata


Stack: [0x000000001eb20000,0x000000001ec20000],  sp=0x000000001ec1e980,  free space=1018k
Native frames: (J=compiled Java code, j=interpreted, Vv=VM code, C=native code)
V  [jvm.dll+0x1c3b43]
V  [jvm.dll+0x1caec7]
V  [jvm.dll+0x1cb8f2]
V  [jvm.dll+0x248430]
V  [jvm.dll+0x1a25a1]
V  [jvm.dll+0x3453e4]
C  [jdwp.dll+0x9e6b]
C  [jdwp.dll+0xf0a8]
C  [jdwp.dll+0x1f2d5]
C  [jdwp.dll+0x1f4aa]
V  [jvm.dll+0x1bb8f8]
V  [jvm.dll+0x243144]
V  [jvm.dll+0x299f7a]
C  [msvcr100.dll+0x21d9f]
C  [msvcr100.dll+0x21e3b]
C  [KERNEL32.DLL+0x13034]
C  [ntdll.dll+0x71551]


---------------  P R O C E S S  ---------------

Java Threads: ( => current thread )
  0x0000000020f0c000 JavaThread "Thread-268" [_thread_blocked, id=10596, stack(0x000000003a710000,0x000000003a810000)]
  0x0000000020f00000 JavaThread "http-nio-8888-Acceptor" daemon [_thread_blocked, id=16476, stack(0x0000000039110000,0x0000000039210000)]
  0x0000000020eff800 JavaThread "http-nio-8888-ClientPoller" daemon [_thread_in_native, id=6924, stack(0x0000000039010000,0x0000000039110000)]
  0x0000000020f05800 JavaThread "http-nio-8888-exec-10" daemon [_thread_blocked, id=16544, stack(0x0000000038f10000,0x0000000039010000)]
  0x0000000020efe000 JavaThread "http-nio-8888-exec-9" daemon [_thread_blocked, id=4424, stack(0x0000000038e10000,0x0000000038f10000)]
  0x0000000020f04800 JavaThread "http-nio-8888-exec-8" daemon [_thread_blocked, id=2188, stack(0x0000000038d10000,0x0000000038e10000)]
  0x0000000020f04000 JavaThread "http-nio-8888-exec-7" daemon [_thread_blocked, id=16556, stack(0x0000000038c10000,0x0000000038d10000)]
  0x0000000020f03000 JavaThread "http-nio-8888-exec-6" daemon [_thread_blocked, id=11624, stack(0x0000000038b10000,0x0000000038c10000)]
  0x0000000023c93000 JavaThread "http-nio-8888-exec-5" daemon [_thread_blocked, id=2064, stack(0x0000000038a10000,0x0000000038b10000)]
  0x0000000023c92800 JavaThread "http-nio-8888-exec-4" daemon [_thread_blocked, id=18052, stack(0x0000000038910000,0x0000000038a10000)]
  0x0000000023c96000 JavaThread "http-nio-8888-exec-3" daemon [_thread_blocked, id=8456, stack(0x0000000038810000,0x0000000038910000)]
  0x0000000023c91800 JavaThread "http-nio-8888-exec-2" daemon [_thread_blocked, id=16788, stack(0x0000000038710000,0x0000000038810000)]
  0x0000000023c95800 JavaThread "http-nio-8888-exec-1" daemon [_thread_blocked, id=8536, stack(0x0000000038610000,0x0000000038710000)]
  0x0000000023c94000 JavaThread "http-nio-8888-BlockPoller" daemon [_thread_in_native, id=18180, stack(0x0000000038510000,0x0000000038610000)]
  0x0000000023c8e000 JavaThread "container-0" [_thread_blocked, id=16836, stack(0x0000000037b10000,0x0000000037c10000)]
  0x0000000023c8d000 JavaThread "Catalina-utility-2" [_thread_blocked, id=7532, stack(0x0000000037a10000,0x0000000037b10000)]
  0x0000000023c8b800 JavaThread "Catalina-utility-1" [_thread_blocked, id=8832, stack(0x0000000037910000,0x0000000037a10000)]
  0x0000000020f0b800 JavaThread "DestroyJavaVM" [_thread_blocked, id=11532, stack(0x0000000002ed0000,0x0000000002fd0000)]
  0x0000000020f02800 JavaThread "Live Reload Server" daemon [_thread_in_native, id=16500, stack(0x0000000025e70000,0x0000000025f70000)]
  0x0000000020da2000 JavaThread "mysql-cj-abandoned-connection-cleanup" daemon [_thread_blocked, id=12296, stack(0x0000000024770000,0x0000000024870000)]
  0x0000000020ca5800 JavaThread "shiro-active%0053ession%0043ache.data" [_thread_blocked, id=16732, stack(0x0000000022aa0000,0x0000000022ba0000)]
  0x0000000020ca4800 JavaThread "shirocache" daemon [_thread_blocked, id=11348, stack(0x00000000229a0000,0x0000000022aa0000)]
  0x00000000201d2800 JavaThread "RMI Scheduler(0)" daemon [_thread_blocked, id=9988, stack(0x00000000218a0000,0x00000000219a0000)]
  0x000000001f2b5000 JavaThread "RMI TCP Accept-0" daemon [_thread_in_native, id=14368, stack(0x000000001fc20000,0x000000001fd20000)]
  0x000000001f28d800 JavaThread "RMI TCP Accept-51675" daemon [_thread_in_native, id=5284, stack(0x000000001fb20000,0x000000001fc20000)]
  0x000000001f282800 JavaThread "RMI TCP Accept-0" daemon [_thread_in_native, id=16584, stack(0x000000001fa20000,0x000000001fb20000)]
  0x000000001f115000 JavaThread "Service Thread" daemon [_thread_blocked, id=9984, stack(0x000000001f920000,0x000000001fa20000)]
  0x000000001f08c800 JavaThread "C1 CompilerThread2" daemon [_thread_blocked, id=10020, stack(0x000000001f820000,0x000000001f920000)]
  0x000000001f08a000 JavaThread "C2 CompilerThread1" daemon [_thread_blocked, id=16600, stack(0x000000001f720000,0x000000001f820000)]
  0x000000001f087000 JavaThread "C2 CompilerThread0" daemon [_thread_blocked, id=7420, stack(0x000000001f620000,0x000000001f720000)]
  0x000000001e583800 JavaThread "JDWP Command Reader" daemon [_thread_in_native, id=16828, stack(0x000000001ed20000,0x000000001ee20000)]
  0x000000001e580000 JavaThread "JDWP Event Helper Thread" daemon [_thread_blocked, id=16616, stack(0x000000001ec20000,0x000000001ed20000)]
=>0x000000001cbae800 JavaThread "JDWP Transport Listener: dt_socket" daemon [_thread_in_vm, id=592, stack(0x000000001eb20000,0x000000001ec20000)]
  0x000000001e52a000 JavaThread "Attach Listener" daemon [_thread_blocked, id=17132, stack(0x000000001ea20000,0x000000001eb20000)]
  0x000000001e529800 JavaThread "Signal Dispatcher" daemon [_thread_blocked, id=16840, stack(0x000000001e920000,0x000000001ea20000)]
  0x00000000030fa800 JavaThread "Finalizer" daemon [_thread_blocked, id=10632, stack(0x000000001e420000,0x000000001e520000)]
  0x00000000030f9000 JavaThread "Reference Handler" daemon [_thread_blocked, id=8936, stack(0x000000001e320000,0x000000001e420000)]

Other Threads:
  0x000000001cb58000 VMThread [stack: 0x000000001e220000,0x000000001e320000] [id=5640]
  0x000000001f2cd000 WatcherThread [stack: 0x000000001fd20000,0x000000001fe20000] [id=13104]

VM state:synchronizing (normal execution)

VM Mutex/Monitor currently owned by a thread:  ([mutex/lock_event])
[0x00000000030013d0] Threads_lock - owner thread: 0x000000001cb58000

Heap:
 PSYoungGen      total 705536K, used 151030K [0x000000076af00000, 0x0000000798a00000, 0x00000007c0000000)
  eden space 699392K, 21% used [0x000000076af00000,0x000000077427dad0,0x0000000795a00000)
  from space 6144K, 0% used [0x0000000795a00000,0x0000000795a00000,0x0000000796000000)
  to   space 24576K, 0% used [0x0000000797200000,0x0000000797200000,0x0000000798a00000)
 ParOldGen       total 325632K, used 233642K [0x00000006c0c00000, 0x00000006d4a00000, 0x000000076af00000)
  object space 325632K, 71% used [0x00000006c0c00000,0x00000006cf02a928,0x00000006d4a00000)
 Metaspace       used 316997K, capacity 326034K, committed 326396K, reserved 1351680K
  class space    used 21801K, capacity 23733K, committed 23808K, reserved 1048576K

Card table byte_map: [0x00000000126b0000,0x0000000012eb0000] byte_map_base: 0x000000000f0aa000

Marking Bits: (ParMarkBitMap*) 0x0000000055a0a5b0
 Begin Bits: [0x0000000013a10000, 0x00000000179e0000)
 End Bits:   [0x00000000179e0000, 0x000000001b9b0000)

Polling page: 0x0000000000db0000

CodeCache: size=245760Kb used=32256Kb max_used=32256Kb free=213504Kb
 bounds [0x00000000032f0000, 0x0000000005280000, 0x00000000122f0000]
 total_blobs=15968 nmethods=15392 adapters=494
 compilation: enabled

Compilation events (10 events):
Event: 18837.543 Thread 0x000000001f08c800 15602       1       jxl.format.UnderlineStyle::getValue (5 bytes)
Event: 18837.543 Thread 0x000000001f08c800 nmethod 15602 0x0000000005271950 code [0x0000000005271aa0, 0x0000000005271bb0]
Event: 18837.543 Thread 0x000000001f08c800 15603       1       jxl.format.ScriptStyle::getValue (5 bytes)
Event: 18837.543 Thread 0x000000001f08c800 nmethod 15603 0x0000000005271c10 code [0x0000000005271d60, 0x0000000005271e70]
Event: 18861.223 Thread 0x000000001f08c800 15604       1       java.util.concurrent.atomic.AtomicReferenceFieldUpdater$AtomicReferenceFieldUpdaterImpl::getAndSet (63 bytes)
Event: 18861.224 Thread 0x000000001f08c800 nmethod 15604 0x0000000005271ed0 code [0x0000000005272040, 0x0000000005272228]
Event: 18861.224 Thread 0x000000001f08c800 15605       1       java.util.concurrent.atomic.AtomicReferenceFieldUpdater$AtomicReferenceFieldUpdaterImpl::updateCheck (54 bytes)
Event: 18861.224 Thread 0x000000001f08c800 nmethod 15605 0x0000000005272310 code [0x00000000052724a0, 0x00000000052726f8]
Event: 18899.631 Thread 0x000000001f08c800 15606       1       com.sun.jmx.interceptor.DefaultMBeanServerInterceptor::checkMBeanPermission (21 bytes)
Event: 18899.631 Thread 0x000000001f08c800 nmethod 15606 0x0000000005272850 code [0x0000000005272a00, 0x0000000005272d58]

GC Heap History (10 events):
Event: 18205.967 GC heap before
{Heap before GC invocations=200 (full 69):
 PSYoungGen      total 723456K, used 18269K [0x000000076af00000, 0x0000000798c00000, 0x00000007c0000000)
  eden space 699392K, 0% used [0x000000076af00000,0x000000076af00000,0x0000000795a00000)
  from space 24064K, 75% used [0x0000000795a00000,0x0000000796bd77e0,0x0000000797180000)
  to   space 25600K, 0% used [0x0000000797300000,0x0000000797300000,0x0000000798c00000)
 ParOldGen       total 325632K, used 221440K [0x00000006c0c00000, 0x00000006d4a00000, 0x000000076af00000)
  object space 325632K, 68% used [0x00000006c0c00000,0x00000006ce440328,0x00000006d4a00000)
 Metaspace       used 315149K, capacity 324334K, committed 324476K, reserved 1349632K
  class space    used 21695K, capacity 23653K, committed 23680K, reserved 1048576K
Event: 18206.383 GC heap after
Heap after GC invocations=200 (full 69):
 PSYoungGen      total 723456K, used 0K [0x000000076af00000, 0x0000000798c00000, 0x00000007c0000000)
  eden space 699392K, 0% used [0x000000076af00000,0x000000076af00000,0x0000000795a00000)
  from space 24064K, 0% used [0x0000000795a00000,0x0000000795a00000,0x0000000797180000)
  to   space 25600K, 0% used [0x0000000797300000,0x0000000797300000,0x0000000798c00000)
 ParOldGen       total 325632K, used 233852K [0x00000006c0c00000, 0x00000006d4a00000, 0x000000076af00000)
  object space 325632K, 71% used [0x00000006c0c00000,0x00000006cf05f1e0,0x00000006d4a00000)
 Metaspace       used 314682K, capacity 323590K, committed 324476K, reserved 1349632K
  class space    used 21627K, capacity 23528K, committed 23680K, reserved 1048576K
}
Event: 18439.252 GC heap before
{Heap before GC invocations=201 (full 69):
 PSYoungGen      total 723456K, used 512278K [0x000000076af00000, 0x0000000798c00000, 0x00000007c0000000)
  eden space 699392K, 73% used [0x000000076af00000,0x000000078a345950,0x0000000795a00000)
  from space 24064K, 0% used [0x0000000795a00000,0x0000000795a00000,0x0000000797180000)
  to   space 25600K, 0% used [0x0000000797300000,0x0000000797300000,0x0000000798c00000)
 ParOldGen       total 325632K, used 233852K [0x00000006c0c00000, 0x00000006d4a00000, 0x000000076af00000)
  object space 325632K, 71% used [0x00000006c0c00000,0x00000006cf05f1e0,0x00000006d4a00000)
 Metaspace       used 316328K, capacity 325510K, committed 326140K, reserved 1351680K
  class space    used 21763K, capacity 23699K, committed 23808K, reserved 1048576K
Event: 18439.257 GC heap after
Heap after GC invocations=201 (full 69):
 PSYoungGen      total 723968K, used 8583K [0x000000076af00000, 0x0000000798b00000, 0x00000007c0000000)
  eden space 699392K, 0% used [0x000000076af00000,0x000000076af00000,0x0000000795a00000)
  from space 24576K, 34% used [0x0000000797300000,0x0000000797b61df0,0x0000000798b00000)
  to   space 25088K, 0% used [0x0000000795a00000,0x0000000795a00000,0x0000000797280000)
 ParOldGen       total 325632K, used 233860K [0x00000006c0c00000, 0x00000006d4a00000, 0x000000076af00000)
  object space 325632K, 71% used [0x00000006c0c00000,0x00000006cf0611e0,0x00000006d4a00000)
 Metaspace       used 316328K, capacity 325510K, committed 326140K, reserved 1351680K
  class space    used 21763K, capacity 23699K, committed 23808K, reserved 1048576K
}
Event: 18439.257 GC heap before
{Heap before GC invocations=202 (full 70):
 PSYoungGen      total 723968K, used 8583K [0x000000076af00000, 0x0000000798b00000, 0x00000007c0000000)
  eden space 699392K, 0% used [0x000000076af00000,0x000000076af00000,0x0000000795a00000)
  from space 24576K, 34% used [0x0000000797300000,0x0000000797b61df0,0x0000000798b00000)
  to   space 25088K, 0% used [0x0000000795a00000,0x0000000795a00000,0x0000000797280000)
 ParOldGen       total 325632K, used 233860K [0x00000006c0c00000, 0x00000006d4a00000, 0x000000076af00000)
  object space 325632K, 71% used [0x00000006c0c00000,0x00000006cf0611e0,0x00000006d4a00000)
 Metaspace       used 316328K, capacity 325510K, committed 326140K, reserved 1351680K
  class space    used 21763K, capacity 23699K, committed 23808K, reserved 1048576K
Event: 18440.227 GC heap after
Heap after GC invocations=202 (full 70):
 PSYoungGen      total 723968K, used 0K [0x000000076af00000, 0x0000000798b00000, 0x00000007c0000000)
  eden space 699392K, 0% used [0x000000076af00000,0x000000076af00000,0x0000000795a00000)
  from space 24576K, 0% used [0x0000000797300000,0x0000000797300000,0x0000000798b00000)
  to   space 25088K, 0% used [0x0000000795a00000,0x0000000795a00000,0x0000000797280000)
 ParOldGen       total 325632K, used 236825K [0x00000006c0c00000, 0x00000006d4a00000, 0x000000076af00000)
  object space 325632K, 72% used [0x00000006c0c00000,0x00000006cf346680,0x00000006d4a00000)
 Metaspace       used 316320K, capacity 325498K, committed 326140K, reserved 1351680K
  class space    used 21762K, capacity 23697K, committed 23808K, reserved 1048576K
}
Event: 18814.117 GC heap before
{Heap before GC invocations=203 (full 70):
 PSYoungGen      total 723968K, used 635135K [0x000000076af00000, 0x0000000798b00000, 0x00000007c0000000)
  eden space 699392K, 90% used [0x000000076af00000,0x0000000791b3fde0,0x0000000795a00000)
  from space 24576K, 0% used [0x0000000797300000,0x0000000797300000,0x0000000798b00000)
  to   space 25088K, 0% used [0x0000000795a00000,0x0000000795a00000,0x0000000797280000)
 ParOldGen       total 325632K, used 236825K [0x00000006c0c00000, 0x00000006d4a00000, 0x000000076af00000)
  object space 325632K, 72% used [0x00000006c0c00000,0x00000006cf346680,0x00000006d4a00000)
 Metaspace       used 316512K, capacity 325890K, committed 326140K, reserved 1351680K
  class space    used 21791K, capacity 23741K, committed 23808K, reserved 1048576K
Event: 18814.123 GC heap after
Heap after GC invocations=203 (full 70):
 PSYoungGen      total 705536K, used 5856K [0x000000076af00000, 0x0000000798a00000, 0x00000007c0000000)
  eden space 699392K, 0% used [0x000000076af00000,0x000000076af00000,0x0000000795a00000)
  from space 6144K, 95% used [0x0000000795a00000,0x0000000795fb8010,0x0000000796000000)
  to   space 24576K, 0% used [0x0000000797200000,0x0000000797200000,0x0000000798a00000)
 ParOldGen       total 325632K, used 236833K [0x00000006c0c00000, 0x00000006d4a00000, 0x000000076af00000)
  object space 325632K, 72% used [0x00000006c0c00000,0x00000006cf348680,0x00000006d4a00000)
 Metaspace       used 316512K, capacity 325890K, committed 326140K, reserved 1351680K
  class space    used 21791K, capacity 23741K, committed 23808K, reserved 1048576K
}
Event: 18814.123 GC heap before
{Heap before GC invocations=204 (full 71):
 PSYoungGen      total 705536K, used 5856K [0x000000076af00000, 0x0000000798a00000, 0x00000007c0000000)
  eden space 699392K, 0% used [0x000000076af00000,0x000000076af00000,0x0000000795a00000)
  from space 6144K, 95% used [0x0000000795a00000,0x0000000795fb8010,0x0000000796000000)
  to   space 24576K, 0% used [0x0000000797200000,0x0000000797200000,0x0000000798a00000)
 ParOldGen       total 325632K, used 236833K [0x00000006c0c00000, 0x00000006d4a00000, 0x000000076af00000)
  object space 325632K, 72% used [0x00000006c0c00000,0x00000006cf348680,0x00000006d4a00000)
 Metaspace       used 316512K, capacity 325890K, committed 326140K, reserved 1351680K
  class space    used 21791K, capacity 23741K, committed 23808K, reserved 1048576K
Event: 18814.752 GC heap after
Heap after GC invocations=204 (full 71):
 PSYoungGen      total 705536K, used 0K [0x000000076af00000, 0x0000000798a00000, 0x00000007c0000000)
  eden space 699392K, 0% used [0x000000076af00000,0x000000076af00000,0x0000000795a00000)
  from space 6144K, 0% used [0x0000000795a00000,0x0000000795a00000,0x0000000796000000)
  to   space 24576K, 0% used [0x0000000797200000,0x0000000797200000,0x0000000798a00000)
 ParOldGen       total 325632K, used 233642K [0x00000006c0c00000, 0x00000006d4a00000, 0x000000076af00000)
  object space 325632K, 71% used [0x00000006c0c00000,0x00000006cf02a928,0x00000006d4a00000)
 Metaspace       used 316481K, capacity 325842K, committed 326140K, reserved 1351680K
  class space    used 21786K, capacity 23733K, committed 23808K, reserved 1048576K
}

Deoptimization events (0 events):
No events

Internal exceptions (10 events):
Event: 18246.758 Thread 0x0000000023c92800 Exception <a 'java/lang/ClassNotFoundException': com/egao/common/system/entity/MenuCustomizer> (0x0000000773c2d550) thrown at [C:\workspace\8-2-build-windows-amd64-cygwin\jdk8u65\4987\hotspot\src\share\vm\classfile\systemDictionary.cpp, line 210]
Event: 18246.758 Thread 0x0000000023c92800 Exception <a 'java/lang/ArrayIndexOutOfBoundsException'> (0x0000000773c36a48) thrown at [C:\workspace\8-2-build-windows-amd64-cygwin\jdk8u65\4987\hotspot\src\share\vm\runtime\sharedRuntime.cpp, line 605]
Event: 18246.758 Thread 0x0000000023c92800 Exception <a 'java/lang/ArrayIndexOutOfBoundsException'> (0x0000000773c3a580) thrown at [C:\workspace\8-2-build-windows-amd64-cygwin\jdk8u65\4987\hotspot\src\share\vm\runtime\sharedRuntime.cpp, line 605]
Event: 18246.907 Thread 0x0000000020f04000 Exception <a 'java/lang/ArrayIndexOutOfBoundsException'> (0x0000000773ef5470) thrown at [C:\workspace\8-2-build-windows-amd64-cygwin\jdk8u65\4987\hotspot\src\share\vm\runtime\sharedRuntime.cpp, line 605]
Event: 18247.306 Thread 0x0000000023c92800 Exception <a 'java/lang/ArrayIndexOutOfBoundsException'> (0x0000000774fb1580) thrown at [C:\workspace\8-2-build-windows-amd64-cygwin\jdk8u65\4987\hotspot\src\share\vm\runtime\sharedRuntime.cpp, line 605]
Event: 18500.433 Thread 0x0000000023c95800 Exception <a 'java/lang/ArrayIndexOutOfBoundsException'> (0x00000007708566f8) thrown at [C:\workspace\8-2-build-windows-amd64-cygwin\jdk8u65\4987\hotspot\src\share\vm\runtime\sharedRuntime.cpp, line 605]
Event: 18500.494 Thread 0x0000000023c95800 Exception <a 'java/lang/ArrayIndexOutOfBoundsException'> (0x0000000770bbfd48) thrown at [C:\workspace\8-2-build-windows-amd64-cygwin\jdk8u65\4987\hotspot\src\share\vm\runtime\sharedRuntime.cpp, line 605]
Event: 18733.951 Thread 0x0000000023c92800 Exception <a 'java/lang/ArrayIndexOutOfBoundsException'> (0x000000077e1d0208) thrown at [C:\workspace\8-2-build-windows-amd64-cygwin\jdk8u65\4987\hotspot\src\share\vm\runtime\sharedRuntime.cpp, line 605]
Event: 18734.017 Thread 0x0000000023c92800 Exception <a 'java/lang/ArrayIndexOutOfBoundsException'> (0x0000000787a0b8e0) thrown at [C:\workspace\8-2-build-windows-amd64-cygwin\jdk8u65\4987\hotspot\src\share\vm\runtime\sharedRuntime.cpp, line 605]
Event: 18899.487 Thread 0x0000000023c87000 Exception <a 'java/lang/InterruptedException': sleep interrupted> (0x0000000774100ab8) thrown at [C:\workspace\8-2-build-windows-amd64-cygwin\jdk8u65\4987\hotspot\src\share\vm\prims\jvm.cpp, line 3215]

Events (10 events):
Event: 18900.413 Executing VM operation: RevokeBias done
Event: 18900.413 Executing VM operation: RevokeBias
Event: 18900.413 Executing VM operation: RevokeBias done
Event: 18900.413 Executing VM operation: RevokeBias
Event: 18900.413 Executing VM operation: RevokeBias done
Event: 18900.414 Executing VM operation: RevokeBias
Event: 18900.482 Executing VM operation: RevokeBias done
Event: 18900.482 Executing VM operation: RevokeBias
Event: 18900.482 Executing VM operation: RevokeBias done
Event: 18900.484 Executing VM operation: RevokeBias


Dynamic libraries:
0x00007ff6a7960000 - 0x00007ff6a7997000 	D:\Program\Software\JDK\jdk1.8.0_65\bin\java.exe
0x00007fff07e50000 - 0x00007fff08031000 	C:\windows\SYSTEM32\ntdll.dll
0x00007fff062c0000 - 0x00007fff06372000 	C:\windows\System32\KERNEL32.DLL
0x00007fff05060000 - 0x00007fff052d3000 	C:\windows\System32\KERNELBASE.dll
0x00007fff05300000 - 0x00007fff053a1000 	C:\windows\System32\ADVAPI32.dll
0x00007fff05b50000 - 0x00007fff05bee000 	C:\windows\System32\msvcrt.dll
0x00007fff05a00000 - 0x00007fff05a5b000 	C:\windows\System32\sechost.dll
0x00007fff06000000 - 0x00007fff06124000 	C:\windows\System32\RPCRT4.dll
0x00007fff07c90000 - 0x00007fff07e20000 	C:\windows\System32\USER32.dll
0x00007fff04ca0000 - 0x00007fff04cc0000 	C:\windows\System32\win32u.dll
0x00007fff06620000 - 0x00007fff06648000 	C:\windows\System32\GDI32.dll
0x00007fff04b00000 - 0x00007fff04c92000 	C:\windows\System32\gdi32full.dll
0x00007fff04cc0000 - 0x00007fff04d5f000 	C:\windows\System32\msvcp_win.dll
0x00007fff042a0000 - 0x00007fff0439a000 	C:\windows\System32\ucrtbase.dll
0x00007ffef2af0000 - 0x00007ffef2d59000 	C:\windows\WinSxS\amd64_microsoft.windows.common-controls_6595b64144ccf1df_6.0.17134.1_none_e4da93291059d8fb\COMCTL32.dll
0x00007fff05bf0000 - 0x00007fff05f13000 	C:\windows\System32\combase.dll
0x00007fff04220000 - 0x00007fff0429a000 	C:\windows\System32\bcryptPrimitives.dll
0x00007fff06130000 - 0x00007fff0615d000 	C:\windows\System32\IMM32.DLL
0x0000000055a90000 - 0x0000000055b62000 	D:\Program\Software\JDK\jdk1.8.0_65\jre\bin\msvcr100.dll
0x0000000055200000 - 0x0000000055a89000 	D:\Program\Software\JDK\jdk1.8.0_65\jre\bin\server\jvm.dll
0x00007fff052f0000 - 0x00007fff052f8000 	C:\windows\System32\PSAPI.DLL
0x00007ffee5f40000 - 0x00007ffee5f49000 	C:\windows\SYSTEM32\WSOCK32.dll
0x00007fff065b0000 - 0x00007fff0661c000 	C:\windows\System32\WS2_32.dll
0x00007fff023a0000 - 0x00007fff023c3000 	C:\windows\SYSTEM32\WINMM.dll
0x00007ffefeb90000 - 0x00007ffefeb9a000 	C:\windows\SYSTEM32\VERSION.dll
0x00007fff02370000 - 0x00007fff0239a000 	C:\windows\SYSTEM32\WINMMBASE.dll
0x00007fff04ab0000 - 0x00007fff04af9000 	C:\windows\System32\cfgmgr32.dll
0x00000000551f0000 - 0x00000000551ff000 	D:\Program\Software\JDK\jdk1.8.0_65\jre\bin\verify.dll
0x00000000551c0000 - 0x00000000551e9000 	D:\Program\Software\JDK\jdk1.8.0_65\jre\bin\java.dll
0x0000000055160000 - 0x0000000055195000 	D:\Program\Software\JDK\jdk1.8.0_65\jre\bin\jdwp.dll
0x0000000055070000 - 0x0000000055078000 	D:\Program\Software\JDK\jdk1.8.0_65\jre\bin\npt.dll
0x0000000055040000 - 0x0000000055063000 	D:\Program\Software\JDK\jdk1.8.0_65\jre\bin\instrument.dll
0x00000000551a0000 - 0x00000000551b6000 	D:\Program\Software\JDK\jdk1.8.0_65\jre\bin\zip.dll
0x00007fff067d0000 - 0x00007fff07c10000 	C:\windows\System32\SHELL32.dll
0x00007fff06500000 - 0x00007fff065a9000 	C:\windows\System32\shcore.dll
0x00007fff043a0000 - 0x00007fff04aad000 	C:\windows\System32\windows.storage.dll
0x00007fff07c30000 - 0x00007fff07c81000 	C:\windows\System32\shlwapi.dll
0x00007fff041c0000 - 0x00007fff041d1000 	C:\windows\System32\kernel.appcore.dll
0x00007fff041e0000 - 0x00007fff041ff000 	C:\windows\System32\profapi.dll
0x00007fff04170000 - 0x00007fff041bc000 	C:\windows\System32\powrprof.dll
0x00007fff04160000 - 0x00007fff0416a000 	C:\windows\System32\FLTLIB.DLL
0x0000000054ff0000 - 0x0000000054ff9000 	D:\Program\Software\JDK\jdk1.8.0_65\jre\bin\dt_socket.dll
0x00007fff03980000 - 0x00007fff039e6000 	C:\windows\system32\mswsock.dll
0x0000000054fe0000 - 0x0000000054fed000 	D:\Program\Software\JDK\jdk1.8.0_65\jre\bin\management.dll
0x0000000055020000 - 0x000000005503a000 	D:\Program\Software\JDK\jdk1.8.0_65\jre\bin\net.dll
0x0000000055000000 - 0x0000000055011000 	D:\Program\Software\JDK\jdk1.8.0_65\jre\bin\nio.dll
0x00007ffef04e0000 - 0x00007ffef04f6000 	C:\windows\system32\napinsp.dll
0x00007ffee86a0000 - 0x00007ffee86ba000 	C:\windows\system32\pnrpnsp.dll
0x00007fff00af0000 - 0x00007fff00b09000 	C:\windows\system32\NLAapi.dll
0x00007fff03740000 - 0x00007fff037fe000 	C:\windows\SYSTEM32\DNSAPI.dll
0x00007fff05f20000 - 0x00007fff05f28000 	C:\windows\System32\NSI.dll
0x00007fff03700000 - 0x00007fff03738000 	C:\windows\SYSTEM32\IPHLPAPI.DLL
0x00007ffef2e50000 - 0x00007ffef2e5e000 	C:\windows\System32\winrnr.dll
0x00007ffefda90000 - 0x00007ffefdaa5000 	C:\windows\System32\wshbth.dll
0x00007ffefd000000 - 0x00007ffefd00a000 	C:\Windows\System32\rasadhlp.dll
0x00007ffefcd70000 - 0x00007ffefcde2000 	C:\windows\System32\fwpuclnt.dll
0x00007fff03c60000 - 0x00007fff03c85000 	C:\windows\SYSTEM32\bcrypt.dll
0x00007fff03b40000 - 0x00007fff03b57000 	C:\windows\SYSTEM32\CRYPTSP.dll
0x00007fff03560000 - 0x00007fff03593000 	C:\windows\system32\rsaenh.dll
0x00007fff04060000 - 0x00007fff04088000 	C:\windows\SYSTEM32\USERENV.dll
0x00007fff03b30000 - 0x00007fff03b3b000 	C:\windows\SYSTEM32\CRYPTBASE.dll
0x00007ffefd9c0000 - 0x00007ffefd9d6000 	C:\windows\SYSTEM32\dhcpcsvc6.DLL
0x00007ffefdb20000 - 0x00007ffefdb3a000 	C:\windows\SYSTEM32\dhcpcsvc.DLL
0x0000000054fb0000 - 0x0000000054fd4000 	D:\Program\Software\JDK\jdk1.8.0_65\jre\bin\sunec.dll
0x00007ffef6c90000 - 0x00007ffef6e59000 	C:\windows\SYSTEM32\dbghelp.dll

VM Arguments:
jvm_args: -agentlib:jdwp=transport=dt_socket,address=127.0.0.1:51676,suspend=y,server=n -XX:TieredStopAtLevel=1 -Xverify:none -Dspring.output.ansi.enabled=always -Dcom.sun.management.jmxremote -Dcom.sun.management.jmxremote.port=51675 -Dcom.sun.management.jmxremote.authenticate=false -Dcom.sun.management.jmxremote.ssl=false -Djava.rmi.server.hostname=localhost -Dspring.liveBeansView.mbeanDomain -Dspring.application.admin.enabled=true -javaagent:D:\Program\Software\IDEA\IDEA2018.2.4\lib\rt\debugger-agent.jar=file:/C:/Users/Administrator/AppData/Local/Temp/capture.props -Dfile.encoding=UTF-8 
java_command: com.egao.EasyWebApplication
java_class_path (initial): D:\Program\Software\JDK\jdk1.8.0_65\jre\lib\charsets.jar;D:\Program\Software\JDK\jdk1.8.0_65\jre\lib\deploy.jar;D:\Program\Software\JDK\jdk1.8.0_65\jre\lib\ext\access-bridge-64.jar;D:\Program\Software\JDK\jdk1.8.0_65\jre\lib\ext\cldrdata.jar;D:\Program\Software\JDK\jdk1.8.0_65\jre\lib\ext\dnsns.jar;D:\Program\Software\JDK\jdk1.8.0_65\jre\lib\ext\jaccess.jar;D:\Program\Software\JDK\jdk1.8.0_65\jre\lib\ext\jfxrt.jar;D:\Program\Software\JDK\jdk1.8.0_65\jre\lib\ext\localedata.jar;D:\Program\Software\JDK\jdk1.8.0_65\jre\lib\ext\nashorn.jar;D:\Program\Software\JDK\jdk1.8.0_65\jre\lib\ext\sunec.jar;D:\Program\Software\JDK\jdk1.8.0_65\jre\lib\ext\sunjce_provider.jar;D:\Program\Software\JDK\jdk1.8.0_65\jre\lib\ext\sunmscapi.jar;D:\Program\Software\JDK\jdk1.8.0_65\jre\lib\ext\sunpkcs11.jar;D:\Program\Software\JDK\jdk1.8.0_65\jre\lib\ext\zipfs.jar;D:\Program\Software\JDK\jdk1.8.0_65\jre\lib\javaws.jar;D:\Program\Software\JDK\jdk1.8.0_65\jre\lib\jce.jar;D:\Program\Software\JDK\jdk1.8.0_65\jre\lib\jfr.jar;D:\Program\Software\JDK\jdk1.8.0_65\jre\lib\jfxswt.jar;D:\Program\Software\JDK\jdk1.8.0_65\jre\lib\jsse.jar;D:\Program\Software\JDK\jdk1.8.0_65\jre\lib\management-agent.jar;D:\Program\Software\JDK\jdk1.8.0_65\jre\lib\plugin.jar;D:\Program\Software\JDK\jdk1.8.0_65\jre\lib\resources.jar;D:\Program\Software\JDK\jdk1.8.0_65\jre\lib\rt.jar;F:\Program\WorkspaceI\vcc\target\classes;C:\Users\Administrator\.m2\repository\org\springframework\boot\spring-boot-devtools\2.2.2.RELEASE\spring-boot-devtools-2.2.2.RELEASE.jar;C:\Users\Administrator\.m2\repository\org\springframework\boot\spring-boot\2.2.2.RELEASE\spring-boot-2.2.2.RELEASE.jar;C:\Users\Administrator\.m2\repository\org\springframework\boot\spring-boot-autoconfigure\2.2.2.RELEASE\spring-boot-autoconfigure-2.2.2.RELEASE.jar;C:\Users\Administrator\.m2\repository\org\springframework\boot\spring-boot-starter\2.2.2.RELEASE\spring-boot-starter-2.2.2.RELEASE.jar;C:\Users\Administrator\.m2\repository\org\sprin
Launcher Type: SUN_STANDARD

Environment Variables:
JAVA_HOME=D:\Program\Software\JDK\jdk1.8.0_65
CLASSPATH=.;D:\Program\Software\JDK\jdk1.8.0_65\lib;D:\Program\Software\JDK\jdk1.8.0_65\lib\tools.jar
PATH=C:\Program Files (x86)\RSA SecurID Token Common;C:\Program Files\RSA SecurID Token Common;D:\Program\Software\JDK\jdk1.8.0_65\bin;C:\windows\system32\;C:\windows;C:\windows\System32\Wbem;C:\windows\System32\WindowsPowerShell\v1.0\;C:\windows\System32\OpenSSH\;D:\Program\Software\MySQL5.5.4\bin;D:\Program\Software\MySQL\bin;D:\Program\Software\apache-maven-3.3.9\bin;C:\windows\system33;D:\Program\Software\TortoiseSVN\Install\bin;F:\Program\Software\Anaconda\Anaconda3\Scripts;F:\Program\Software\Gradle\gradle-4.7\bin;F:\Program\Software\python-2.7.16\Python27\;F:\Program\Software\Git\cmd;F:\Software\Gpg4win\..\GnuPG\bin;C:\Program Files\RSA SecurID Token Common\
USERNAME=Administrator
OS=Windows_NT
PROCESSOR_IDENTIFIER=Intel64 Family 6 Model 158 Stepping 10, GenuineIntel



---------------  S Y S T E M  ---------------

OS: Windows 10.0 , 64 bit Build 17134 (10.0.17134.1)

CPU:total 6 (6 cores per cpu, 1 threads per core) family 6 model 158 stepping 10, cmov, cx8, fxsr, mmx, sse, sse2, sse3, ssse3, sse4.1, sse4.2, popcnt, avx, avx2, aes, clmul, erms, 3dnowpref, lzcnt, tsc, tscinvbit, bmi1, bmi2, adx

Memory: 4k page, physical 16723468k(5276812k free), swap 17772044k(2313628k free)

vm_info: Java HotSpot(TM) 64-Bit Server VM (25.65-b01) for windows-amd64 JRE (1.8.0_65-b17), built on Oct  6 2015 16:39:20 by "java_re" with MS VC++ 10.0 (VS2010)

time: Sun Feb 07 15:31:32 2021
elapsed time: 18900 seconds (0d 5h 15m 0s)

