#
# A fatal error has been detected by the Java Runtime Environment:
#
#  EXCEPTION_ACCESS_VIOLATION (0xc0000005) at pc=0x00000000553f25f2, pid=18064, tid=12668
#
# JRE version: Java(TM) SE Runtime Environment (8.0_65-b17) (build 1.8.0_65-b17)
# Java VM: Java HotSpot(TM) 64-Bit Server VM (25.65-b01 mixed mode windows-amd64 compressed oops)
# Problematic frame:
# V  [jvm.dll+0x625f2]
#
# Failed to write core dump. Minidumps are not enabled by default on client versions of Windows
#
# If you would like to submit a bug report, please visit:
#   http://bugreport.java.com/bugreport/crash.jsp
#

---------------  T H R E A D  ---------------

Current thread (0x000000001c2a7800):  VMThread [stack: 0x000000001d960000,0x000000001da60000] [id=12668]

siginfo: ExceptionCode=0xc0000005, reading address 0x000000000ab30fda

Registers:
RAX=0x000000000ab30f9a, RBX=0x0000000000000000, RCX=0x000000002a1d8b70, RDX=0x0000000000000000
RSP=0x000000001da5ee00, RBP=0x000000002411b7d0, RSI=0x000000002a1d8b70, RDI=0x0000000000000000
R8 =0x0000000000000371, R9 =0x0000000000000000, R10=0x00000000025c0cf0, R11=0x0000000055989488
R12=0x0000000000000001, R13=0x0000000000000000, R14=0x00000000559da430, R15=0x0000000055b59830
RIP=0x00000000553f25f2, EFLAGS=0x0000000000010246

Top of Stack: (sp=0x000000001da5ee00)
0x000000001da5ee00:   0000000000000000 000000002a17e130
0x000000001da5ee10:   0000000000000000 000000002411b7d0
0x000000001da5ee20:   0000000000000000 0000000055b59801
0x000000001da5ee30:   000000001da5efe0 00000000553f292d
0x000000001da5ee40:   0000000000000000 0000000000000006
0x000000001da5ee50:   0000000000000000 00000000553b50ff
0x000000001da5ee60:   0000000055b59900 00000000553f2f9f
0x000000001da5ee70:   0000000055985700 0000000000000000
0x000000001da5ee80:   00000012d7e21e62 0000000055618c9d
0x000000001da5ee90:   00000000559da430 0000000000000000
0x000000001da5eea0:   0000000055b598a0 0000000055407eb2
0x000000001da5eeb0:   0000000055b59900 000000001da5efe0
0x000000001da5eec0:   0000000000000006 0000000000000000
0x000000001da5eed0:   0000000000000000 0000000055788742
0x000000001da5eee0:   000000001c175420 0000000000000006
0x000000001da5eef0:   000000001c175420 0000000000000006 

Instructions: (pc=0x00000000553f25f2)
0x00000000553f25d2:   cc 4d 63 ec 0f 88 09 01 00 00 41 ff c4 90 48 8b
0x00000000553f25e2:   45 40 48 8b 48 18 4a 8b 34 e9 48 8b ce 48 8b 06
0x00000000553f25f2:   ff 50 40 84 c0 0f 85 dc 00 00 00 4c 8b 4d 40 45
0x00000000553f2602:   8b c4 45 3b 21 7d 31 4a 8d 14 ed 08 00 00 00 66 


Register to memory mapping:

RAX=0x000000000ab30f9a is an unknown value
RBX=0x0000000000000000 is an unknown value
RCX=0x000000002a1d8b70 is pointing into metadata
RDX=0x0000000000000000 is an unknown value
RSP=0x000000001da5ee00 is an unknown value
RBP=0x000000002411b7d0 is an unknown value
RSI=0x000000002a1d8b70 is pointing into metadata
RDI=0x0000000000000000 is an unknown value
R8 =0x0000000000000371 is an unknown value
R9 =0x0000000000000000 is an unknown value
R10=0x00000000025c0cf0 is an unknown value
R11=0x0000000055989488 is an unknown value
R12=0x0000000000000001 is an unknown value
R13=0x0000000000000000 is an unknown value
R14=0x00000000559da430 is an unknown value
R15=0x0000000055b59830 is an unknown value


Stack: [0x000000001d960000,0x000000001da60000],  sp=0x000000001da5ee00,  free space=1019k
Native frames: (J=compiled Java code, j=interpreted, Vv=VM code, C=native code)
V  [jvm.dll+0x625f2]
V  [jvm.dll+0x6292d]
V  [jvm.dll+0x62f9f]
V  [jvm.dll+0x77eb2]
V  [jvm.dll+0x3f8742]
V  [jvm.dll+0x3f9aaa]
V  [jvm.dll+0x3fa0cb]
V  [jvm.dll+0x4000f5]
V  [jvm.dll+0x249757]
V  [jvm.dll+0x2489f6]
V  [jvm.dll+0x248e91]
V  [jvm.dll+0x2490ae]
V  [jvm.dll+0x299f7a]
C  [msvcr100.dll+0x21d9f]
C  [msvcr100.dll+0x21e3b]
C  [KERNEL32.DLL+0x13034]
C  [ntdll.dll+0x71551]

VM_Operation (0x00000000540aefa0): ParallelGCSystemGC, mode: safepoint, requested by thread 0x00000000237ec000


---------------  P R O C E S S  ---------------

Java Threads: ( => current thread )
  0x00000000237ec000 JavaThread "Thread-137" [_thread_blocked, id=3616, stack(0x0000000053fb0000,0x00000000540b0000)]
  0x00000000237f3000 JavaThread "http-nio-8080-Acceptor" daemon [_thread_blocked, id=19604, stack(0x0000000053eb0000,0x0000000053fb0000)]
  0x00000000237f8800 JavaThread "DestroyJavaVM" [_thread_blocked, id=10032, stack(0x00000000026f0000,0x00000000027f0000)]
  0x00000000237ee800 JavaThread "Live Reload Server" daemon [_thread_in_native, id=11296, stack(0x00000000260b0000,0x00000000261b0000)]
  0x00000000234e9000 JavaThread "mysql-cj-abandoned-connection-cleanup" daemon [_thread_blocked, id=4300, stack(0x00000000249b0000,0x0000000024ab0000)]
  0x00000000217e9800 JavaThread "shiro-active%0053ession%0043ache.data" [_thread_blocked, id=18312, stack(0x0000000022ce0000,0x0000000022de0000)]
  0x000000002178e000 JavaThread "shirocache" daemon [_thread_blocked, id=3320, stack(0x0000000022be0000,0x0000000022ce0000)]
  0x000000001f872800 JavaThread "RMI Scheduler(0)" daemon [_thread_blocked, id=5800, stack(0x0000000020510000,0x0000000020610000)]
  0x000000001f5be000 JavaThread "RMI TCP Accept-0" daemon [_thread_in_native, id=688, stack(0x000000001fe60000,0x000000001ff60000)]
  0x000000001f5a0800 JavaThread "RMI TCP Accept-57067" daemon [_thread_in_native, id=3260, stack(0x000000001fd60000,0x000000001fe60000)]
  0x000000001f599000 JavaThread "RMI TCP Accept-0" daemon [_thread_in_native, id=5816, stack(0x000000001fc60000,0x000000001fd60000)]
  0x000000001f403000 JavaThread "Service Thread" daemon [_thread_blocked, id=17968, stack(0x000000001fb60000,0x000000001fc60000)]
  0x000000001f38b800 JavaThread "C1 CompilerThread2" daemon [_thread_blocked, id=692, stack(0x000000001fa60000,0x000000001fb60000)]
  0x000000001f389000 JavaThread "C2 CompilerThread1" daemon [_thread_blocked, id=7528, stack(0x000000001f960000,0x000000001fa60000)]
  0x000000001f388000 JavaThread "C2 CompilerThread0" daemon [_thread_blocked, id=17436, stack(0x000000001efb0000,0x000000001f0b0000)]
  0x000000001dd25000 JavaThread "JDWP Command Reader" daemon [_thread_in_native, id=16248, stack(0x000000001ee70000,0x000000001ef70000)]
  0x000000001dd24000 JavaThread "JDWP Event Helper Thread" daemon [_thread_blocked, id=4892, stack(0x000000001ed70000,0x000000001ee70000)]
  0x000000001dd21000 JavaThread "JDWP Transport Listener: dt_socket" daemon [_thread_blocked, id=18776, stack(0x000000001ec70000,0x000000001ed70000)]
  0x000000001dcca800 JavaThread "Attach Listener" daemon [_thread_blocked, id=2664, stack(0x000000001e1c0000,0x000000001e2c0000)]
  0x000000001dd16800 JavaThread "Signal Dispatcher" daemon [_thread_blocked, id=9336, stack(0x000000001e0c0000,0x000000001e1c0000)]
  0x00000000028ea800 JavaThread "Finalizer" daemon [_thread_blocked, id=9288, stack(0x000000001db60000,0x000000001dc60000)]
  0x00000000028e9000 JavaThread "Reference Handler" daemon [_thread_blocked, id=3776, stack(0x000000001da60000,0x000000001db60000)]

Other Threads:
=>0x000000001c2a7800 VMThread [stack: 0x000000001d960000,0x000000001da60000] [id=12668]
  0x000000001f5c3000 WatcherThread [stack: 0x000000001ff60000,0x0000000020060000] [id=16160]

VM state:at safepoint (normal execution)

VM Mutex/Monitor currently owned by a thread:  ([mutex/lock_event])
[0x00000000027f0350] Threads_lock - owner thread: 0x000000001c2a7800
[0x00000000027f2060] Heap_lock - owner thread: 0x00000000237ec000

Heap:
 PSYoungGen      total 387072K, used 9774K [0x000000076af00000, 0x0000000783780000, 0x00000007c0000000)
  eden space 372224K, 0% used [0x000000076af00000,0x000000076af00000,0x0000000781a80000)
  from space 14848K, 65% used [0x0000000782900000,0x000000078328ba88,0x0000000783780000)
  to   space 14848K, 0% used [0x0000000781a80000,0x0000000781a80000,0x0000000782900000)
 ParOldGen       total 218624K, used 116968K [0x00000006c0c00000, 0x00000006ce180000, 0x000000076af00000)
  object space 218624K, 53% used [0x00000006c0c00000,0x00000006c7e3a0e8,0x00000006ce180000)
 Metaspace       used 162348K, capacity 169666K, committed 169984K, reserved 1204224K
  class space    used 13597K, capacity 15019K, committed 15104K, reserved 1048576K

Card table byte_map: [0x0000000011e00000,0x0000000012600000] byte_map_base: 0x000000000e7fa000

Marking Bits: (ParMarkBitMap*) 0x0000000055b9a5b0
 Begin Bits: [0x0000000013160000, 0x0000000017130000)
 End Bits:   [0x0000000017130000, 0x000000001b100000)

Polling page: 0x00000000001f0000

CodeCache: size=245760Kb used=28773Kb max_used=28773Kb free=216986Kb
 bounds [0x0000000002a40000, 0x0000000004660000, 0x0000000011a40000]
 total_blobs=14535 nmethods=13962 adapters=491
 compilation: enabled

Compilation events (10 events):
Event: 18603.755 Thread 0x000000001f38b800 14133       1       java.net.InetSocketAddress::isUnresolved (8 bytes)
Event: 18603.755 Thread 0x000000001f38b800 nmethod 14133 0x000000000465b5d0 code [0x000000000465b720, 0x000000000465b850]
Event: 18603.755 Thread 0x000000001f38b800 14134       1       java.net.InetSocketAddress$InetSocketAddressHolder::access$800 (5 bytes)
Event: 18603.755 Thread 0x000000001f38b800 nmethod 14134 0x000000000465b910 code [0x000000000465ba60, 0x000000000465bb70]
Event: 18603.755 Thread 0x000000001f38b800 14135       1       java.util.concurrent.ScheduledThreadPoolExecutor::triggerTime (23 bytes)
Event: 18603.755 Thread 0x000000001f38b800 nmethod 14135 0x000000000465bc10 code [0x000000000465bd60, 0x000000000465bee8]
Event: 19130.134 Thread 0x000000001f38b800 14136       1       com.sun.jmx.interceptor.DefaultMBeanServerInterceptor::getResource (19 bytes)
Event: 19130.134 Thread 0x000000001f38b800 nmethod 14136 0x000000000465bf90 code [0x000000000465c100, 0x000000000465c2f0]
Event: 19130.137 Thread 0x000000001f38b800 14137       1       com.sun.jmx.mbeanserver.NamedObject::getObject (5 bytes)
Event: 19130.138 Thread 0x000000001f38b800 nmethod 14137 0x000000000465c3d0 code [0x000000000465c520, 0x000000000465c630]

GC Heap History (10 events):
Event: 18596.301 GC heap after
Heap after GC invocations=261 (full 25):
 PSYoungGen      total 374784K, used 0K [0x000000076af00000, 0x0000000782b80000, 0x00000007c0000000)
  eden space 360960K, 0% used [0x000000076af00000,0x000000076af00000,0x0000000780f80000)
  from space 13824K, 0% used [0x0000000781e00000,0x0000000781e00000,0x0000000782b80000)
  to   space 14336K, 0% used [0x0000000780f80000,0x0000000780f80000,0x0000000781d80000)
 ParOldGen       total 218624K, used 116952K [0x00000006c0c00000, 0x00000006ce180000, 0x000000076af00000)
  object space 218624K, 53% used [0x00000006c0c00000,0x00000006c7e360e8,0x00000006ce180000)
 Metaspace       used 157451K, capacity 164432K, committed 165376K, reserved 1200128K
  class space    used 13283K, capacity 14643K, committed 14848K, reserved 1048576K
}
Event: 18601.989 GC heap before
{Heap before GC invocations=262 (full 25):
 PSYoungGen      total 374784K, used 360960K [0x000000076af00000, 0x0000000782b80000, 0x00000007c0000000)
  eden space 360960K, 100% used [0x000000076af00000,0x0000000780f80000,0x0000000780f80000)
  from space 13824K, 0% used [0x0000000781e00000,0x0000000781e00000,0x0000000782b80000)
  to   space 14336K, 0% used [0x0000000780f80000,0x0000000780f80000,0x0000000781d80000)
 ParOldGen       total 218624K, used 116952K [0x00000006c0c00000, 0x00000006ce180000, 0x000000076af00000)
  object space 218624K, 53% used [0x00000006c0c00000,0x00000006c7e360e8,0x00000006ce180000)
 Metaspace       used 158398K, capacity 165466K, committed 166272K, reserved 1200128K
  class space    used 13379K, capacity 14750K, committed 14976K, reserved 1048576K
Event: 18601.994 GC heap after
Heap after GC invocations=262 (full 25):
 PSYoungGen      total 375296K, used 9584K [0x000000076af00000, 0x0000000783300000, 0x00000007c0000000)
  eden space 360960K, 0% used [0x000000076af00000,0x000000076af00000,0x0000000780f80000)
  from space 14336K, 66% used [0x0000000780f80000,0x00000007818dc038,0x0000000781d80000)
  to   space 14336K, 0% used [0x0000000782500000,0x0000000782500000,0x0000000783300000)
 ParOldGen       total 218624K, used 116960K [0x00000006c0c00000, 0x00000006ce180000, 0x000000076af00000)
  object space 218624K, 53% used [0x00000006c0c00000,0x00000006c7e380e8,0x00000006ce180000)
 Metaspace       used 158398K, capacity 165466K, committed 166272K, reserved 1200128K
  class space    used 13379K, capacity 14750K, committed 14976K, reserved 1048576K
}
Event: 18686.397 GC heap before
{Heap before GC invocations=263 (full 25):
 PSYoungGen      total 375296K, used 370544K [0x000000076af00000, 0x0000000783300000, 0x00000007c0000000)
  eden space 360960K, 100% used [0x000000076af00000,0x0000000780f80000,0x0000000780f80000)
  from space 14336K, 66% used [0x0000000780f80000,0x00000007818dc038,0x0000000781d80000)
  to   space 14336K, 0% used [0x0000000782500000,0x0000000782500000,0x0000000783300000)
 ParOldGen       total 218624K, used 116960K [0x00000006c0c00000, 0x00000006ce180000, 0x000000076af00000)
  object space 218624K, 53% used [0x00000006c0c00000,0x00000006c7e380e8,0x00000006ce180000)
 Metaspace       used 162124K, capacity 169468K, committed 169728K, reserved 1204224K
  class space    used 13583K, capacity 15017K, committed 15104K, reserved 1048576K
Event: 18686.404 GC heap after
Heap after GC invocations=263 (full 25):
 PSYoungGen      total 380928K, used 12315K [0x000000076af00000, 0x0000000783280000, 0x00000007c0000000)
  eden space 367104K, 0% used [0x000000076af00000,0x000000076af00000,0x0000000781580000)
  from space 13824K, 89% used [0x0000000782500000,0x0000000783106e50,0x0000000783280000)
  to   space 14848K, 0% used [0x0000000781580000,0x0000000781580000,0x0000000782400000)
 ParOldGen       total 218624K, used 116960K [0x00000006c0c00000, 0x00000006ce180000, 0x000000076af00000)
  object space 218624K, 53% used [0x00000006c0c00000,0x00000006c7e380e8,0x00000006ce180000)
 Metaspace       used 162124K, capacity 169468K, committed 169728K, reserved 1204224K
  class space    used 13583K, capacity 15017K, committed 15104K, reserved 1048576K
}
Event: 18963.497 GC heap before
{Heap before GC invocations=264 (full 25):
 PSYoungGen      total 380928K, used 379419K [0x000000076af00000, 0x0000000783280000, 0x00000007c0000000)
  eden space 367104K, 100% used [0x000000076af00000,0x0000000781580000,0x0000000781580000)
  from space 13824K, 89% used [0x0000000782500000,0x0000000783106e50,0x0000000783280000)
  to   space 14848K, 0% used [0x0000000781580000,0x0000000781580000,0x0000000782400000)
 ParOldGen       total 218624K, used 116960K [0x00000006c0c00000, 0x00000006ce180000, 0x000000076af00000)
  object space 218624K, 53% used [0x00000006c0c00000,0x00000006c7e380e8,0x00000006ce180000)
 Metaspace       used 162124K, capacity 169468K, committed 169728K, reserved 1204224K
  class space    used 13583K, capacity 15017K, committed 15104K, reserved 1048576K
Event: 18963.503 GC heap after
Heap after GC invocations=264 (full 25):
 PSYoungGen      total 381952K, used 12350K [0x000000076af00000, 0x0000000783780000, 0x00000007c0000000)
  eden space 367104K, 0% used [0x000000076af00000,0x000000076af00000,0x0000000781580000)
  from space 14848K, 83% used [0x0000000781580000,0x000000078218faa8,0x0000000782400000)
  to   space 14848K, 0% used [0x0000000782900000,0x0000000782900000,0x0000000783780000)
 ParOldGen       total 218624K, used 116968K [0x00000006c0c00000, 0x00000006ce180000, 0x000000076af00000)
  object space 218624K, 53% used [0x00000006c0c00000,0x00000006c7e3a0e8,0x00000006ce180000)
 Metaspace       used 162124K, capacity 169468K, committed 169728K, reserved 1204224K
  class space    used 13583K, capacity 15017K, committed 15104K, reserved 1048576K
}
Event: 19130.342 GC heap before
{Heap before GC invocations=265 (full 25):
 PSYoungGen      total 381952K, used 242181K [0x000000076af00000, 0x0000000783780000, 0x00000007c0000000)
  eden space 367104K, 62% used [0x000000076af00000,0x0000000778f71c58,0x0000000781580000)
  from space 14848K, 83% used [0x0000000781580000,0x000000078218faa8,0x0000000782400000)
  to   space 14848K, 0% used [0x0000000782900000,0x0000000782900000,0x0000000783780000)
 ParOldGen       total 218624K, used 116968K [0x00000006c0c00000, 0x00000006ce180000, 0x000000076af00000)
  object space 218624K, 53% used [0x00000006c0c00000,0x00000006c7e3a0e8,0x00000006ce180000)
 Metaspace       used 162348K, capacity 169666K, committed 169984K, reserved 1204224K
  class space    used 13597K, capacity 15019K, committed 15104K, reserved 1048576K
Event: 19130.347 GC heap after
Heap after GC invocations=265 (full 25):
 PSYoungGen      total 387072K, used 9774K [0x000000076af00000, 0x0000000783780000, 0x00000007c0000000)
  eden space 372224K, 0% used [0x000000076af00000,0x000000076af00000,0x0000000781a80000)
  from space 14848K, 65% used [0x0000000782900000,0x000000078328ba88,0x0000000783780000)
  to   space 14848K, 0% used [0x0000000781a80000,0x0000000781a80000,0x0000000782900000)
 ParOldGen       total 218624K, used 116968K [0x00000006c0c00000, 0x00000006ce180000, 0x000000076af00000)
  object space 218624K, 53% used [0x00000006c0c00000,0x00000006c7e3a0e8,0x00000006ce180000)
 Metaspace       used 162348K, capacity 169666K, committed 169984K, reserved 1204224K
  class space    used 13597K, capacity 15019K, committed 15104K, reserved 1048576K
}
Event: 19130.347 GC heap before
{Heap before GC invocations=266 (full 26):
 PSYoungGen      total 387072K, used 9774K [0x000000076af00000, 0x0000000783780000, 0x00000007c0000000)
  eden space 372224K, 0% used [0x000000076af00000,0x000000076af00000,0x0000000781a80000)
  from space 14848K, 65% used [0x0000000782900000,0x000000078328ba88,0x0000000783780000)
  to   space 14848K, 0% used [0x0000000781a80000,0x0000000781a80000,0x0000000782900000)
 ParOldGen       total 218624K, used 116968K [0x00000006c0c00000, 0x00000006ce180000, 0x000000076af00000)
  object space 218624K, 53% used [0x00000006c0c00000,0x00000006c7e3a0e8,0x00000006ce180000)
 Metaspace       used 162348K, capacity 169666K, committed 169984K, reserved 1204224K
  class space    used 13597K, capacity 15019K, committed 15104K, reserved 1048576K

Deoptimization events (0 events):
No events

Internal exceptions (10 events):
Event: 18603.255 Thread 0x000000002412f800 Exception <a 'java/lang/ArrayIndexOutOfBoundsException'> (0x00000007751589b0) thrown at [C:\workspace\8-2-build-windows-amd64-cygwin\jdk8u65\4987\hotspot\src\share\vm\runtime\sharedRuntime.cpp, line 605]
Event: 18603.297 Thread 0x000000002412f800 Exception <a 'java/lang/ArrayIndexOutOfBoundsException'> (0x0000000775981400) thrown at [C:\workspace\8-2-build-windows-amd64-cygwin\jdk8u65\4987\hotspot\src\share\vm\runtime\sharedRuntime.cpp, line 605]
Event: 18603.297 Thread 0x000000002412f800 Exception <a 'java/lang/ArrayIndexOutOfBoundsException'> (0x00000007759844a8) thrown at [C:\workspace\8-2-build-windows-amd64-cygwin\jdk8u65\4987\hotspot\src\share\vm\runtime\sharedRuntime.cpp, line 605]
Event: 18603.297 Thread 0x000000002412f800 Exception <a 'java/lang/ArrayIndexOutOfBoundsException'> (0x000000077598c3e0) thrown at [C:\workspace\8-2-build-windows-amd64-cygwin\jdk8u65\4987\hotspot\src\share\vm\runtime\sharedRuntime.cpp, line 605]
Event: 18603.298 Thread 0x000000002412f800 Exception <a 'java/lang/ArrayIndexOutOfBoundsException'> (0x000000077598f678) thrown at [C:\workspace\8-2-build-windows-amd64-cygwin\jdk8u65\4987\hotspot\src\share\vm\runtime\sharedRuntime.cpp, line 605]
Event: 18603.298 Thread 0x000000002412f800 Exception <a 'java/lang/ArrayIndexOutOfBoundsException'> (0x00000007759927d8) thrown at [C:\workspace\8-2-build-windows-amd64-cygwin\jdk8u65\4987\hotspot\src\share\vm\runtime\sharedRuntime.cpp, line 605]
Event: 18603.298 Thread 0x000000002412f800 Exception <a 'java/lang/ArrayIndexOutOfBoundsException'> (0x0000000775997068) thrown at [C:\workspace\8-2-build-windows-amd64-cygwin\jdk8u65\4987\hotspot\src\share\vm\runtime\sharedRuntime.cpp, line 605]
Event: 18603.301 Thread 0x000000002412f800 Exception <a 'java/lang/ClassNotFoundException': yyyy/MM/dd HH:mm:ss> (0x0000000775a5f4f8) thrown at [C:\workspace\8-2-build-windows-amd64-cygwin\jdk8u65\4987\hotspot\src\share\vm\prims\jni.cpp, line 735]
Event: 19130.135 Thread 0x0000000024130800 Exception <a 'java/lang/InterruptedException': sleep interrupted> (0x000000076fae93f8) thrown at [C:\workspace\8-2-build-windows-amd64-cygwin\jdk8u65\4987\hotspot\src\share\vm\prims\jvm.cpp, line 3215]
Event: 19130.341 Thread 0x0000000024132000 Exception <a 'java/lang/InterruptedException': sleep interrupted> (0x0000000778ecaec0) thrown at [C:\workspace\8-2-build-windows-amd64-cygwin\jdk8u65\4987\hotspot\src\share\vm\prims\jvm.cpp, line 3215]

Events (10 events):
Event: 19130.342 Thread 0x0000000024131000 DEOPT UNPACKING pc=0x0000000002a8787f sp=0x00000000528aeba0 mode 1
Event: 19130.342 Thread 0x0000000024131000 DEOPT PACKING pc=0x000000000359761c sp=0x00000000528aeef0
Event: 19130.342 Thread 0x0000000024131000 DEOPT UNPACKING pc=0x0000000002a8787f sp=0x00000000528aec18 mode 1
Event: 19130.342 Thread 0x0000000024131000 DEOPT PACKING pc=0x0000000002fd1514 sp=0x00000000528aef30
Event: 19130.342 Thread 0x0000000024131000 DEOPT UNPACKING pc=0x0000000002a8787f sp=0x00000000528aecc8 mode 1
Event: 19130.342 Executing VM operation: RevokeBias
Event: 19130.342 Executing VM operation: RevokeBias done
Event: 19130.342 Thread 0x000000002412f000 Thread exited: 0x000000002412f000
Event: 19130.342 Thread 0x0000000024131000 Thread exited: 0x0000000024131000
Event: 19130.342 Executing VM operation: ParallelGCSystemGC


Dynamic libraries:
0x00007ff7f3170000 - 0x00007ff7f31a7000 	D:\Program\Software\JDK\jdk1.8.0_65\bin\java.exe
0x00007ffd06170000 - 0x00007ffd06351000 	C:\windows\SYSTEM32\ntdll.dll
0x00007ffd04310000 - 0x00007ffd043c2000 	C:\windows\System32\KERNEL32.DLL
0x00007ffd03380000 - 0x00007ffd035f3000 	C:\windows\System32\KERNELBASE.dll
0x00007ffd03600000 - 0x00007ffd036a1000 	C:\windows\System32\ADVAPI32.dll
0x00007ffd043d0000 - 0x00007ffd0446e000 	C:\windows\System32\msvcrt.dll
0x00007ffd04480000 - 0x00007ffd044db000 	C:\windows\System32\sechost.dll
0x00007ffd044e0000 - 0x00007ffd04604000 	C:\windows\System32\RPCRT4.dll
0x00007ffd05af0000 - 0x00007ffd05c80000 	C:\windows\System32\USER32.dll
0x00007ffd025a0000 - 0x00007ffd025c0000 	C:\windows\System32\win32u.dll
0x00007ffd04100000 - 0x00007ffd04128000 	C:\windows\System32\GDI32.dll
0x00007ffd025c0000 - 0x00007ffd02752000 	C:\windows\System32\gdi32full.dll
0x00007ffd032e0000 - 0x00007ffd0337f000 	C:\windows\System32\msvcp_win.dll
0x00007ffd02ff0000 - 0x00007ffd030ea000 	C:\windows\System32\ucrtbase.dll
0x00007ffcf21c0000 - 0x00007ffcf2429000 	C:\windows\WinSxS\amd64_microsoft.windows.common-controls_6595b64144ccf1df_6.0.17134.1_none_e4da93291059d8fb\COMCTL32.dll
0x00007ffd036b0000 - 0x00007ffd039d3000 	C:\windows\System32\combase.dll
0x00007ffd02f70000 - 0x00007ffd02fea000 	C:\windows\System32\bcryptPrimitives.dll
0x00007ffd040d0000 - 0x00007ffd040fd000 	C:\windows\System32\IMM32.DLL
0x0000000055c20000 - 0x0000000055cf2000 	D:\Program\Software\JDK\jdk1.8.0_65\jre\bin\msvcr100.dll
0x0000000055390000 - 0x0000000055c19000 	D:\Program\Software\JDK\jdk1.8.0_65\jre\bin\server\jvm.dll
0x00007ffd04470000 - 0x00007ffd04478000 	C:\windows\System32\PSAPI.DLL
0x00007ffce3e00000 - 0x00007ffce3e09000 	C:\windows\SYSTEM32\WSOCK32.dll
0x00007ffd00820000 - 0x00007ffd00843000 	C:\windows\SYSTEM32\WINMM.dll
0x00007ffcfd190000 - 0x00007ffcfd19a000 	C:\windows\SYSTEM32\VERSION.dll
0x00007ffd04130000 - 0x00007ffd0419c000 	C:\windows\System32\WS2_32.dll
0x00007ffd007b0000 - 0x00007ffd007da000 	C:\windows\SYSTEM32\winmmbase.dll
0x00007ffd02760000 - 0x00007ffd027a9000 	C:\windows\System32\cfgmgr32.dll
0x0000000055380000 - 0x000000005538f000 	D:\Program\Software\JDK\jdk1.8.0_65\jre\bin\verify.dll
0x0000000055350000 - 0x0000000055379000 	D:\Program\Software\JDK\jdk1.8.0_65\jre\bin\java.dll
0x00000000552f0000 - 0x0000000055325000 	D:\Program\Software\JDK\jdk1.8.0_65\jre\bin\jdwp.dll
0x00000000551c0000 - 0x00000000551c8000 	D:\Program\Software\JDK\jdk1.8.0_65\jre\bin\npt.dll
0x0000000055190000 - 0x00000000551b3000 	D:\Program\Software\JDK\jdk1.8.0_65\jre\bin\instrument.dll
0x0000000055330000 - 0x0000000055346000 	D:\Program\Software\JDK\jdk1.8.0_65\jre\bin\zip.dll
0x00007ffd04610000 - 0x00007ffd05a50000 	C:\windows\System32\SHELL32.dll
0x00007ffd03f40000 - 0x00007ffd03fe9000 	C:\windows\System32\shcore.dll
0x00007ffd02860000 - 0x00007ffd02f6d000 	C:\windows\System32\windows.storage.dll
0x00007ffd04050000 - 0x00007ffd040a1000 	C:\windows\System32\shlwapi.dll
0x00007ffd02490000 - 0x00007ffd024a1000 	C:\windows\System32\kernel.appcore.dll
0x00007ffd02500000 - 0x00007ffd0251f000 	C:\windows\System32\profapi.dll
0x00007ffd024b0000 - 0x00007ffd024fc000 	C:\windows\System32\powrprof.dll
0x00007ffd02480000 - 0x00007ffd0248a000 	C:\windows\System32\FLTLIB.DLL
0x0000000055140000 - 0x0000000055149000 	D:\Program\Software\JDK\jdk1.8.0_65\jre\bin\dt_socket.dll
0x0000000180000000 - 0x000000018008c000 	C:\windows\system32\ASProxy64.dll
0x00007ffd041b0000 - 0x00007ffd04301000 	C:\windows\System32\ole32.dll
0x00007ffd03cf0000 - 0x00007ffd03db2000 	C:\windows\System32\OLEAUT32.dll
0x00007ffd01a20000 - 0x00007ffd01a58000 	C:\windows\SYSTEM32\IPHLPAPI.DLL
0x00007ffd01ca0000 - 0x00007ffd01d06000 	C:\windows\SYSTEM32\MSWSOCK.dll
0x00007ffd023b0000 - 0x00007ffd023e0000 	C:\windows\SYSTEM32\SspiCli.dll
0x00007ffd00b40000 - 0x00007ffd00bd8000 	C:\windows\system32\uxtheme.dll
0x0000000055130000 - 0x000000005513d000 	D:\Program\Software\JDK\jdk1.8.0_65\jre\bin\management.dll
0x0000000055170000 - 0x000000005518a000 	D:\Program\Software\JDK\jdk1.8.0_65\jre\bin\net.dll
0x0000000055150000 - 0x0000000055161000 	D:\Program\Software\JDK\jdk1.8.0_65\jre\bin\nio.dll
0x00007ffce4690000 - 0x00007ffce46a6000 	C:\windows\system32\napinsp.dll
0x00007ffce4670000 - 0x00007ffce468a000 	C:\windows\system32\pnrpnsp.dll
0x00007ffcfee10000 - 0x00007ffcfee29000 	C:\windows\system32\NLAapi.dll
0x00007ffd01a60000 - 0x00007ffd01b1e000 	C:\windows\SYSTEM32\DNSAPI.dll
0x00007ffd05c80000 - 0x00007ffd05c88000 	C:\windows\System32\NSI.dll
0x00007ffce9c90000 - 0x00007ffce9c9e000 	C:\windows\System32\winrnr.dll
0x00007ffcfcc80000 - 0x00007ffcfcc95000 	C:\windows\System32\wshbth.dll
0x00007ffcfae40000 - 0x00007ffcfae4a000 	C:\Windows\System32\rasadhlp.dll
0x00007ffcfaf80000 - 0x00007ffcfaff2000 	C:\windows\System32\fwpuclnt.dll
0x00007ffd01f80000 - 0x00007ffd01fa5000 	C:\windows\SYSTEM32\bcrypt.dll
0x00007ffd01e60000 - 0x00007ffd01e77000 	C:\windows\SYSTEM32\CRYPTSP.dll
0x00007ffd01880000 - 0x00007ffd018b3000 	C:\windows\system32\rsaenh.dll
0x00007ffd02380000 - 0x00007ffd023a8000 	C:\windows\SYSTEM32\USERENV.dll
0x00007ffd01e50000 - 0x00007ffd01e5b000 	C:\windows\SYSTEM32\CRYPTBASE.dll
0x00007ffcfbd60000 - 0x00007ffcfbd76000 	C:\windows\SYSTEM32\dhcpcsvc6.DLL
0x00007ffcfce20000 - 0x00007ffcfce3a000 	C:\windows\SYSTEM32\dhcpcsvc.DLL
0x0000000055100000 - 0x0000000055124000 	D:\Program\Software\JDK\jdk1.8.0_65\jre\bin\sunec.dll
0x00007ffcee410000 - 0x00007ffcee5d9000 	C:\windows\SYSTEM32\dbghelp.dll

VM Arguments:
jvm_args: -agentlib:jdwp=transport=dt_socket,address=127.0.0.1:57068,suspend=y,server=n -XX:TieredStopAtLevel=1 -Xverify:none -Dspring.output.ansi.enabled=always -Dcom.sun.management.jmxremote -Dcom.sun.management.jmxremote.port=57067 -Dcom.sun.management.jmxremote.authenticate=false -Dcom.sun.management.jmxremote.ssl=false -Djava.rmi.server.hostname=localhost -Dspring.liveBeansView.mbeanDomain -Dspring.application.admin.enabled=true -javaagent:D:\Program\Software\IDEA\IDEA2018.2.4\lib\rt\debugger-agent.jar=file:/C:/Users/Administrator/AppData/Local/Temp/capture.props -Dfile.encoding=UTF-8 
java_command: com.egao.EasyWebApplication
java_class_path (initial): D:\Program\Software\JDK\jdk1.8.0_65\jre\lib\charsets.jar;D:\Program\Software\JDK\jdk1.8.0_65\jre\lib\deploy.jar;D:\Program\Software\JDK\jdk1.8.0_65\jre\lib\ext\access-bridge-64.jar;D:\Program\Software\JDK\jdk1.8.0_65\jre\lib\ext\cldrdata.jar;D:\Program\Software\JDK\jdk1.8.0_65\jre\lib\ext\dnsns.jar;D:\Program\Software\JDK\jdk1.8.0_65\jre\lib\ext\jaccess.jar;D:\Program\Software\JDK\jdk1.8.0_65\jre\lib\ext\jfxrt.jar;D:\Program\Software\JDK\jdk1.8.0_65\jre\lib\ext\localedata.jar;D:\Program\Software\JDK\jdk1.8.0_65\jre\lib\ext\nashorn.jar;D:\Program\Software\JDK\jdk1.8.0_65\jre\lib\ext\sunec.jar;D:\Program\Software\JDK\jdk1.8.0_65\jre\lib\ext\sunjce_provider.jar;D:\Program\Software\JDK\jdk1.8.0_65\jre\lib\ext\sunmscapi.jar;D:\Program\Software\JDK\jdk1.8.0_65\jre\lib\ext\sunpkcs11.jar;D:\Program\Software\JDK\jdk1.8.0_65\jre\lib\ext\zipfs.jar;D:\Program\Software\JDK\jdk1.8.0_65\jre\lib\javaws.jar;D:\Program\Software\JDK\jdk1.8.0_65\jre\lib\jce.jar;D:\Program\Software\JDK\jdk1.8.0_65\jre\lib\jfr.jar;D:\Program\Software\JDK\jdk1.8.0_65\jre\lib\jfxswt.jar;D:\Program\Software\JDK\jdk1.8.0_65\jre\lib\jsse.jar;D:\Program\Software\JDK\jdk1.8.0_65\jre\lib\management-agent.jar;D:\Program\Software\JDK\jdk1.8.0_65\jre\lib\plugin.jar;D:\Program\Software\JDK\jdk1.8.0_65\jre\lib\resources.jar;D:\Program\Software\JDK\jdk1.8.0_65\jre\lib\rt.jar;F:\Program\WorkspaceI\vcc\target\classes;C:\Users\Administrator\.m2\repository\org\springframework\boot\spring-boot-devtools\2.2.2.RELEASE\spring-boot-devtools-2.2.2.RELEASE.jar;C:\Users\Administrator\.m2\repository\org\springframework\boot\spring-boot\2.2.2.RELEASE\spring-boot-2.2.2.RELEASE.jar;C:\Users\Administrator\.m2\repository\org\springframework\boot\spring-boot-autoconfigure\2.2.2.RELEASE\spring-boot-autoconfigure-2.2.2.RELEASE.jar;C:\Users\Administrator\.m2\repository\org\springframework\boot\spring-boot-starter\2.2.2.RELEASE\spring-boot-starter-2.2.2.RELEASE.jar;C:\Users\Administrator\.m2\repository\org\sprin
Launcher Type: SUN_STANDARD

Environment Variables:
JAVA_HOME=D:\Program\Software\JDK\jdk1.8.0_65
CLASSPATH=.;D:\Program\Software\JDK\jdk1.8.0_65\lib;D:\Program\Software\JDK\jdk1.8.0_65\lib\tools.jar
PATH=C:\Program Files (x86)\RSA SecurID Token Common;C:\Program Files\RSA SecurID Token Common;D:\Program\Software\JDK\jdk1.8.0_65\bin;C:\windows\system32\;C:\windows;C:\windows\System32\Wbem;C:\windows\System32\WindowsPowerShell\v1.0\;C:\windows\System32\OpenSSH\;D:\Program\Software\MySQL5.5.4\bin;D:\Program\Software\MySQL\bin;D:\Program\Software\apache-maven-3.3.9\bin;C:\windows\system33;D:\Program\Software\TortoiseSVN\Install\bin;F:\Program\Software\Anaconda\Anaconda3\Scripts;F:\Program\Software\Gradle\gradle-4.7\bin;F:\Program\Software\python-2.7.16\Python27\;F:\Program\Software\Git\cmd;F:\Software\Gpg4win\..\GnuPG\bin;C:\Program Files\RSA SecurID Token Common\
USERNAME=Administrator
OS=Windows_NT
PROCESSOR_IDENTIFIER=Intel64 Family 6 Model 158 Stepping 10, GenuineIntel



---------------  S Y S T E M  ---------------

OS: Windows 10.0 , 64 bit Build 17134 (10.0.17134.1)

CPU:total 6 (6 cores per cpu, 1 threads per core) family 6 model 158 stepping 10, cmov, cx8, fxsr, mmx, sse, sse2, sse3, ssse3, sse4.1, sse4.2, popcnt, avx, avx2, aes, clmul, erms, 3dnowpref, lzcnt, tsc, tscinvbit, bmi1, bmi2, adx

Memory: 4k page, physical 16723468k(6349308k free), swap 17772044k(4009760k free)

vm_info: Java HotSpot(TM) 64-Bit Server VM (25.65-b01) for windows-amd64 JRE (1.8.0_65-b17), built on Oct  6 2015 16:39:20 by "java_re" with MS VC++ 10.0 (VS2010)

time: Tue Dec 08 17:06:46 2020
elapsed time: 19130 seconds (0d 5h 18m 50s)

