#
# A fatal error has been detected by the Java Runtime Environment:
#
#  EXCEPTION_ACCESS_VIOLATION (0xc0000005) at pc=0x00000000747e3b43, pid=9364, tid=3636
#
# JRE version: Java(TM) SE Runtime Environment (8.0_65-b17) (build 1.8.0_65-b17)
# Java VM: Java HotSpot(TM) 64-Bit Server VM (25.65-b01 mixed mode windows-amd64 compressed oops)
# Problematic frame:
# V  [jvm.dll+0x1c3b43]
#
# Failed to write core dump. Minidumps are not enabled by default on client versions of Windows
#
# If you would like to submit a bug report, please visit:
#   http://bugreport.java.com/bugreport/crash.jsp
#

---------------  T H R E A D  ---------------

Current thread (0x000000001ebc9000):  JavaThread "JDWP Transport Listener: dt_socket" daemon [_thread_in_vm, id=3636, stack(0x000000001fbf0000,0x000000001fcf0000)]

siginfo: ExceptionCode=0xc0000005, reading address 0x0000000000000020

Registers:
RAX=0x0000000026ecb0d8, RBX=0x0000000000000007, RCX=0x0000000000000000, RDX=0x0000000000000004
RSP=0x000000001fcef090, RBP=0x000000001fcef190, RSI=0x000000001ebc9000, RDI=0x000000002a385250
R8 =0x0000000000000007, R9 =0x0000000000000004, R10=0x0000000000000003, R11=0x0000000000000004
R12=0x0000000023442360, R13=0x0000000000007eff, R14=0x0000000023442a20, R15=0x000000002a385248
RIP=0x00000000747e3b43, EFLAGS=0x0000000000010293

Top of Stack: (sp=0x000000001fcef090)
0x000000001fcef090:   0000000000000004 000000002a3851e8
0x000000001fcef0a0:   0000000000000000 ffffffffc0010000
0x000000001fcef0b0:   00000000dcb65000 0000000000000000
0x000000001fcef0c0:   0000000700000004 0000000000000004
0x000000001fcef0d0:   0000000000000007 000000002a385250
0x000000001fcef0e0:   0000000000000007 0000000000000007
0x000000001fcef0f0:   000000002a382df0 0000000000000004
0x000000001fcef100:   000000001ebc9000 000000002a385248
0x000000001fcef110:   000000002a3851e8 0000000026ec8318
0x000000001fcef120:   000000001ebc9000 0000000400000004
0x000000001fcef130:   49005bca00000018 d2ca595959595959
0x000000001fcef140:   0000000000000000 0000000000000000
0x000000001fcef150:   0000000023442100 000000002a380c28
0x000000001fcef160:   000000001ebc9000 0000000400000004
0x000000001fcef170:   0000000000000018 00007ff873f871c0
0x000000001fcef180:   0000000000000000 0000000000000000 

Instructions: (pc=0x00000000747e3b43)
0x00000000747e3b23:   8b 30 4c 3b cb 7c 0d b8 02 00 00 00 44 8b d0 e9
0x00000000747e3b33:   5e 01 00 00 4d 8b 27 49 8b 4e 08 49 8b 44 24 08
0x00000000747e3b43:   0f b7 51 20 48 8b 49 08 44 0f b7 40 20 48 8b 40
0x00000000747e3b53:   08 4a 8b 44 c0 50 48 39 44 d1 50 49 8b 44 24 08 


Register to memory mapping:

RAX=0x0000000026ecb0d8 is pointing into metadata
RBX=0x0000000000000007 is an unknown value
RCX=0x0000000000000000 is an unknown value
RDX=0x0000000000000004 is an unknown value
RSP=0x000000001fcef090 is pointing into the stack for thread: 0x000000001ebc9000
RBP=0x000000001fcef190 is pointing into the stack for thread: 0x000000001ebc9000
RSI=0x000000001ebc9000 is a thread
RDI=0x000000002a385250 is pointing into metadata
R8 =0x0000000000000007 is an unknown value
R9 =0x0000000000000004 is an unknown value
R10=0x0000000000000003 is an unknown value
R11=0x0000000000000004 is an unknown value
R12={method} {0x0000000023442368} 'list' '(Ljavax/servlet/http/HttpServletRequest;Ljava/lang/Integer;Ljava/lang/Integer;Ljava/lang/String;Ljava/lang/String;Ljava/lang/Integer;)Lcom/egao/common/core/web/JsonResult;' in 'com/egao/common/system/controller/ApplyRecordController'
R13=0x0000000000007eff is an unknown value
R14=0x0000000023442a20 is pointing into metadata
R15=0x000000002a385248 is pointing into metadata


Stack: [0x000000001fbf0000,0x000000001fcf0000],  sp=0x000000001fcef090,  free space=1020k
Native frames: (J=compiled Java code, j=interpreted, Vv=VM code, C=native code)
V  [jvm.dll+0x1c3b43]
V  [jvm.dll+0x1caec7]
V  [jvm.dll+0x1cb8f2]
V  [jvm.dll+0x248430]
V  [jvm.dll+0x1a25a1]
V  [jvm.dll+0x3453e4]
C  [jdwp.dll+0x9e6b]
C  [jdwp.dll+0xf0a8]
C  [jdwp.dll+0x1f2d5]
C  [jdwp.dll+0x1f4aa]
V  [jvm.dll+0x1bb8f8]
V  [jvm.dll+0x243144]
V  [jvm.dll+0x299f7a]
C  [msvcr100.dll+0x21d9f]
C  [msvcr100.dll+0x21e3b]
C  [KERNEL32.DLL+0x13034]
C  [ntdll.dll+0x71551]


---------------  P R O C E S S  ---------------

Java Threads: ( => current thread )
  0x000000002493a800 JavaThread "http-nio-8080-Acceptor" daemon [_thread_in_native, id=19760, stack(0x000000003fe50000,0x000000003ff50000)]
  0x0000000024935000 JavaThread "http-nio-8080-ClientPoller" daemon [_thread_in_native, id=3332, stack(0x000000003fd50000,0x000000003fe50000)]
  0x0000000024939800 JavaThread "http-nio-8080-exec-10" daemon [_thread_blocked, id=18384, stack(0x000000003fc50000,0x000000003fd50000)]
  0x0000000024939000 JavaThread "http-nio-8080-exec-9" daemon [_thread_blocked, id=13632, stack(0x000000003fb50000,0x000000003fc50000)]
  0x0000000024938000 JavaThread "http-nio-8080-exec-8" daemon [_thread_blocked, id=7064, stack(0x000000003fa50000,0x000000003fb50000)]
  0x0000000024618800 JavaThread "http-nio-8080-exec-7" daemon [_thread_blocked, id=20196, stack(0x000000003f950000,0x000000003fa50000)]
  0x0000000024617000 JavaThread "http-nio-8080-exec-6" daemon [_thread_blocked, id=1292, stack(0x000000003f850000,0x000000003f950000)]
  0x0000000024616800 JavaThread "http-nio-8080-exec-5" daemon [_thread_blocked, id=6088, stack(0x000000003f750000,0x000000003f850000)]
  0x0000000024618000 JavaThread "http-nio-8080-exec-4" daemon [_thread_blocked, id=2916, stack(0x000000003f650000,0x000000003f750000)]
  0x0000000024615800 JavaThread "http-nio-8080-exec-3" daemon [_thread_blocked, id=19524, stack(0x000000003f550000,0x000000003f650000)]
  0x0000000024615000 JavaThread "http-nio-8080-exec-2" daemon [_thread_blocked, id=19068, stack(0x000000003f450000,0x000000003f550000)]
  0x000000002460e000 JavaThread "http-nio-8080-exec-1" daemon [_thread_blocked, id=11768, stack(0x000000003f350000,0x000000003f450000)]
  0x0000000024614000 JavaThread "http-nio-8080-BlockPoller" daemon [_thread_in_native, id=13876, stack(0x000000003f250000,0x000000003f350000)]
  0x000000002460c800 JavaThread "scheduling-1" [_thread_blocked, id=5948, stack(0x000000003f150000,0x000000003f250000)]
  0x0000000024612800 JavaThread "File Watcher" daemon [_thread_blocked, id=848, stack(0x000000003f050000,0x000000003f150000)]
  0x0000000024609800 JavaThread "Druid-ConnectionPool-Destroy-42242276" daemon [_thread_blocked, id=1332, stack(0x000000003ea50000,0x000000003eb50000)]
  0x0000000024610800 JavaThread "Druid-ConnectionPool-Create-42242276" daemon [_thread_blocked, id=15352, stack(0x000000003e950000,0x000000003ea50000)]
  0x000000002460c000 JavaThread "container-0" [_thread_blocked, id=12480, stack(0x000000003e850000,0x000000003e950000)]
  0x0000000022556000 JavaThread "Catalina-utility-2" [_thread_blocked, id=13236, stack(0x000000003e750000,0x000000003e850000)]
  0x0000000022552800 JavaThread "Catalina-utility-1" [_thread_blocked, id=2696, stack(0x000000003e650000,0x000000003e750000)]
  0x0000000022554800 JavaThread "DestroyJavaVM" [_thread_blocked, id=19148, stack(0x0000000003550000,0x0000000003650000)]
  0x000000002460f800 JavaThread "Live Reload Server" daemon [_thread_in_native, id=16608, stack(0x0000000027250000,0x0000000027350000)]
  0x0000000022553000 JavaThread "mysql-cj-abandoned-connection-cleanup" daemon [_thread_blocked, id=17568, stack(0x0000000025850000,0x0000000025950000)]
  0x0000000022551000 JavaThread "shiro-active%0053ession%0043ache.data" [_thread_blocked, id=18012, stack(0x0000000023b80000,0x0000000023c80000)]
  0x0000000022557800 JavaThread "shirocache" daemon [_thread_blocked, id=18400, stack(0x0000000023a80000,0x0000000023b80000)]
  0x0000000020786000 JavaThread "RMI Scheduler(0)" daemon [_thread_blocked, id=19168, stack(0x00000000215b0000,0x00000000216b0000)]
  0x000000002045f800 JavaThread "RMI TCP Accept-0" daemon [_thread_in_native, id=18876, stack(0x0000000020d00000,0x0000000020e00000)]
  0x000000002043e800 JavaThread "RMI TCP Accept-50705" daemon [_thread_in_native, id=18880, stack(0x0000000020c00000,0x0000000020d00000)]
  0x0000000020439000 JavaThread "RMI TCP Accept-0" daemon [_thread_in_native, id=18884, stack(0x0000000020b00000,0x0000000020c00000)]
  0x00000000202ca000 JavaThread "Service Thread" daemon [_thread_blocked, id=18448, stack(0x0000000020a00000,0x0000000020b00000)]
  0x0000000020204000 JavaThread "C1 CompilerThread2" daemon [_thread_blocked, id=18544, stack(0x0000000020800000,0x0000000020900000)]
  0x0000000020130000 JavaThread "C2 CompilerThread1" daemon [_thread_blocked, id=16032, stack(0x000000001fef0000,0x000000001fff0000)]
  0x000000002012f000 JavaThread "C2 CompilerThread0" daemon [_thread_blocked, id=17308, stack(0x000000001f9f0000,0x000000001faf0000)]
  0x000000001ebd6000 JavaThread "JDWP Command Reader" daemon [_thread_in_native, id=17420, stack(0x000000001fdf0000,0x000000001fef0000)]
  0x000000001ebd1000 JavaThread "JDWP Event Helper Thread" daemon [_thread_blocked, id=18752, stack(0x000000001fcf0000,0x000000001fdf0000)]
=>0x000000001ebc9000 JavaThread "JDWP Transport Listener: dt_socket" daemon [_thread_in_vm, id=3636, stack(0x000000001fbf0000,0x000000001fcf0000)]
  0x000000001eb7a800 JavaThread "Attach Listener" daemon [_thread_blocked, id=17472, stack(0x000000001f070000,0x000000001f170000)]
  0x000000001ebc6800 JavaThread "Signal Dispatcher" daemon [_thread_blocked, id=3792, stack(0x000000001ef70000,0x000000001f070000)]
  0x000000000375b800 JavaThread "Finalizer" daemon [_thread_blocked, id=19268, stack(0x000000001ea10000,0x000000001eb10000)]
  0x000000000375a800 JavaThread "Reference Handler" daemon [_thread_blocked, id=18264, stack(0x000000001e910000,0x000000001ea10000)]

Other Threads:
  0x000000001d147800 VMThread [stack: 0x000000001e810000,0x000000001e910000] [id=18300]
  0x0000000020466800 WatcherThread [stack: 0x0000000020e00000,0x0000000020f00000] [id=18732]

VM state:not at safepoint (normal execution)

VM Mutex/Monitor currently owned by a thread: None

Heap:
 PSYoungGen      total 522240K, used 286718K [0x000000076af00000, 0x000000078bf00000, 0x00000007c0000000)
  eden space 505856K, 54% used [0x000000076af00000,0x000000077bb23ab8,0x0000000789d00000)
  from space 16384K, 74% used [0x000000078ad00000,0x000000078b8dbfb8,0x000000078bd00000)
  to   space 16384K, 0% used [0x0000000789d00000,0x0000000789d00000,0x000000078ad00000)
 ParOldGen       total 212992K, used 80085K [0x00000006c0c00000, 0x00000006cdc00000, 0x000000076af00000)
  object space 212992K, 37% used [0x00000006c0c00000,0x00000006c5a354e8,0x00000006cdc00000)
 Metaspace       used 121069K, capacity 126790K, committed 126976K, reserved 1165312K
  class space    used 11020K, capacity 11961K, committed 12032K, reserved 1048576K

Card table byte_map: [0x0000000012c50000,0x0000000013450000] byte_map_base: 0x000000000f64a000

Marking Bits: (ParMarkBitMap*) 0x0000000074e2a5b0
 Begin Bits: [0x0000000013fb0000, 0x0000000017f80000)
 End Bits:   [0x0000000017f80000, 0x000000001bf50000)

Polling page: 0x0000000001870000

CodeCache: size=245760Kb used=27549Kb max_used=27549Kb free=218210Kb
 bounds [0x0000000003890000, 0x0000000005380000, 0x0000000012890000]
 total_blobs=13762 nmethods=13189 adapters=491
 compilation: enabled

Compilation events (10 events):
Event: 2742.466 Thread 0x0000000020204000 13337       1       org.springframework.core.annotation.AnnotationUtils::lambda$getAnnotationAttributes$0 (15 bytes)
Event: 2742.466 Thread 0x0000000020204000 nmethod 13337 0x0000000005375510 code [0x00000000053756a0, 0x00000000053759c8]
Event: 2742.467 Thread 0x0000000020204000 13338       1       org.springframework.core.annotation.AnnotationAttributes::<init> (34 bytes)
Event: 2742.467 Thread 0x0000000020204000 nmethod 13338 0x0000000005375c10 code [0x0000000005375d80, 0x0000000005376018]
Event: 2742.468 Thread 0x0000000020204000 13339       1       org.springframework.beans.factory.config.BeanDefinitionHolder::matchesName (46 bytes)
Event: 2742.468 Thread 0x0000000020204000 nmethod 13339 0x00000000053761d0 code [0x0000000005376380, 0x00000000053766d8]
Event: 2742.728 Thread 0x0000000020204000 13340       1       java.net.Inet4Address::<init> (29 bytes)
Event: 2742.728 Thread 0x0000000020204000 nmethod 13340 0x00000000053769d0 code [0x0000000005376b20, 0x0000000005376cd0]
Event: 2742.729 Thread 0x0000000020204000 13341   !   1       org.springframework.context.event.AbstractApplicationEventMulticaster::retrieveApplicationListeners (378 bytes)
Event: 2742.730 Thread 0x0000000020204000 nmethod 13341 0x0000000005376d90 code [0x0000000005377140, 0x0000000005378368]

GC Heap History (10 events):
Event: 2606.478 GC heap before
{Heap before GC invocations=50 (full 13):
 PSYoungGen      total 507392K, used 10317K [0x000000076af00000, 0x000000078b500000, 0x00000007c0000000)
  eden space 496640K, 0% used [0x000000076af00000,0x000000076af00000,0x0000000789400000)
  from space 10752K, 95% used [0x0000000789800000,0x000000078a213558,0x000000078a280000)
  to   space 16896K, 0% used [0x000000078a480000,0x000000078a480000,0x000000078b500000)
 ParOldGen       total 212992K, used 70883K [0x00000006c0c00000, 0x00000006cdc00000, 0x000000076af00000)
  object space 212992K, 33% used [0x00000006c0c00000,0x00000006c5138d70,0x00000006cdc00000)
 Metaspace       used 111623K, capacity 117186K, committed 117504K, reserved 1155072K
  class space    used 10490K, capacity 11394K, committed 11520K, reserved 1048576K
Event: 2606.701 GC heap after
Heap after GC invocations=50 (full 13):
 PSYoungGen      total 507392K, used 0K [0x000000076af00000, 0x000000078b500000, 0x00000007c0000000)
  eden space 496640K, 0% used [0x000000076af00000,0x000000076af00000,0x0000000789400000)
  from space 10752K, 0% used [0x0000000789800000,0x0000000789800000,0x000000078a280000)
  to   space 16896K, 0% used [0x000000078a480000,0x000000078a480000,0x000000078b500000)
 ParOldGen       total 212992K, used 75501K [0x00000006c0c00000, 0x00000006cdc00000, 0x000000076af00000)
  object space 212992K, 35% used [0x00000006c0c00000,0x00000006c55bb528,0x00000006cdc00000)
 Metaspace       used 111172K, capacity 116466K, committed 117504K, reserved 1155072K
  class space    used 10424K, capacity 11273K, committed 11520K, reserved 1048576K
}
Event: 2610.635 GC heap before
{Heap before GC invocations=51 (full 13):
 PSYoungGen      total 507392K, used 496640K [0x000000076af00000, 0x000000078b500000, 0x00000007c0000000)
  eden space 496640K, 100% used [0x000000076af00000,0x0000000789400000,0x0000000789400000)
  from space 10752K, 0% used [0x0000000789800000,0x0000000789800000,0x000000078a280000)
  to   space 16896K, 0% used [0x000000078a480000,0x000000078a480000,0x000000078b500000)
 ParOldGen       total 212992K, used 75501K [0x00000006c0c00000, 0x00000006cdc00000, 0x000000076af00000)
  object space 212992K, 35% used [0x00000006c0c00000,0x00000006c55bb528,0x00000006cdc00000)
 Metaspace       used 114858K, capacity 120406K, committed 120704K, reserved 1159168K
  class space    used 10675K, capacity 11587K, committed 11648K, reserved 1048576K
Event: 2610.641 GC heap after
Heap after GC invocations=51 (full 13):
 PSYoungGen      total 513536K, used 12223K [0x000000076af00000, 0x000000078be00000, 0x00000007c0000000)
  eden space 496640K, 0% used [0x000000076af00000,0x000000076af00000,0x0000000789400000)
  from space 16896K, 72% used [0x000000078a480000,0x000000078b06fc88,0x000000078b500000)
  to   space 16896K, 0% used [0x0000000789400000,0x0000000789400000,0x000000078a480000)
 ParOldGen       total 212992K, used 75509K [0x00000006c0c00000, 0x00000006cdc00000, 0x000000076af00000)
  object space 212992K, 35% used [0x00000006c0c00000,0x00000006c55bd528,0x00000006cdc00000)
 Metaspace       used 114858K, capacity 120406K, committed 120704K, reserved 1159168K
  class space    used 10675K, capacity 11587K, committed 11648K, reserved 1048576K
}
Event: 2737.939 GC heap before
{Heap before GC invocations=52 (full 13):
 PSYoungGen      total 513536K, used 346632K [0x000000076af00000, 0x000000078be00000, 0x00000007c0000000)
  eden space 496640K, 67% used [0x000000076af00000,0x000000077f592438,0x0000000789400000)
  from space 16896K, 72% used [0x000000078a480000,0x000000078b06fc88,0x000000078b500000)
  to   space 16896K, 0% used [0x0000000789400000,0x0000000789400000,0x000000078a480000)
 ParOldGen       total 212992K, used 75509K [0x00000006c0c00000, 0x00000006cdc00000, 0x000000076af00000)
  object space 212992K, 35% used [0x00000006c0c00000,0x00000006c55bd528,0x00000006cdc00000)
 Metaspace       used 116422K, capacity 122076K, committed 122368K, reserved 1159168K
  class space    used 10758K, capacity 11695K, committed 11776K, reserved 1048576K
Event: 2737.944 GC heap after
Heap after GC invocations=52 (full 13):
 PSYoungGen      total 513536K, used 10349K [0x000000076af00000, 0x000000078bd00000, 0x00000007c0000000)
  eden space 496640K, 0% used [0x000000076af00000,0x000000076af00000,0x0000000789400000)
  from space 16896K, 61% used [0x0000000789400000,0x0000000789e1b538,0x000000078a480000)
  to   space 16384K, 0% used [0x000000078ad00000,0x000000078ad00000,0x000000078bd00000)
 ParOldGen       total 212992K, used 75517K [0x00000006c0c00000, 0x00000006cdc00000, 0x000000076af00000)
  object space 212992K, 35% used [0x00000006c0c00000,0x00000006c55bf528,0x00000006cdc00000)
 Metaspace       used 116422K, capacity 122076K, committed 122368K, reserved 1159168K
  class space    used 10758K, capacity 11695K, committed 11776K, reserved 1048576K
}
Event: 2737.944 GC heap before
{Heap before GC invocations=53 (full 14):
 PSYoungGen      total 513536K, used 10349K [0x000000076af00000, 0x000000078bd00000, 0x00000007c0000000)
  eden space 496640K, 0% used [0x000000076af00000,0x000000076af00000,0x0000000789400000)
  from space 16896K, 61% used [0x0000000789400000,0x0000000789e1b538,0x000000078a480000)
  to   space 16384K, 0% used [0x000000078ad00000,0x000000078ad00000,0x000000078bd00000)
 ParOldGen       total 212992K, used 75517K [0x00000006c0c00000, 0x00000006cdc00000, 0x000000076af00000)
  object space 212992K, 35% used [0x00000006c0c00000,0x00000006c55bf528,0x00000006cdc00000)
 Metaspace       used 116422K, capacity 122076K, committed 122368K, reserved 1159168K
  class space    used 10758K, capacity 11695K, committed 11776K, reserved 1048576K
Event: 2738.144 GC heap after
Heap after GC invocations=53 (full 14):
 PSYoungGen      total 513536K, used 0K [0x000000076af00000, 0x000000078bd00000, 0x00000007c0000000)
  eden space 496640K, 0% used [0x000000076af00000,0x000000076af00000,0x0000000789400000)
  from space 16896K, 0% used [0x0000000789400000,0x0000000789400000,0x000000078a480000)
  to   space 16384K, 0% used [0x000000078ad00000,0x000000078ad00000,0x000000078bd00000)
 ParOldGen       total 212992K, used 80077K [0x00000006c0c00000, 0x00000006cdc00000, 0x000000076af00000)
  object space 212992K, 37% used [0x00000006c0c00000,0x00000006c5a334e8,0x00000006cdc00000)
 Metaspace       used 115971K, capacity 121356K, committed 122368K, reserved 1159168K
  class space    used 10692K, capacity 11574K, committed 11776K, reserved 1048576K
}
Event: 2741.865 GC heap before
{Heap before GC invocations=54 (full 14):
 PSYoungGen      total 513536K, used 496640K [0x000000076af00000, 0x000000078bd00000, 0x00000007c0000000)
  eden space 496640K, 100% used [0x000000076af00000,0x0000000789400000,0x0000000789400000)
  from space 16896K, 0% used [0x0000000789400000,0x0000000789400000,0x000000078a480000)
  to   space 16384K, 0% used [0x000000078ad00000,0x000000078ad00000,0x000000078bd00000)
 ParOldGen       total 212992K, used 80077K [0x00000006c0c00000, 0x00000006cdc00000, 0x000000076af00000)
  object space 212992K, 37% used [0x00000006c0c00000,0x00000006c5a334e8,0x00000006cdc00000)
 Metaspace       used 119658K, capacity 125296K, committed 125696K, reserved 1163264K
  class space    used 10944K, capacity 11888K, committed 12032K, reserved 1048576K
Event: 2741.871 GC heap after
Heap after GC invocations=54 (full 14):
 PSYoungGen      total 522240K, used 12143K [0x000000076af00000, 0x000000078bf00000, 0x00000007c0000000)
  eden space 505856K, 0% used [0x000000076af00000,0x000000076af00000,0x0000000789d00000)
  from space 16384K, 74% used [0x000000078ad00000,0x000000078b8dbfb8,0x000000078bd00000)
  to   space 16384K, 0% used [0x0000000789d00000,0x0000000789d00000,0x000000078ad00000)
 ParOldGen       total 212992K, used 80085K [0x00000006c0c00000, 0x00000006cdc00000, 0x000000076af00000)
  object space 212992K, 37% used [0x00000006c0c00000,0x00000006c5a354e8,0x00000006cdc00000)
 Metaspace       used 119658K, capacity 125296K, committed 125696K, reserved 1163264K
  class space    used 10944K, capacity 11888K, committed 12032K, reserved 1048576K
}

Deoptimization events (0 events):
No events

Internal exceptions (10 events):
Event: 2742.273 Thread 0x0000000022551800 Exception <a 'java/lang/ArrayIndexOutOfBoundsException'> (0x000000076ef37c50) thrown at [C:\workspace\8-2-build-windows-amd64-cygwin\jdk8u65\4987\hotspot\src\share\vm\runtime\sharedRuntime.cpp, line 605]
Event: 2742.274 Thread 0x0000000022551800 Exception <a 'java/lang/ArrayIndexOutOfBoundsException'> (0x000000076ef4d858) thrown at [C:\workspace\8-2-build-windows-amd64-cygwin\jdk8u65\4987\hotspot\src\share\vm\runtime\sharedRuntime.cpp, line 605]
Event: 2742.275 Thread 0x0000000022551800 Exception <a 'java/lang/ArrayIndexOutOfBoundsException'> (0x000000076ef568a8) thrown at [C:\workspace\8-2-build-windows-amd64-cygwin\jdk8u65\4987\hotspot\src\share\vm\runtime\sharedRuntime.cpp, line 605]
Event: 2742.312 Thread 0x0000000022551800 Exception <a 'java/lang/ArrayIndexOutOfBoundsException'> (0x000000076f75d530) thrown at [C:\workspace\8-2-build-windows-amd64-cygwin\jdk8u65\4987\hotspot\src\share\vm\runtime\sharedRuntime.cpp, line 605]
Event: 2742.312 Thread 0x0000000022551800 Exception <a 'java/lang/ArrayIndexOutOfBoundsException'> (0x000000076f7618b8) thrown at [C:\workspace\8-2-build-windows-amd64-cygwin\jdk8u65\4987\hotspot\src\share\vm\runtime\sharedRuntime.cpp, line 605]
Event: 2742.312 Thread 0x0000000022551800 Exception <a 'java/lang/ArrayIndexOutOfBoundsException'> (0x000000076f7649b8) thrown at [C:\workspace\8-2-build-windows-amd64-cygwin\jdk8u65\4987\hotspot\src\share\vm\runtime\sharedRuntime.cpp, line 605]
Event: 2742.312 Thread 0x0000000022551800 Exception <a 'java/lang/ArrayIndexOutOfBoundsException'> (0x000000076f76b1a8) thrown at [C:\workspace\8-2-build-windows-amd64-cygwin\jdk8u65\4987\hotspot\src\share\vm\runtime\sharedRuntime.cpp, line 605]
Event: 2742.312 Thread 0x0000000022551800 Exception <a 'java/lang/ArrayIndexOutOfBoundsException'> (0x000000076f76fa10) thrown at [C:\workspace\8-2-build-windows-amd64-cygwin\jdk8u65\4987\hotspot\src\share\vm\runtime\sharedRuntime.cpp, line 605]
Event: 2742.312 Thread 0x0000000022551800 Exception <a 'java/lang/ArrayIndexOutOfBoundsException'> (0x000000076f774270) thrown at [C:\workspace\8-2-build-windows-amd64-cygwin\jdk8u65\4987\hotspot\src\share\vm\runtime\sharedRuntime.cpp, line 605]
Event: 2742.315 Thread 0x0000000022551800 Exception <a 'java/lang/ClassNotFoundException': yyyy/MM/dd HH:mm:ss> (0x000000076f83ca18) thrown at [C:\workspace\8-2-build-windows-amd64-cygwin\jdk8u65\4987\hotspot\src\share\vm\prims\jni.cpp, line 735]

Events (10 events):
Event: 2748.912 Executing VM operation: RevokeBias done
Event: 2753.032 Executing VM operation: RevokeBias
Event: 2753.032 Executing VM operation: RevokeBias done
Event: 2753.032 Thread 0x000000002460a800 Thread exited: 0x000000002460a800
Event: 2761.033 Executing VM operation: RevokeBias
Event: 2761.033 Executing VM operation: RevokeBias done
Event: 2761.033 Thread 0x000000002460d800 Thread exited: 0x000000002460d800
Event: 2771.033 Executing VM operation: RevokeBias
Event: 2771.033 Executing VM operation: RevokeBias done
Event: 2771.033 Thread 0x0000000024612000 Thread exited: 0x0000000024612000


Dynamic libraries:
0x00007ff6f9c90000 - 0x00007ff6f9cc7000 	D:\Program\Software\JDK\jdk1.8.0_65\bin\java.exe
0x00007ff873f40000 - 0x00007ff874121000 	C:\windows\SYSTEM32\ntdll.dll
0x00007ff871760000 - 0x00007ff871812000 	C:\windows\System32\KERNEL32.DLL
0x00007ff8706c0000 - 0x00007ff870933000 	C:\windows\System32\KERNELBASE.dll
0x00007ff871820000 - 0x00007ff8718c1000 	C:\windows\System32\ADVAPI32.dll
0x00007ff8713d0000 - 0x00007ff87146e000 	C:\windows\System32\msvcrt.dll
0x00007ff8721f0000 - 0x00007ff87224b000 	C:\windows\System32\sechost.dll
0x00007ff873de0000 - 0x00007ff873f04000 	C:\windows\System32\RPCRT4.dll
0x00007ff871c10000 - 0x00007ff871da0000 	C:\windows\System32\USER32.dll
0x00007ff8706a0000 - 0x00007ff8706c0000 	C:\windows\System32\win32u.dll
0x00007ff871610000 - 0x00007ff871638000 	C:\windows\System32\GDI32.dll
0x00007ff871230000 - 0x00007ff8713c2000 	C:\windows\System32\gdi32full.dll
0x00007ff870600000 - 0x00007ff87069f000 	C:\windows\System32\msvcp_win.dll
0x00007ff8710d0000 - 0x00007ff8711ca000 	C:\windows\System32\ucrtbase.dll
0x00007ff85dcb0000 - 0x00007ff85df19000 	C:\windows\WinSxS\amd64_microsoft.windows.common-controls_6595b64144ccf1df_6.0.17134.1_none_e4da93291059d8fb\COMCTL32.dll
0x00007ff871da0000 - 0x00007ff8720c3000 	C:\windows\System32\combase.dll
0x00007ff870940000 - 0x00007ff8709ba000 	C:\windows\System32\bcryptPrimitives.dll
0x00007ff872150000 - 0x00007ff87217d000 	C:\windows\System32\IMM32.DLL
0x0000000074eb0000 - 0x0000000074f82000 	D:\Program\Software\JDK\jdk1.8.0_65\jre\bin\msvcr100.dll
0x0000000074620000 - 0x0000000074ea9000 	D:\Program\Software\JDK\jdk1.8.0_65\jre\bin\server\jvm.dll
0x00007ff873dd0000 - 0x00007ff873dd8000 	C:\windows\System32\PSAPI.DLL
0x00007ff86e5b0000 - 0x00007ff86e5d3000 	C:\windows\SYSTEM32\WINMM.dll
0x00007ff86b030000 - 0x00007ff86b03a000 	C:\windows\SYSTEM32\VERSION.dll
0x00007ff851be0000 - 0x00007ff851be9000 	C:\windows\SYSTEM32\WSOCK32.dll
0x00007ff872180000 - 0x00007ff8721ec000 	C:\windows\System32\WS2_32.dll
0x00007ff86e550000 - 0x00007ff86e57a000 	C:\windows\SYSTEM32\winmmbase.dll
0x00007ff870310000 - 0x00007ff870359000 	C:\windows\System32\cfgmgr32.dll
0x0000000077d10000 - 0x0000000077d1f000 	D:\Program\Software\JDK\jdk1.8.0_65\jre\bin\verify.dll
0x00000000770c0000 - 0x00000000770e9000 	D:\Program\Software\JDK\jdk1.8.0_65\jre\bin\java.dll
0x00000000745c0000 - 0x00000000745f5000 	D:\Program\Software\JDK\jdk1.8.0_65\jre\bin\jdwp.dll
0x00000000778b0000 - 0x00000000778b8000 	D:\Program\Software\JDK\jdk1.8.0_65\jre\bin\npt.dll
0x00000000744b0000 - 0x00000000744d3000 	D:\Program\Software\JDK\jdk1.8.0_65\jre\bin\instrument.dll
0x0000000074600000 - 0x0000000074616000 	D:\Program\Software\JDK\jdk1.8.0_65\jre\bin\zip.dll
0x00007ff872840000 - 0x00007ff873c80000 	C:\windows\System32\SHELL32.dll
0x00007ff871470000 - 0x00007ff871519000 	C:\windows\System32\shcore.dll
0x00007ff8709c0000 - 0x00007ff8710cd000 	C:\windows\System32\windows.storage.dll
0x00007ff871a30000 - 0x00007ff871a81000 	C:\windows\System32\shlwapi.dll
0x00007ff8702f0000 - 0x00007ff870301000 	C:\windows\System32\kernel.appcore.dll
0x00007ff870260000 - 0x00007ff87027f000 	C:\windows\System32\profapi.dll
0x00007ff870280000 - 0x00007ff8702cc000 	C:\windows\System32\powrprof.dll
0x00007ff870250000 - 0x00007ff87025a000 	C:\windows\System32\FLTLIB.DLL
0x0000000074460000 - 0x0000000074469000 	D:\Program\Software\JDK\jdk1.8.0_65\jre\bin\dt_socket.dll
0x0000000180000000 - 0x000000018008c000 	C:\windows\system32\ASProxy64.dll
0x00007ff8718d0000 - 0x00007ff871a21000 	C:\windows\System32\ole32.dll
0x00007ff873d00000 - 0x00007ff873dc2000 	C:\windows\System32\OLEAUT32.dll
0x00007ff86fa70000 - 0x00007ff86fad6000 	C:\windows\SYSTEM32\MSWSOCK.dll
0x00007ff86f7f0000 - 0x00007ff86f828000 	C:\windows\SYSTEM32\IPHLPAPI.DLL
0x00007ff870180000 - 0x00007ff8701b0000 	C:\windows\SYSTEM32\SspiCli.dll
0x00007ff86e910000 - 0x00007ff86e9a8000 	C:\windows\system32\uxtheme.dll
0x0000000074450000 - 0x000000007445d000 	D:\Program\Software\JDK\jdk1.8.0_65\jre\bin\management.dll
0x0000000074490000 - 0x00000000744aa000 	D:\Program\Software\JDK\jdk1.8.0_65\jre\bin\net.dll
0x0000000074470000 - 0x0000000074481000 	D:\Program\Software\JDK\jdk1.8.0_65\jre\bin\nio.dll
0x00007ff859440000 - 0x00007ff859456000 	C:\windows\system32\napinsp.dll
0x00007ff853a00000 - 0x00007ff853a1a000 	C:\windows\system32\pnrpnsp.dll
0x00007ff86cb70000 - 0x00007ff86cb89000 	C:\windows\system32\NLAapi.dll
0x00007ff86f830000 - 0x00007ff86f8ee000 	C:\windows\SYSTEM32\DNSAPI.dll
0x00007ff8716b0000 - 0x00007ff8716b8000 	C:\windows\System32\NSI.dll
0x00007ff863010000 - 0x00007ff86301e000 	C:\windows\System32\winrnr.dll
0x00007ff86ac30000 - 0x00007ff86ac45000 	C:\windows\System32\wshbth.dll
0x00007ff868c90000 - 0x00007ff868c9a000 	C:\Windows\System32\rasadhlp.dll
0x00007ff868ca0000 - 0x00007ff868d12000 	C:\windows\System32\fwpuclnt.dll
0x00007ff86fd50000 - 0x00007ff86fd75000 	C:\windows\SYSTEM32\bcrypt.dll
0x00007ff86fc30000 - 0x00007ff86fc47000 	C:\windows\SYSTEM32\CRYPTSP.dll
0x00007ff86f650000 - 0x00007ff86f683000 	C:\windows\system32\rsaenh.dll
0x00007ff870150000 - 0x00007ff870178000 	C:\windows\SYSTEM32\USERENV.dll
0x00007ff86fc20000 - 0x00007ff86fc2b000 	C:\windows\SYSTEM32\CRYPTBASE.dll
0x00007ff8697e0000 - 0x00007ff8697f6000 	C:\windows\SYSTEM32\dhcpcsvc6.DLL
0x00007ff869c60000 - 0x00007ff869c7a000 	C:\windows\SYSTEM32\dhcpcsvc.DLL
0x0000000074420000 - 0x0000000074444000 	D:\Program\Software\JDK\jdk1.8.0_65\jre\bin\sunec.dll
0x00007ff8622d0000 - 0x00007ff862499000 	C:\windows\SYSTEM32\dbghelp.dll

VM Arguments:
jvm_args: -agentlib:jdwp=transport=dt_socket,address=127.0.0.1:50706,suspend=y,server=n -XX:TieredStopAtLevel=1 -Xverify:none -Dspring.output.ansi.enabled=always -Dcom.sun.management.jmxremote -Dcom.sun.management.jmxremote.port=50705 -Dcom.sun.management.jmxremote.authenticate=false -Dcom.sun.management.jmxremote.ssl=false -Djava.rmi.server.hostname=localhost -Dspring.liveBeansView.mbeanDomain -Dspring.application.admin.enabled=true -javaagent:D:\Program\Software\IDEA\IDEA2018.2.4\lib\rt\debugger-agent.jar=file:/C:/Users/Administrator/AppData/Local/Temp/capture.props -Dfile.encoding=UTF-8 
java_command: com.egao.EasyWebApplication
java_class_path (initial): D:\Program\Software\JDK\jdk1.8.0_65\jre\lib\charsets.jar;D:\Program\Software\JDK\jdk1.8.0_65\jre\lib\deploy.jar;D:\Program\Software\JDK\jdk1.8.0_65\jre\lib\ext\access-bridge-64.jar;D:\Program\Software\JDK\jdk1.8.0_65\jre\lib\ext\cldrdata.jar;D:\Program\Software\JDK\jdk1.8.0_65\jre\lib\ext\dnsns.jar;D:\Program\Software\JDK\jdk1.8.0_65\jre\lib\ext\jaccess.jar;D:\Program\Software\JDK\jdk1.8.0_65\jre\lib\ext\jfxrt.jar;D:\Program\Software\JDK\jdk1.8.0_65\jre\lib\ext\localedata.jar;D:\Program\Software\JDK\jdk1.8.0_65\jre\lib\ext\nashorn.jar;D:\Program\Software\JDK\jdk1.8.0_65\jre\lib\ext\sunec.jar;D:\Program\Software\JDK\jdk1.8.0_65\jre\lib\ext\sunjce_provider.jar;D:\Program\Software\JDK\jdk1.8.0_65\jre\lib\ext\sunmscapi.jar;D:\Program\Software\JDK\jdk1.8.0_65\jre\lib\ext\sunpkcs11.jar;D:\Program\Software\JDK\jdk1.8.0_65\jre\lib\ext\zipfs.jar;D:\Program\Software\JDK\jdk1.8.0_65\jre\lib\javaws.jar;D:\Program\Software\JDK\jdk1.8.0_65\jre\lib\jce.jar;D:\Program\Software\JDK\jdk1.8.0_65\jre\lib\jfr.jar;D:\Program\Software\JDK\jdk1.8.0_65\jre\lib\jfxswt.jar;D:\Program\Software\JDK\jdk1.8.0_65\jre\lib\jsse.jar;D:\Program\Software\JDK\jdk1.8.0_65\jre\lib\management-agent.jar;D:\Program\Software\JDK\jdk1.8.0_65\jre\lib\plugin.jar;D:\Program\Software\JDK\jdk1.8.0_65\jre\lib\resources.jar;D:\Program\Software\JDK\jdk1.8.0_65\jre\lib\rt.jar;F:\Program\WorkspaceI\vcc\target\classes;C:\Users\Administrator\.m2\repository\org\springframework\boot\spring-boot-devtools\2.2.2.RELEASE\spring-boot-devtools-2.2.2.RELEASE.jar;C:\Users\Administrator\.m2\repository\org\springframework\boot\spring-boot\2.2.2.RELEASE\spring-boot-2.2.2.RELEASE.jar;C:\Users\Administrator\.m2\repository\org\springframework\boot\spring-boot-autoconfigure\2.2.2.RELEASE\spring-boot-autoconfigure-2.2.2.RELEASE.jar;C:\Users\Administrator\.m2\repository\org\springframework\boot\spring-boot-starter\2.2.2.RELEASE\spring-boot-starter-2.2.2.RELEASE.jar;C:\Users\Administrator\.m2\repository\org\sprin
Launcher Type: SUN_STANDARD

Environment Variables:
JAVA_HOME=D:\Program\Software\JDK\jdk1.8.0_65
CLASSPATH=.;D:\Program\Software\JDK\jdk1.8.0_65\lib;D:\Program\Software\JDK\jdk1.8.0_65\lib\tools.jar
PATH=C:\Program Files (x86)\RSA SecurID Token Common;C:\Program Files\RSA SecurID Token Common;D:\Program\Software\JDK\jdk1.8.0_65\bin;C:\windows\system32\;C:\windows;C:\windows\System32\Wbem;C:\windows\System32\WindowsPowerShell\v1.0\;C:\windows\System32\OpenSSH\;D:\Program\Software\MySQL5.5.4\bin;D:\Program\Software\MySQL\bin;D:\Program\Software\apache-maven-3.3.9\bin;C:\windows\system33;D:\Program\Software\TortoiseSVN\Install\bin;F:\Program\Software\Anaconda\Anaconda3\Scripts;F:\Program\Software\Gradle\gradle-4.7\bin;F:\Program\Software\python-2.7.16\Python27\;F:\Program\Software\Git\cmd;F:\Software\Gpg4win\..\GnuPG\bin;C:\Program Files\RSA SecurID Token Common\
USERNAME=Administrator
OS=Windows_NT
PROCESSOR_IDENTIFIER=Intel64 Family 6 Model 158 Stepping 10, GenuineIntel



---------------  S Y S T E M  ---------------

OS: Windows 10.0 , 64 bit Build 17134 (10.0.17134.1)

CPU:total 6 (6 cores per cpu, 1 threads per core) family 6 model 158 stepping 10, cmov, cx8, fxsr, mmx, sse, sse2, sse3, ssse3, sse4.1, sse4.2, popcnt, avx, avx2, aes, clmul, erms, 3dnowpref, lzcnt, tsc, tscinvbit, bmi1, bmi2, adx

Memory: 4k page, physical 16723468k(7709920k free), swap 17772044k(5070908k free)

vm_info: Java HotSpot(TM) 64-Bit Server VM (25.65-b01) for windows-amd64 JRE (1.8.0_65-b17), built on Oct  6 2015 16:39:20 by "java_re" with MS VC++ 10.0 (VS2010)

time: Wed Dec 23 09:51:29 2020
elapsed time: 2826 seconds (0d 0h 47m 6s)

