#
# A fatal error has been detected by the Java Runtime Environment:
#
#  EXCEPTION_ACCESS_VIOLATION (0xc0000005) at pc=0x0000000068053b43, pid=14592, tid=16324
#
# JRE version: Java(TM) SE Runtime Environment (8.0_65-b17) (build 1.8.0_65-b17)
# Java VM: Java HotSpot(TM) 64-Bit Server VM (25.65-b01 mixed mode windows-amd64 compressed oops)
# Problematic frame:
# V  [jvm.dll+0x1c3b43]
#
# Failed to write core dump. Minidumps are not enabled by default on client versions of Windows
#
# If you would like to submit a bug report, please visit:
#   http://bugreport.java.com/bugreport/crash.jsp
#

---------------  T H R E A D  ---------------

Current thread (0x000000001e4f7000):  JavaThread "JDWP Transport Listener: dt_socket" daemon [_thread_in_vm, id=16324, stack(0x000000001f510000,0x000000001f610000)]

siginfo: ExceptionCode=0xc0000005, reading address 0x0000000000000020

Registers:
RAX=0x000000002cabfc48, RBX=0x0000000000000007, RCX=0x0000000000000000, RDX=0x0000000000000001
RSP=0x000000001f60ec90, RBP=0x000000001f60ed90, RSI=0x000000001e4f7000, RDI=0x00000000313b8260
R8 =0x0000000000000007, R9 =0x0000000000000001, R10=0x0000000000000003, R11=0x0000000000000001
R12=0x000000002c91ddb8, R13=0x0000000000007eff, R14=0x000000002c909c28, R15=0x00000000313b8258
RIP=0x0000000068053b43, EFLAGS=0x0000000000010297

Top of Stack: (sp=0x000000001f60ec90)
0x000000001f60ec90:   0000000000000004 00000000313b8210
0x000000001f60eca0:   0000000000000000 ffffffff36010000
0x000000001f60ecb0:   0000000056546c00 0000000000000000
0x000000001f60ecc0:   0000000700000001 0000000000000001
0x000000001f60ecd0:   0000000000000007 00000000313b8260
0x000000001f60ece0:   0000000000000007 0000000000000007
0x000000001f60ecf0:   00000000313b6208 0000000000000001
0x000000001f60ed00:   000000001e4f7000 00000000313b8258
0x000000001f60ed10:   00000000313b8210 00000000313b2f08
0x000000001f60ed20:   000000001e4f7000 0000000400000004
0x000000001f60ed30:   e1518b4200000018 595949344129d100
0x000000001f60ed40:   0000000000000000 0000000000000000
0x000000001f60ed50:   000000002c8bb3a0 00000000313b0028
0x000000001f60ed60:   000000001e4f7000 0000000400000004
0x000000001f60ed70:   0000000000000018 0000000068126572
0x000000001f60ed80:   0000000000000000 0000000000000000 

Instructions: (pc=0x0000000068053b43)
0x0000000068053b23:   8b 30 4c 3b cb 7c 0d b8 02 00 00 00 44 8b d0 e9
0x0000000068053b33:   5e 01 00 00 4d 8b 27 49 8b 4e 08 49 8b 44 24 08
0x0000000068053b43:   0f b7 51 20 48 8b 49 08 44 0f b7 40 20 48 8b 40
0x0000000068053b53:   08 4a 8b 44 c0 50 48 39 44 d1 50 49 8b 44 24 08 


Register to memory mapping:

RAX=0x000000002cabfc48 is pointing into metadata
RBX=0x0000000000000007 is an unknown value
RCX=0x0000000000000000 is an unknown value
RDX=0x0000000000000001 is an unknown value
RSP=0x000000001f60ec90 is pointing into the stack for thread: 0x000000001e4f7000
RBP=0x000000001f60ed90 is pointing into the stack for thread: 0x000000001e4f7000
RSI=0x000000001e4f7000 is a thread
RDI=0x00000000313b8260 is pointing into metadata
R8 =0x0000000000000007 is an unknown value
R9 =0x0000000000000001 is an unknown value
R10=0x0000000000000003 is an unknown value
R11=0x0000000000000001 is an unknown value
R12={method} {0x000000002c91ddc0} 'add' '(Ljavax/servlet/http/HttpServletRequest;Ljava/lang/Long;Ljava/lang/String;Ljava/lang/String;Ljava/lang/String;)Lcom/egao/common/core/web/JsonResult;' in 'com/egao/common/system/controller/CustomerController'
R13=0x0000000000007eff is an unknown value
R14=0x000000002c909c28 is pointing into metadata
R15=0x00000000313b8258 is pointing into metadata


Stack: [0x000000001f510000,0x000000001f610000],  sp=0x000000001f60ec90,  free space=1019k
Native frames: (J=compiled Java code, j=interpreted, Vv=VM code, C=native code)
V  [jvm.dll+0x1c3b43]
V  [jvm.dll+0x1caec7]
V  [jvm.dll+0x1cb8f2]
V  [jvm.dll+0x248430]
V  [jvm.dll+0x1a25a1]
V  [jvm.dll+0x3453e4]
C  [jdwp.dll+0x9e6b]
C  [jdwp.dll+0xf0a8]
C  [jdwp.dll+0x1f2d5]
C  [jdwp.dll+0x1f4aa]
V  [jvm.dll+0x1bb8f8]
V  [jvm.dll+0x243144]
V  [jvm.dll+0x299f7a]
C  [msvcr100.dll+0x21d9f]
C  [msvcr100.dll+0x21e3b]
C  [KERNEL32.DLL+0x13034]
C  [ntdll.dll+0x71551]


---------------  P R O C E S S  ---------------

Java Threads: ( => current thread )
  0x0000000024656000 JavaThread "restartedMain" [_thread_blocked, id=21316, stack(0x0000000079700000,0x0000000079800000)]
  0x000000002465c000 JavaThread "Thread-238" [_thread_blocked, id=19476, stack(0x0000000079500000,0x0000000079600000)]
  0x0000000023f70000 JavaThread "File Watcher" daemon [_thread_blocked, id=21024, stack(0x000000005d6a0000,0x000000005d7a0000)]
  0x0000000024657800 JavaThread "File Watcher" daemon [_thread_blocked, id=21368, stack(0x00000000358a0000,0x00000000359a0000)]
  0x0000000023f7b000 JavaThread "DestroyJavaVM" [_thread_blocked, id=17392, stack(0x0000000002e60000,0x0000000002f60000)]
  0x0000000023f71000 JavaThread "Live Reload Server" daemon [_thread_in_native, id=6632, stack(0x00000000269a0000,0x0000000026aa0000)]
  0x0000000023ccd000 JavaThread "mysql-cj-abandoned-connection-cleanup" daemon [_thread_blocked, id=212, stack(0x00000000251a0000,0x00000000252a0000)]
  0x0000000022019000 JavaThread "shiro-active%0053ession%0043ache.data" [_thread_blocked, id=19876, stack(0x00000000234d0000,0x00000000235d0000)]
  0x0000000022014000 JavaThread "shirocache" daemon [_thread_blocked, id=9104, stack(0x00000000233d0000,0x00000000234d0000)]
  0x00000000200f7800 JavaThread "RMI Scheduler(0)" daemon [_thread_blocked, id=4744, stack(0x0000000021000000,0x0000000021100000)]
  0x000000001fda9800 JavaThread "RMI TCP Accept-0" daemon [_thread_in_native, id=3484, stack(0x0000000020650000,0x0000000020750000)]
  0x000000001fd98000 JavaThread "RMI TCP Accept-53391" daemon [_thread_in_native, id=20360, stack(0x0000000020550000,0x0000000020650000)]
  0x000000001fd8b000 JavaThread "RMI TCP Accept-0" daemon [_thread_in_native, id=3860, stack(0x0000000020450000,0x0000000020550000)]
  0x000000001fc17000 JavaThread "Service Thread" daemon [_thread_blocked, id=10332, stack(0x0000000020350000,0x0000000020450000)]
  0x000000001fb83000 JavaThread "C1 CompilerThread2" daemon [_thread_blocked, id=5812, stack(0x0000000020150000,0x0000000020250000)]
  0x000000001fb80800 JavaThread "C2 CompilerThread1" daemon [_thread_blocked, id=2148, stack(0x000000001f810000,0x000000001f910000)]
  0x000000001fb7d800 JavaThread "C2 CompilerThread0" daemon [_thread_blocked, id=18832, stack(0x000000001f310000,0x000000001f410000)]
  0x000000001e505000 JavaThread "JDWP Command Reader" daemon [_thread_blocked, id=18308, stack(0x000000001f710000,0x000000001f810000)]
  0x000000001e504000 JavaThread "JDWP Event Helper Thread" daemon [_thread_blocked, id=9564, stack(0x000000001f610000,0x000000001f710000)]
=>0x000000001e4f7000 JavaThread "JDWP Transport Listener: dt_socket" daemon [_thread_in_vm, id=16324, stack(0x000000001f510000,0x000000001f610000)]
  0x000000001e4aa800 JavaThread "Attach Listener" daemon [_thread_blocked, id=19524, stack(0x000000001e9a0000,0x000000001eaa0000)]
  0x000000001e4f6800 JavaThread "Signal Dispatcher" daemon [_thread_blocked, id=8556, stack(0x000000001e8a0000,0x000000001e9a0000)]
  0x000000000305b800 JavaThread "Finalizer" daemon [_thread_blocked, id=16056, stack(0x000000001e340000,0x000000001e440000)]
  0x000000000305a800 JavaThread "Reference Handler" daemon [_thread_blocked, id=6364, stack(0x000000001e240000,0x000000001e340000)]

Other Threads:
  0x000000001ca77800 VMThread [stack: 0x000000001e140000,0x000000001e240000] [id=8692]
  0x000000001fdb4800 WatcherThread [stack: 0x0000000020750000,0x0000000020850000] [id=16512]

VM state:synchronizing (normal execution)

VM Mutex/Monitor currently owned by a thread:  ([mutex/lock_event])
[0x0000000002f608d0] Threads_lock - owner thread: 0x000000001ca77800

Heap:
 PSYoungGen      total 297984K, used 3266K [0x000000076af00000, 0x000000077e700000, 0x00000007c0000000)
  eden space 285696K, 1% used [0x000000076af00000,0x000000076b230b60,0x000000077c600000)
  from space 12288K, 0% used [0x000000077c600000,0x000000077c600000,0x000000077d200000)
  to   space 16896K, 0% used [0x000000077d680000,0x000000077d680000,0x000000077e700000)
 ParOldGen       total 186368K, used 178519K [0x00000006c0c00000, 0x00000006cc200000, 0x000000076af00000)
  object space 186368K, 95% used [0x00000006c0c00000,0x00000006cba55ef0,0x00000006cc200000)
 Metaspace       used 242075K, capacity 249024K, committed 251264K, reserved 1282048K
  class space    used 17859K, capacity 19120K, committed 19584K, reserved 1048576K

Card table byte_map: [0x0000000012580000,0x0000000012d80000] byte_map_base: 0x000000000ef7a000

Marking Bits: (ParMarkBitMap*) 0x000000006869a5b0
 Begin Bits: [0x00000000138e0000, 0x00000000178b0000)
 End Bits:   [0x00000000178b0000, 0x000000001b880000)

Polling page: 0x0000000002980000

CodeCache: size=245760Kb used=31833Kb max_used=31833Kb free=213926Kb
 bounds [0x00000000031c0000, 0x00000000050e0000, 0x00000000121c0000]
 total_blobs=15868 nmethods=15295 adapters=491
 compilation: enabled

Compilation events (10 events):
Event: 24662.422 Thread 0x000000001fb83000 15549       1       com.alibaba.druid.sql.ast.SQLStatementImpl::<init> (10 bytes)
Event: 24662.422 Thread 0x000000001fb83000 nmethod 15549 0x00000000050da990 code [0x00000000050daae0, 0x00000000050dac10]
Event: 24662.482 Thread 0x000000001fb83000 15550       1       com.fasterxml.jackson.databind.introspect.POJOPropertyBuilder$Linked::withoutNonVisible (36 bytes)
Event: 24662.482 Thread 0x000000001fb83000 nmethod 15550 0x00000000050dac90 code [0x00000000050dae00, 0x00000000050dafb8]
Event: 24662.483 Thread 0x000000001fb83000 15551       1       com.fasterxml.jackson.databind.introspect.POJOPropertyBuilder$Linked::trimByVisibility (86 bytes)
Event: 24662.483 Thread 0x000000001fb83000 nmethod 15551 0x00000000050db090 code [0x00000000050db240, 0x00000000050db4e8]
Event: 24662.484 Thread 0x000000001fb83000 15552       1       com.fasterxml.jackson.databind.type.TypeFactory::_fromWellKnownClass (61 bytes)
Event: 24662.484 Thread 0x000000001fb83000 nmethod 15552 0x00000000050db650 code [0x00000000050db7e0, 0x00000000050dba28]
Event: 24722.507 Thread 0x000000001fb83000 15553       1       java.io.IOException::<init> (5 bytes)
Event: 24722.507 Thread 0x000000001fb83000 nmethod 15553 0x00000000050dbb10 code [0x00000000050dbc80, 0x00000000050dbe28]

GC Heap History (10 events):
Event: 24656.444 GC heap before
{Heap before GC invocations=538 (full 44):
 PSYoungGen      total 282112K, used 272929K [0x000000076af00000, 0x000000077de00000, 0x00000007c0000000)
  eden space 264192K, 100% used [0x000000076af00000,0x000000077b100000,0x000000077b100000)
  from space 17920K, 48% used [0x000000077b100000,0x000000077b988770,0x000000077c280000)
  to   space 17408K, 0% used [0x000000077cd00000,0x000000077cd00000,0x000000077de00000)
 ParOldGen       total 186368K, used 174213K [0x00000006c0c00000, 0x00000006cc200000, 0x000000076af00000)
  object space 186368K, 93% used [0x00000006c0c00000,0x00000006cb6216a0,0x00000006cc200000)
 Metaspace       used 241947K, capacity 249178K, committed 251008K, reserved 1280000K
  class space    used 17882K, capacity 19199K, committed 19584K, reserved 1048576K
Event: 24656.452 GC heap after
Heap after GC invocations=538 (full 44):
 PSYoungGen      total 293376K, used 11453K [0x000000076af00000, 0x000000077e000000, 0x00000007c0000000)
  eden space 275968K, 0% used [0x000000076af00000,0x000000076af00000,0x000000077bc80000)
  from space 17408K, 65% used [0x000000077cd00000,0x000000077d82f478,0x000000077de00000)
  to   space 16896K, 0% used [0x000000077bc80000,0x000000077bc80000,0x000000077cd00000)
 ParOldGen       total 186368K, used 174213K [0x00000006c0c00000, 0x00000006cc200000, 0x000000076af00000)
  object space 186368K, 93% used [0x00000006c0c00000,0x00000006cb6216a0,0x00000006cc200000)
 Metaspace       used 241947K, capacity 249178K, committed 251008K, reserved 1280000K
  class space    used 17882K, capacity 19199K, committed 19584K, reserved 1048576K
}
Event: 24700.913 GC heap before
{Heap before GC invocations=539 (full 44):
 PSYoungGen      total 293376K, used 287421K [0x000000076af00000, 0x000000077e000000, 0x00000007c0000000)
  eden space 275968K, 100% used [0x000000076af00000,0x000000077bc80000,0x000000077bc80000)
  from space 17408K, 65% used [0x000000077cd00000,0x000000077d82f478,0x000000077de00000)
  to   space 16896K, 0% used [0x000000077bc80000,0x000000077bc80000,0x000000077cd00000)
 ParOldGen       total 186368K, used 174213K [0x00000006c0c00000, 0x00000006cc200000, 0x000000076af00000)
  object space 186368K, 93% used [0x00000006c0c00000,0x00000006cb6216a0,0x00000006cc200000)
 Metaspace       used 242236K, capacity 249578K, committed 251264K, reserved 1282048K
  class space    used 17903K, capacity 19223K, committed 19584K, reserved 1048576K
Event: 24700.919 GC heap after
Heap after GC invocations=539 (full 44):
 PSYoungGen      total 292864K, used 12909K [0x000000076af00000, 0x000000077ea80000, 0x00000007c0000000)
  eden space 275968K, 0% used [0x000000076af00000,0x000000076af00000,0x000000077bc80000)
  from space 16896K, 76% used [0x000000077bc80000,0x000000077c91b5c8,0x000000077cd00000)
  to   space 17408K, 0% used [0x000000077d980000,0x000000077d980000,0x000000077ea80000)
 ParOldGen       total 186368K, used 174221K [0x00000006c0c00000, 0x00000006cc200000, 0x000000076af00000)
  object space 186368K, 93% used [0x00000006c0c00000,0x00000006cb6236a0,0x00000006cc200000)
 Metaspace       used 242236K, capacity 249578K, committed 251264K, reserved 1282048K
  class space    used 17903K, capacity 19223K, committed 19584K, reserved 1048576K
}
Event: 24773.311 GC heap before
{Heap before GC invocations=540 (full 44):
 PSYoungGen      total 292864K, used 288877K [0x000000076af00000, 0x000000077ea80000, 0x00000007c0000000)
  eden space 275968K, 100% used [0x000000076af00000,0x000000077bc80000,0x000000077bc80000)
  from space 16896K, 76% used [0x000000077bc80000,0x000000077c91b5c8,0x000000077cd00000)
  to   space 17408K, 0% used [0x000000077d980000,0x000000077d980000,0x000000077ea80000)
 ParOldGen       total 186368K, used 174221K [0x00000006c0c00000, 0x00000006cc200000, 0x000000076af00000)
  object space 186368K, 93% used [0x00000006c0c00000,0x00000006cb6236a0,0x00000006cc200000)
 Metaspace       used 242236K, capacity 249578K, committed 251264K, reserved 1282048K
  class space    used 17903K, capacity 19223K, committed 19584K, reserved 1048576K
Event: 24773.317 GC heap after
Heap after GC invocations=540 (full 44):
 PSYoungGen      total 300544K, used 13166K [0x000000076af00000, 0x000000077e800000, 0x00000007c0000000)
  eden space 285696K, 0% used [0x000000076af00000,0x000000076af00000,0x000000077c600000)
  from space 14848K, 88% used [0x000000077d980000,0x000000077e65bb90,0x000000077e800000)
  to   space 17408K, 0% used [0x000000077c600000,0x000000077c600000,0x000000077d700000)
 ParOldGen       total 186368K, used 174221K [0x00000006c0c00000, 0x00000006cc200000, 0x000000076af00000)
  object space 186368K, 93% used [0x00000006c0c00000,0x00000006cb6236a0,0x00000006cc200000)
 Metaspace       used 242236K, capacity 249578K, committed 251264K, reserved 1282048K
  class space    used 17903K, capacity 19223K, committed 19584K, reserved 1048576K
}
Event: 24799.667 GC heap before
{Heap before GC invocations=541 (full 44):
 PSYoungGen      total 300544K, used 118743K [0x000000076af00000, 0x000000077e800000, 0x00000007c0000000)
  eden space 285696K, 36% used [0x000000076af00000,0x000000077161a180,0x000000077c600000)
  from space 14848K, 88% used [0x000000077d980000,0x000000077e65bb90,0x000000077e800000)
  to   space 17408K, 0% used [0x000000077c600000,0x000000077c600000,0x000000077d700000)
 ParOldGen       total 186368K, used 174221K [0x00000006c0c00000, 0x00000006cc200000, 0x000000076af00000)
  object space 186368K, 93% used [0x00000006c0c00000,0x00000006cb6236a0,0x00000006cc200000)
 Metaspace       used 242465K, capacity 249648K, committed 251264K, reserved 1282048K
  class space    used 17916K, capacity 19225K, committed 19584K, reserved 1048576K
Event: 24799.673 GC heap after
Heap after GC invocations=541 (full 44):
 PSYoungGen      total 297984K, used 12078K [0x000000076af00000, 0x000000077e700000, 0x00000007c0000000)
  eden space 285696K, 0% used [0x000000076af00000,0x000000076af00000,0x000000077c600000)
  from space 12288K, 98% used [0x000000077c600000,0x000000077d1cbb10,0x000000077d200000)
  to   space 16896K, 0% used [0x000000077d680000,0x000000077d680000,0x000000077e700000)
 ParOldGen       total 186368K, used 174221K [0x00000006c0c00000, 0x00000006cc200000, 0x000000076af00000)
  object space 186368K, 93% used [0x00000006c0c00000,0x00000006cb6236a0,0x00000006cc200000)
 Metaspace       used 242465K, capacity 249648K, committed 251264K, reserved 1282048K
  class space    used 17916K, capacity 19225K, committed 19584K, reserved 1048576K
}
Event: 24799.673 GC heap before
{Heap before GC invocations=542 (full 45):
 PSYoungGen      total 297984K, used 12078K [0x000000076af00000, 0x000000077e700000, 0x00000007c0000000)
  eden space 285696K, 0% used [0x000000076af00000,0x000000076af00000,0x000000077c600000)
  from space 12288K, 98% used [0x000000077c600000,0x000000077d1cbb10,0x000000077d200000)
  to   space 16896K, 0% used [0x000000077d680000,0x000000077d680000,0x000000077e700000)
 ParOldGen       total 186368K, used 174221K [0x00000006c0c00000, 0x00000006cc200000, 0x000000076af00000)
  object space 186368K, 93% used [0x00000006c0c00000,0x00000006cb6236a0,0x00000006cc200000)
 Metaspace       used 242465K, capacity 249648K, committed 251264K, reserved 1282048K
  class space    used 17916K, capacity 19225K, committed 19584K, reserved 1048576K
Event: 24800.011 GC heap after
Heap after GC invocations=542 (full 45):
 PSYoungGen      total 297984K, used 0K [0x000000076af00000, 0x000000077e700000, 0x00000007c0000000)
  eden space 285696K, 0% used [0x000000076af00000,0x000000076af00000,0x000000077c600000)
  from space 12288K, 0% used [0x000000077c600000,0x000000077c600000,0x000000077d200000)
  to   space 16896K, 0% used [0x000000077d680000,0x000000077d680000,0x000000077e700000)
 ParOldGen       total 186368K, used 178519K [0x00000006c0c00000, 0x00000006cc200000, 0x000000076af00000)
  object space 186368K, 95% used [0x00000006c0c00000,0x00000006cba55ef0,0x00000006cc200000)
 Metaspace       used 242074K, capacity 249024K, committed 251264K, reserved 1282048K
  class space    used 17858K, capacity 19120K, committed 19584K, reserved 1048576K
}

Deoptimization events (0 events):
No events

Internal exceptions (10 events):
Event: 24656.515 Thread 0x0000000023ccc000 Exception <a 'java/lang/ArrayIndexOutOfBoundsException'> (0x000000076ba02588) thrown at [C:\workspace\8-2-build-windows-amd64-cygwin\jdk8u65\4987\hotspot\src\share\vm\runtime\sharedRuntime.cpp, line 605]
Event: 24656.515 Thread 0x0000000023ccc000 Exception <a 'java/lang/ArrayIndexOutOfBoundsException'> (0x000000076ba056d0) thrown at [C:\workspace\8-2-build-windows-amd64-cygwin\jdk8u65\4987\hotspot\src\share\vm\runtime\sharedRuntime.cpp, line 605]
Event: 24656.515 Thread 0x0000000023ccc000 Exception <a 'java/lang/ArrayIndexOutOfBoundsException'> (0x000000076ba0a200) thrown at [C:\workspace\8-2-build-windows-amd64-cygwin\jdk8u65\4987\hotspot\src\share\vm\runtime\sharedRuntime.cpp, line 605]
Event: 24656.518 Thread 0x0000000023ccc000 Exception <a 'java/lang/ClassNotFoundException': yyyy/MM/dd HH:mm:ss> (0x000000076bad5938) thrown at [C:\workspace\8-2-build-windows-amd64-cygwin\jdk8u65\4987\hotspot\src\share\vm\prims\jni.cpp, line 735]
Event: 24662.097 Thread 0x0000000023f7e000 Exception <a 'java/lang/ArrayIndexOutOfBoundsException'> (0x0000000771c459e0) thrown at [C:\workspace\8-2-build-windows-amd64-cygwin\jdk8u65\4987\hotspot\src\share\vm\runtime\sharedRuntime.cpp, line 605]
Event: 24662.186 Thread 0x0000000023f7e000 Exception <a 'java/lang/ArrayIndexOutOfBoundsException'> (0x0000000771f674d8) thrown at [C:\workspace\8-2-build-windows-amd64-cygwin\jdk8u65\4987\hotspot\src\share\vm\runtime\sharedRuntime.cpp, line 605]
Event: 24662.314 Thread 0x0000000023f7e000 Exception <a 'java/lang/ArrayIndexOutOfBoundsException'> (0x00000007724ad990) thrown at [C:\workspace\8-2-build-windows-amd64-cygwin\jdk8u65\4987\hotspot\src\share\vm\runtime\sharedRuntime.cpp, line 605]
Event: 24662.484 Thread 0x0000000024656000 Exception <a 'java/lang/ArrayIndexOutOfBoundsException'> (0x0000000772c0f040) thrown at [C:\workspace\8-2-build-windows-amd64-cygwin\jdk8u65\4987\hotspot\src\share\vm\runtime\sharedRuntime.cpp, line 605]
Event: 24798.252 Thread 0x0000000023f75800 Exception <a 'java/lang/InterruptedException': sleep interrupted> (0x000000076b63d9d0) thrown at [C:\workspace\8-2-build-windows-amd64-cygwin\jdk8u65\4987\hotspot\src\share\vm\prims\jvm.cpp, line 3215]
Event: 24799.606 Thread 0x0000000023cce800 Exception <a 'java/lang/InterruptedException': sleep interrupted> (0x00000007715a9888) thrown at [C:\workspace\8-2-build-windows-amd64-cygwin\jdk8u65\4987\hotspot\src\share\vm\prims\jvm.cpp, line 3215]

Events (10 events):
Event: 24799.666 Thread 0x0000000023ccf000 DEOPT UNPACKING pc=0x000000000320787f sp=0x0000000077bfeb30 mode 1
Event: 24799.666 Thread 0x0000000023ccf000 DEOPT PACKING pc=0x0000000003f36cdc sp=0x0000000077bfee80
Event: 24799.666 Thread 0x0000000023ccf000 DEOPT UNPACKING pc=0x000000000320787f sp=0x0000000077bfeba8 mode 1
Event: 24799.666 Thread 0x0000000023ccf000 DEOPT PACKING pc=0x00000000035f9d54 sp=0x0000000077bfeec0
Event: 24799.666 Thread 0x0000000023ccf000 DEOPT UNPACKING pc=0x000000000320787f sp=0x0000000077bfec58 mode 1
Event: 24799.666 Thread 0x0000000023ccb800 Thread exited: 0x0000000023ccb800
Event: 24799.666 Thread 0x0000000023ccf000 Thread exited: 0x0000000023ccf000
Event: 24799.666 Executing VM operation: ParallelGCSystemGC
Event: 24800.070 Executing VM operation: ParallelGCSystemGC done
Event: 24800.070 Thread 0x0000000024658000 Thread added: 0x0000000024658000


Dynamic libraries:
0x00007ff7e5c20000 - 0x00007ff7e5c57000 	D:\Program\Software\JDK\jdk1.8.0_65\bin\java.exe
0x00007ffa391e0000 - 0x00007ffa393c1000 	C:\windows\SYSTEM32\ntdll.dll
0x00007ffa390f0000 - 0x00007ffa391a2000 	C:\windows\System32\KERNEL32.DLL
0x00007ffa36390000 - 0x00007ffa36603000 	C:\windows\System32\KERNELBASE.dll
0x00007ffa38ee0000 - 0x00007ffa38f81000 	C:\windows\System32\ADVAPI32.dll
0x00007ffa375f0000 - 0x00007ffa3768e000 	C:\windows\System32\msvcrt.dll
0x00007ffa37150000 - 0x00007ffa371ab000 	C:\windows\System32\sechost.dll
0x00007ffa37260000 - 0x00007ffa37384000 	C:\windows\System32\RPCRT4.dll
0x00007ffa37900000 - 0x00007ffa37a90000 	C:\windows\System32\USER32.dll
0x00007ffa35780000 - 0x00007ffa357a0000 	C:\windows\System32\win32u.dll
0x00007ffa37460000 - 0x00007ffa37488000 	C:\windows\System32\GDI32.dll
0x00007ffa35eb0000 - 0x00007ffa36042000 	C:\windows\System32\gdi32full.dll
0x00007ffa362f0000 - 0x00007ffa3638f000 	C:\windows\System32\msvcp_win.dll
0x00007ffa35630000 - 0x00007ffa3572a000 	C:\windows\System32\ucrtbase.dll
0x00007ffa25450000 - 0x00007ffa256b9000 	C:\windows\WinSxS\amd64_microsoft.windows.common-controls_6595b64144ccf1df_6.0.17134.1_none_e4da93291059d8fb\COMCTL32.dll
0x00007ffa36d10000 - 0x00007ffa37033000 	C:\windows\System32\combase.dll
0x00007ffa355b0000 - 0x00007ffa3562a000 	C:\windows\System32\bcryptPrimitives.dll
0x00007ffa371b0000 - 0x00007ffa371dd000 	C:\windows\System32\IMM32.DLL
0x0000000068720000 - 0x00000000687f2000 	D:\Program\Software\JDK\jdk1.8.0_65\jre\bin\msvcr100.dll
0x0000000067e90000 - 0x0000000068719000 	D:\Program\Software\JDK\jdk1.8.0_65\jre\bin\server\jvm.dll
0x00007ffa37830000 - 0x00007ffa37838000 	C:\windows\System32\PSAPI.DLL
0x00007ffa17100000 - 0x00007ffa17109000 	C:\windows\SYSTEM32\WSOCK32.dll
0x00007ffa33840000 - 0x00007ffa33863000 	C:\windows\SYSTEM32\WINMM.dll
0x00007ffa30040000 - 0x00007ffa3004a000 	C:\windows\SYSTEM32\VERSION.dll
0x00007ffa373f0000 - 0x00007ffa3745c000 	C:\windows\System32\WS2_32.dll
0x00007ffa33810000 - 0x00007ffa3383a000 	C:\windows\SYSTEM32\WINMMBASE.dll
0x00007ffa35730000 - 0x00007ffa35779000 	C:\windows\System32\cfgmgr32.dll
0x0000000067e80000 - 0x0000000067e8f000 	D:\Program\Software\JDK\jdk1.8.0_65\jre\bin\verify.dll
0x0000000067e50000 - 0x0000000067e79000 	D:\Program\Software\JDK\jdk1.8.0_65\jre\bin\java.dll
0x0000000067df0000 - 0x0000000067e25000 	D:\Program\Software\JDK\jdk1.8.0_65\jre\bin\jdwp.dll
0x0000000067d00000 - 0x0000000067d08000 	D:\Program\Software\JDK\jdk1.8.0_65\jre\bin\npt.dll
0x0000000067cd0000 - 0x0000000067cf3000 	D:\Program\Software\JDK\jdk1.8.0_65\jre\bin\instrument.dll
0x0000000067e30000 - 0x0000000067e46000 	D:\Program\Software\JDK\jdk1.8.0_65\jre\bin\zip.dll
0x00007ffa37a90000 - 0x00007ffa38ed0000 	C:\windows\System32\SHELL32.dll
0x00007ffa370a0000 - 0x00007ffa37149000 	C:\windows\System32\shcore.dll
0x00007ffa357a0000 - 0x00007ffa35ead000 	C:\windows\System32\windows.storage.dll
0x00007ffa37390000 - 0x00007ffa373e1000 	C:\windows\System32\shlwapi.dll
0x00007ffa35570000 - 0x00007ffa35581000 	C:\windows\System32\kernel.appcore.dll
0x00007ffa35550000 - 0x00007ffa3556f000 	C:\windows\System32\profapi.dll
0x00007ffa35500000 - 0x00007ffa3554c000 	C:\windows\System32\powrprof.dll
0x00007ffa354f0000 - 0x00007ffa354fa000 	C:\windows\System32\FLTLIB.DLL
0x0000000067c80000 - 0x0000000067c89000 	D:\Program\Software\JDK\jdk1.8.0_65\jre\bin\dt_socket.dll
0x0000000180000000 - 0x000000018008c000 	C:\windows\system32\ASProxy64.dll
0x00007ffa38f90000 - 0x00007ffa390e1000 	C:\windows\System32\ole32.dll
0x00007ffa36c40000 - 0x00007ffa36d02000 	C:\windows\System32\OLEAUT32.dll
0x00007ffa34d10000 - 0x00007ffa34d76000 	C:\windows\SYSTEM32\MSWSOCK.dll
0x00007ffa34a90000 - 0x00007ffa34ac8000 	C:\windows\SYSTEM32\IPHLPAPI.DLL
0x00007ffa35420000 - 0x00007ffa35450000 	C:\windows\SYSTEM32\SspiCli.dll
0x00007ffa33bb0000 - 0x00007ffa33c48000 	C:\windows\system32\uxtheme.dll
0x0000000067c70000 - 0x0000000067c7d000 	D:\Program\Software\JDK\jdk1.8.0_65\jre\bin\management.dll
0x0000000067cb0000 - 0x0000000067cca000 	D:\Program\Software\JDK\jdk1.8.0_65\jre\bin\net.dll
0x0000000067c90000 - 0x0000000067ca1000 	D:\Program\Software\JDK\jdk1.8.0_65\jre\bin\nio.dll
0x00007ffa180a0000 - 0x00007ffa180b6000 	C:\windows\system32\napinsp.dll
0x00007ffa18080000 - 0x00007ffa1809a000 	C:\windows\system32\pnrpnsp.dll
0x00007ffa31e80000 - 0x00007ffa31e99000 	C:\windows\system32\NLAapi.dll
0x00007ffa34ad0000 - 0x00007ffa34b8e000 	C:\windows\SYSTEM32\DNSAPI.dll
0x00007ffa38ed0000 - 0x00007ffa38ed8000 	C:\windows\System32\NSI.dll
0x00007ffa1e270000 - 0x00007ffa1e27e000 	C:\windows\System32\winrnr.dll
0x00007ffa2fd10000 - 0x00007ffa2fd25000 	C:\windows\System32\wshbth.dll
0x00007ffa2df50000 - 0x00007ffa2df5a000 	C:\Windows\System32\rasadhlp.dll
0x00007ffa2e090000 - 0x00007ffa2e102000 	C:\windows\System32\fwpuclnt.dll
0x00007ffa34ff0000 - 0x00007ffa35015000 	C:\windows\SYSTEM32\bcrypt.dll
0x00007ffa34ed0000 - 0x00007ffa34ee7000 	C:\windows\SYSTEM32\CRYPTSP.dll
0x00007ffa348f0000 - 0x00007ffa34923000 	C:\windows\system32\rsaenh.dll
0x00007ffa353f0000 - 0x00007ffa35418000 	C:\windows\SYSTEM32\USERENV.dll
0x00007ffa34ec0000 - 0x00007ffa34ecb000 	C:\windows\SYSTEM32\CRYPTBASE.dll
0x00007ffa2edd0000 - 0x00007ffa2ede6000 	C:\windows\SYSTEM32\dhcpcsvc6.DLL
0x00007ffa2fe90000 - 0x00007ffa2feaa000 	C:\windows\SYSTEM32\dhcpcsvc.DLL
0x0000000067c40000 - 0x0000000067c64000 	D:\Program\Software\JDK\jdk1.8.0_65\jre\bin\sunec.dll
0x00007ffa22460000 - 0x00007ffa22629000 	C:\windows\SYSTEM32\dbghelp.dll

VM Arguments:
jvm_args: -agentlib:jdwp=transport=dt_socket,address=127.0.0.1:53392,suspend=y,server=n -XX:TieredStopAtLevel=1 -Xverify:none -Dspring.output.ansi.enabled=always -Dcom.sun.management.jmxremote -Dcom.sun.management.jmxremote.port=53391 -Dcom.sun.management.jmxremote.authenticate=false -Dcom.sun.management.jmxremote.ssl=false -Djava.rmi.server.hostname=localhost -Dspring.liveBeansView.mbeanDomain -Dspring.application.admin.enabled=true -javaagent:D:\Program\Software\IDEA\IDEA2018.2.4\lib\rt\debugger-agent.jar=file:/C:/Users/Administrator/AppData/Local/Temp/capture.props -Dfile.encoding=UTF-8 
java_command: com.egao.EasyWebApplication
java_class_path (initial): D:\Program\Software\JDK\jdk1.8.0_65\jre\lib\charsets.jar;D:\Program\Software\JDK\jdk1.8.0_65\jre\lib\deploy.jar;D:\Program\Software\JDK\jdk1.8.0_65\jre\lib\ext\access-bridge-64.jar;D:\Program\Software\JDK\jdk1.8.0_65\jre\lib\ext\cldrdata.jar;D:\Program\Software\JDK\jdk1.8.0_65\jre\lib\ext\dnsns.jar;D:\Program\Software\JDK\jdk1.8.0_65\jre\lib\ext\jaccess.jar;D:\Program\Software\JDK\jdk1.8.0_65\jre\lib\ext\jfxrt.jar;D:\Program\Software\JDK\jdk1.8.0_65\jre\lib\ext\localedata.jar;D:\Program\Software\JDK\jdk1.8.0_65\jre\lib\ext\nashorn.jar;D:\Program\Software\JDK\jdk1.8.0_65\jre\lib\ext\sunec.jar;D:\Program\Software\JDK\jdk1.8.0_65\jre\lib\ext\sunjce_provider.jar;D:\Program\Software\JDK\jdk1.8.0_65\jre\lib\ext\sunmscapi.jar;D:\Program\Software\JDK\jdk1.8.0_65\jre\lib\ext\sunpkcs11.jar;D:\Program\Software\JDK\jdk1.8.0_65\jre\lib\ext\zipfs.jar;D:\Program\Software\JDK\jdk1.8.0_65\jre\lib\javaws.jar;D:\Program\Software\JDK\jdk1.8.0_65\jre\lib\jce.jar;D:\Program\Software\JDK\jdk1.8.0_65\jre\lib\jfr.jar;D:\Program\Software\JDK\jdk1.8.0_65\jre\lib\jfxswt.jar;D:\Program\Software\JDK\jdk1.8.0_65\jre\lib\jsse.jar;D:\Program\Software\JDK\jdk1.8.0_65\jre\lib\management-agent.jar;D:\Program\Software\JDK\jdk1.8.0_65\jre\lib\plugin.jar;D:\Program\Software\JDK\jdk1.8.0_65\jre\lib\resources.jar;D:\Program\Software\JDK\jdk1.8.0_65\jre\lib\rt.jar;F:\Program\WorkspaceI\vcc\target\classes;C:\Users\Administrator\.m2\repository\org\springframework\boot\spring-boot-devtools\2.2.2.RELEASE\spring-boot-devtools-2.2.2.RELEASE.jar;C:\Users\Administrator\.m2\repository\org\springframework\boot\spring-boot\2.2.2.RELEASE\spring-boot-2.2.2.RELEASE.jar;C:\Users\Administrator\.m2\repository\org\springframework\boot\spring-boot-autoconfigure\2.2.2.RELEASE\spring-boot-autoconfigure-2.2.2.RELEASE.jar;C:\Users\Administrator\.m2\repository\org\springframework\boot\spring-boot-starter\2.2.2.RELEASE\spring-boot-starter-2.2.2.RELEASE.jar;C:\Users\Administrator\.m2\repository\org\sprin
Launcher Type: SUN_STANDARD

Environment Variables:
JAVA_HOME=D:\Program\Software\JDK\jdk1.8.0_65
CLASSPATH=.;D:\Program\Software\JDK\jdk1.8.0_65\lib;D:\Program\Software\JDK\jdk1.8.0_65\lib\tools.jar
PATH=C:\Program Files (x86)\RSA SecurID Token Common;C:\Program Files\RSA SecurID Token Common;D:\Program\Software\JDK\jdk1.8.0_65\bin;C:\windows\system32\;C:\windows;C:\windows\System32\Wbem;C:\windows\System32\WindowsPowerShell\v1.0\;C:\windows\System32\OpenSSH\;D:\Program\Software\MySQL5.5.4\bin;D:\Program\Software\MySQL\bin;D:\Program\Software\apache-maven-3.3.9\bin;C:\windows\system33;D:\Program\Software\TortoiseSVN\Install\bin;F:\Program\Software\Anaconda\Anaconda3\Scripts;F:\Program\Software\Gradle\gradle-4.7\bin;F:\Program\Software\python-2.7.16\Python27\;F:\Program\Software\Git\cmd;F:\Software\Gpg4win\..\GnuPG\bin;C:\Program Files\RSA SecurID Token Common\
USERNAME=Administrator
OS=Windows_NT
PROCESSOR_IDENTIFIER=Intel64 Family 6 Model 158 Stepping 10, GenuineIntel



---------------  S Y S T E M  ---------------

OS: Windows 10.0 , 64 bit Build 17134 (10.0.17134.1)

CPU:total 6 (6 cores per cpu, 1 threads per core) family 6 model 158 stepping 10, cmov, cx8, fxsr, mmx, sse, sse2, sse3, ssse3, sse4.1, sse4.2, popcnt, avx, avx2, aes, clmul, erms, 3dnowpref, lzcnt, tsc, tscinvbit, bmi1, bmi2, adx

Memory: 4k page, physical 16723468k(5712840k free), swap 17772044k(2844600k free)

vm_info: Java HotSpot(TM) 64-Bit Server VM (25.65-b01) for windows-amd64 JRE (1.8.0_65-b17), built on Oct  6 2015 16:39:20 by "java_re" with MS VC++ 10.0 (VS2010)

time: Mon Dec 07 16:49:29 2020
elapsed time: 24800 seconds (0d 6h 53m 20s)

