#
# A fatal error has been detected by the Java Runtime Environment:
#
#  EXCEPTION_ACCESS_VIOLATION (0xc0000005) at pc=0x0000000059ee25f2, pid=9460, tid=16472
#
# JRE version: Java(TM) SE Runtime Environment (8.0_65-b17) (build 1.8.0_65-b17)
# Java VM: Java HotSpot(TM) 64-Bit Server VM (25.65-b01 mixed mode windows-amd64 compressed oops)
# Problematic frame:
# V  [jvm.dll+0x625f2]
#
# Failed to write core dump. Minidumps are not enabled by default on client versions of Windows
#
# If you would like to submit a bug report, please visit:
#   http://bugreport.java.com/bugreport/crash.jsp
#

---------------  T H R E A D  ---------------

Current thread (0x000000001c4e7800):  VMThread [stack: 0x000000001dba0000,0x000000001dca0000] [id=16472]

siginfo: ExceptionCode=0xc0000005, reading address 0x000000000b48efda

Registers:
RAX=0x000000000b48ef9a, RBX=0x0000000000000000, RCX=0x000000002857af80, RDX=0x0000000000000000
RSP=0x000000001dc9ee50, RBP=0x0000000023f744d0, RSI=0x000000002857af80, RDI=0x000000000000000b
R8 =0x000000000000000b, R9 =0x0000000000000000, R10=0x0000000000000000, R11=0x000000005a477cc8
R12=0x0000000000000005, R13=0x0000000000000004, R14=0x000000005a4ca430, R15=0x000000005a649830
RIP=0x0000000059ee25f2, EFLAGS=0x0000000000010202

Top of Stack: (sp=0x000000001dc9ee50)
0x000000001dc9ee50:   0000000000000000 0000000023f744d0
0x000000001dc9ee60:   0000000028484ae8 000000000000000b
0x000000001dc9ee70:   0000000000000000 000000005a649801
0x000000001dc9ee80:   000000001dc9f030 0000000059ee292d
0x000000001dc9ee90:   0000000000000000 0000000000000006
0x000000001dc9eea0:   0000000000000000 0000000059ea50ff
0x000000001dc9eeb0:   000000005a649900 0000000059ee2f9f
0x000000001dc9eec0:   000000005a475700 0000000000000000
0x000000001dc9eed0:   00000015bf0cc780 000000005a108c9d
0x000000001dc9eee0:   000000005a4ca430 0000000000000000
0x000000001dc9eef0:   000000005a6498a0 0000000059ef7eb2
0x000000001dc9ef00:   000000005a649900 000000001dc9f030
0x000000001dc9ef10:   0000000000000006 0000000000000000
0x000000001dc9ef20:   0000000000000000 000000005a278742
0x000000001dc9ef30:   000000001c3b5520 0000000000000006
0x000000001dc9ef40:   000000001c3b5520 0000000000000006 

Instructions: (pc=0x0000000059ee25f2)
0x0000000059ee25d2:   cc 4d 63 ec 0f 88 09 01 00 00 41 ff c4 90 48 8b
0x0000000059ee25e2:   45 40 48 8b 48 18 4a 8b 34 e9 48 8b ce 48 8b 06
0x0000000059ee25f2:   ff 50 40 84 c0 0f 85 dc 00 00 00 4c 8b 4d 40 45
0x0000000059ee2602:   8b c4 45 3b 21 7d 31 4a 8d 14 ed 08 00 00 00 66 


Register to memory mapping:

RAX=0x000000000b48ef9a is an unknown value
RBX=0x0000000000000000 is an unknown value
RCX=0x000000002857af80 is pointing into metadata
RDX=0x0000000000000000 is an unknown value
RSP=0x000000001dc9ee50 is an unknown value
RBP=0x0000000023f744d0 is an unknown value
RSI=0x000000002857af80 is pointing into metadata
RDI=0x000000000000000b is an unknown value
R8 =0x000000000000000b is an unknown value
R9 =0x0000000000000000 is an unknown value
R10=0x0000000000000000 is an unknown value
R11=0x000000005a477cc8 is an unknown value
R12=0x0000000000000005 is an unknown value
R13=0x0000000000000004 is an unknown value
R14=0x000000005a4ca430 is an unknown value
R15=0x000000005a649830 is an unknown value


Stack: [0x000000001dba0000,0x000000001dca0000],  sp=0x000000001dc9ee50,  free space=1019k
Native frames: (J=compiled Java code, j=interpreted, Vv=VM code, C=native code)
V  [jvm.dll+0x625f2]
V  [jvm.dll+0x6292d]
V  [jvm.dll+0x62f9f]
V  [jvm.dll+0x77eb2]
V  [jvm.dll+0x3f8742]
V  [jvm.dll+0x3f9aaa]
V  [jvm.dll+0x3fa0cb]
V  [jvm.dll+0x4000f5]
V  [jvm.dll+0x249757]
V  [jvm.dll+0x2489f6]
V  [jvm.dll+0x248e91]
V  [jvm.dll+0x2490ae]
V  [jvm.dll+0x299f7a]
C  [msvcr100.dll+0x21d9f]
C  [msvcr100.dll+0x21e3b]
C  [KERNEL32.DLL+0x13034]
C  [ntdll.dll+0x71551]

VM_Operation (0x00000000458bedf0): ParallelGCSystemGC, mode: safepoint, requested by thread 0x000000002393e800


---------------  P R O C E S S  ---------------

Java Threads: ( => current thread )
  0x000000002393e800 JavaThread "Thread-89" [_thread_blocked, id=20452, stack(0x00000000457c0000,0x00000000458c0000)]
  0x0000000023945800 JavaThread "http-nio-8080-Acceptor" daemon [_thread_blocked, id=20036, stack(0x00000000451c0000,0x00000000452c0000)]
  0x0000000023d16800 JavaThread "Catalina-utility-2" [_thread_blocked, id=20980, stack(0x0000000043dc0000,0x0000000043ec0000)]
  0x0000000023d19800 JavaThread "Catalina-utility-1" [_thread_blocked, id=21452, stack(0x0000000043cc0000,0x0000000043dc0000)]
  0x0000000023944800 JavaThread "DestroyJavaVM" [_thread_blocked, id=17196, stack(0x00000000028f0000,0x00000000029f0000)]
  0x0000000023942800 JavaThread "Live Reload Server" daemon [_thread_in_native, id=16688, stack(0x00000000261c0000,0x00000000262c0000)]
  0x000000002129c800 JavaThread "mysql-cj-abandoned-connection-cleanup" daemon [_thread_blocked, id=5372, stack(0x0000000024bc0000,0x0000000024cc0000)]
  0x000000002129b800 JavaThread "shiro-active%0053ession%0043ache.data" [_thread_blocked, id=2852, stack(0x0000000022ef0000,0x0000000022ff0000)]
  0x00000000212a1800 JavaThread "shirocache" daemon [_thread_blocked, id=16604, stack(0x0000000022df0000,0x0000000022ef0000)]
  0x000000001f7e5000 JavaThread "RMI Scheduler(0)" daemon [_thread_blocked, id=16776, stack(0x0000000020520000,0x0000000020620000)]
  0x000000001f609000 JavaThread "RMI TCP Accept-0" daemon [_thread_in_native, id=13340, stack(0x0000000020220000,0x0000000020320000)]
  0x000000001f5b9000 JavaThread "RMI TCP Accept-50831" daemon [_thread_in_native, id=6120, stack(0x0000000020020000,0x0000000020120000)]
  0x000000001f5af800 JavaThread "RMI TCP Accept-0" daemon [_thread_in_native, id=6632, stack(0x000000001ff20000,0x0000000020020000)]
  0x000000001f361800 JavaThread "Service Thread" daemon [_thread_blocked, id=14028, stack(0x000000001fd20000,0x000000001fe20000)]
  0x000000001f360800 JavaThread "C1 CompilerThread2" daemon [_thread_blocked, id=6720, stack(0x000000001fc20000,0x000000001fd20000)]
  0x000000001f360000 JavaThread "C2 CompilerThread1" daemon [_thread_blocked, id=4984, stack(0x000000001fb20000,0x000000001fc20000)]
  0x000000001f35e000 JavaThread "C2 CompilerThread0" daemon [_thread_blocked, id=5604, stack(0x000000001fa20000,0x000000001fb20000)]
  0x000000001df64000 JavaThread "JDWP Command Reader" daemon [_thread_in_native, id=3432, stack(0x000000001f0e0000,0x000000001f1e0000)]
  0x000000001df62800 JavaThread "JDWP Event Helper Thread" daemon [_thread_blocked, id=14108, stack(0x000000001efe0000,0x000000001f0e0000)]
  0x000000001df5f800 JavaThread "JDWP Transport Listener: dt_socket" daemon [_thread_blocked, id=1636, stack(0x000000001eee0000,0x000000001efe0000)]
  0x000000001df0b000 JavaThread "Attach Listener" daemon [_thread_blocked, id=3948, stack(0x000000001e400000,0x000000001e500000)]
  0x000000001df09800 JavaThread "Signal Dispatcher" daemon [_thread_blocked, id=17872, stack(0x000000001e300000,0x000000001e400000)]
  0x0000000002b2a000 JavaThread "Finalizer" daemon [_thread_blocked, id=6108, stack(0x000000001dda0000,0x000000001dea0000)]
  0x0000000002b29000 JavaThread "Reference Handler" daemon [_thread_blocked, id=7976, stack(0x000000001dca0000,0x000000001dda0000)]

Other Threads:
=>0x000000001c4e7800 VMThread [stack: 0x000000001dba0000,0x000000001dca0000] [id=16472]
  0x000000001f60c800 WatcherThread [stack: 0x0000000020320000,0x0000000020420000] [id=4808]

VM state:at safepoint (normal execution)

VM Mutex/Monitor currently owned by a thread:  ([mutex/lock_event])
[0x0000000002a30750] Threads_lock - owner thread: 0x000000001c4e7800
[0x0000000002a32460] Heap_lock - owner thread: 0x000000002393e800

Heap:
 PSYoungGen      total 201728K, used 10840K [0x000000076af00000, 0x0000000778300000, 0x00000007c0000000)
  eden space 187392K, 0% used [0x000000076af00000,0x000000076af00000,0x0000000776600000)
  from space 14336K, 75% used [0x0000000776600000,0x00000007770960d0,0x0000000777400000)
  to   space 14848K, 0% used [0x0000000777480000,0x0000000777480000,0x0000000778300000)
 ParOldGen       total 168960K, used 63064K [0x00000006c0c00000, 0x00000006cb100000, 0x000000076af00000)
  object space 168960K, 37% used [0x00000006c0c00000,0x00000006c4996020,0x00000006cb100000)
 Metaspace       used 105409K, capacity 110344K, committed 110592K, reserved 1148928K
  class space    used 10197K, capacity 11146K, committed 11264K, reserved 1048576K

Card table byte_map: [0x0000000011ff0000,0x00000000127f0000] byte_map_base: 0x000000000e9ea000

Marking Bits: (ParMarkBitMap*) 0x000000005a68a5b0
 Begin Bits: [0x0000000013350000, 0x0000000017320000)
 End Bits:   [0x0000000017320000, 0x000000001b2f0000)

Polling page: 0x0000000000c20000

CodeCache: size=245760Kb used=28151Kb max_used=28151Kb free=217609Kb
 bounds [0x0000000002c30000, 0x00000000047c0000, 0x0000000011c30000]
 total_blobs=14115 nmethods=13526 adapters=506
 compilation: enabled

Compilation events (10 events):
Event: 13928.680 Thread 0x000000001f360800 13705       1       ch.qos.logback.classic.pattern.ThrowableProxyConverter::printStackLine (23 bytes)
Event: 13928.680 Thread 0x000000001f360800 nmethod 13705 0x00000000047b0890 code [0x00000000047b0a40, 0x00000000047b0c98]
Event: 13928.680 Thread 0x000000001f360800 13710       1       ch.qos.logback.classic.pattern.ExtendedThrowableProxyConverter::extraData (6 bytes)
Event: 13928.680 Thread 0x000000001f360800 nmethod 13710 0x00000000047b0f50 code [0x00000000047b10a0, 0x00000000047b11e8]
Event: 13928.680 Thread 0x000000001f360800 13711       1       org.springframework.boot.ansi.AnsiStyle::toString (5 bytes)
Event: 13928.680 Thread 0x000000001f360800 nmethod 13711 0x00000000047b1290 code [0x00000000047b13e0, 0x00000000047b14f0]
Event: 13929.059 Thread 0x000000001f360800 13712       1       java.net.NetworkInterface$1checkedAddresses::hasMoreElements (17 bytes)
Event: 13929.060 Thread 0x000000001f360800 nmethod 13712 0x00000000047b1550 code [0x00000000047b16a0, 0x00000000047b17d0]
Event: 13929.093 Thread 0x000000001f360800 13713   !   1       java.util.concurrent.ThreadPoolExecutor::processWorkerExit (138 bytes)
Event: 13929.094 Thread 0x000000001f360800 nmethod 13713 0x00000000047b1850 code [0x00000000047b1a20, 0x00000000047b1e28]

GC Heap History (10 events):
Event: 13824.587 GC heap after
Heap after GC invocations=164 (full 15):
 PSYoungGen      total 180736K, used 6751K [0x000000076af00000, 0x0000000777700000, 0x00000007c0000000)
  eden space 166912K, 0% used [0x000000076af00000,0x000000076af00000,0x0000000775200000)
  from space 13824K, 48% used [0x0000000775200000,0x0000000775897cb0,0x0000000775f80000)
  to   space 13312K, 0% used [0x0000000776a00000,0x0000000776a00000,0x0000000777700000)
 ParOldGen       total 168960K, used 63040K [0x00000006c0c00000, 0x00000006cb100000, 0x000000076af00000)
  object space 168960K, 37% used [0x00000006c0c00000,0x00000006c4990020,0x00000006cb100000)
 Metaspace       used 101835K, capacity 106628K, committed 107264K, reserved 1144832K
  class space    used 9990K, capacity 10919K, committed 11008K, reserved 1048576K
}
Event: 13825.334 GC heap before
{Heap before GC invocations=165 (full 15):
 PSYoungGen      total 180736K, used 173663K [0x000000076af00000, 0x0000000777700000, 0x00000007c0000000)
  eden space 166912K, 100% used [0x000000076af00000,0x0000000775200000,0x0000000775200000)
  from space 13824K, 48% used [0x0000000775200000,0x0000000775897cb0,0x0000000775f80000)
  to   space 13312K, 0% used [0x0000000776a00000,0x0000000776a00000,0x0000000777700000)
 ParOldGen       total 168960K, used 63040K [0x00000006c0c00000, 0x00000006cb100000, 0x000000076af00000)
  object space 168960K, 37% used [0x00000006c0c00000,0x00000006c4990020,0x00000006cb100000)
 Metaspace       used 102477K, capacity 107318K, committed 107776K, reserved 1146880K
  class space    used 10027K, capacity 10938K, committed 11008K, reserved 1048576K
Event: 13825.339 GC heap after
Heap after GC invocations=165 (full 15):
 PSYoungGen      total 190464K, used 7805K [0x000000076af00000, 0x0000000777600000, 0x00000007c0000000)
  eden space 178176K, 0% used [0x000000076af00000,0x000000076af00000,0x0000000775d00000)
  from space 12288K, 63% used [0x0000000776a00000,0x000000077719f4b8,0x0000000777600000)
  to   space 12800K, 0% used [0x0000000775d00000,0x0000000775d00000,0x0000000776980000)
 ParOldGen       total 168960K, used 63040K [0x00000006c0c00000, 0x00000006cb100000, 0x000000076af00000)
  object space 168960K, 37% used [0x00000006c0c00000,0x00000006c4990020,0x00000006cb100000)
 Metaspace       used 102477K, capacity 107318K, committed 107776K, reserved 1146880K
  class space    used 10027K, capacity 10938K, committed 11008K, reserved 1048576K
}
Event: 13826.382 GC heap before
{Heap before GC invocations=166 (full 15):
 PSYoungGen      total 190464K, used 185981K [0x000000076af00000, 0x0000000777600000, 0x00000007c0000000)
  eden space 178176K, 100% used [0x000000076af00000,0x0000000775d00000,0x0000000775d00000)
  from space 12288K, 63% used [0x0000000776a00000,0x000000077719f4b8,0x0000000777600000)
  to   space 12800K, 0% used [0x0000000775d00000,0x0000000775d00000,0x0000000776980000)
 ParOldGen       total 168960K, used 63040K [0x00000006c0c00000, 0x00000006cb100000, 0x000000076af00000)
  object space 168960K, 37% used [0x00000006c0c00000,0x00000006c4990020,0x00000006cb100000)
 Metaspace       used 104581K, capacity 109506K, committed 109696K, reserved 1148928K
  class space    used 10135K, capacity 11084K, committed 11136K, reserved 1048576K
Event: 13826.387 GC heap after
Heap after GC invocations=166 (full 15):
 PSYoungGen      total 190976K, used 10602K [0x000000076af00000, 0x0000000778200000, 0x00000007c0000000)
  eden space 178176K, 0% used [0x000000076af00000,0x000000076af00000,0x0000000775d00000)
  from space 12800K, 82% used [0x0000000775d00000,0x000000077675ab88,0x0000000776980000)
  to   space 13312K, 0% used [0x0000000777500000,0x0000000777500000,0x0000000778200000)
 ParOldGen       total 168960K, used 63048K [0x00000006c0c00000, 0x00000006cb100000, 0x000000076af00000)
  object space 168960K, 37% used [0x00000006c0c00000,0x00000006c4992020,0x00000006cb100000)
 Metaspace       used 104581K, capacity 109506K, committed 109696K, reserved 1148928K
  class space    used 10135K, capacity 11084K, committed 11136K, reserved 1048576K
}
Event: 13897.278 GC heap before
{Heap before GC invocations=167 (full 15):
 PSYoungGen      total 190976K, used 188778K [0x000000076af00000, 0x0000000778200000, 0x00000007c0000000)
  eden space 178176K, 100% used [0x000000076af00000,0x0000000775d00000,0x0000000775d00000)
  from space 12800K, 82% used [0x0000000775d00000,0x000000077675ab88,0x0000000776980000)
  to   space 13312K, 0% used [0x0000000777500000,0x0000000777500000,0x0000000778200000)
 ParOldGen       total 168960K, used 63048K [0x00000006c0c00000, 0x00000006cb100000, 0x000000076af00000)
  object space 168960K, 37% used [0x00000006c0c00000,0x00000006c4992020,0x00000006cb100000)
 Metaspace       used 105241K, capacity 110210K, committed 110336K, reserved 1148928K
  class space    used 10173K, capacity 11144K, committed 11264K, reserved 1048576K
Event: 13897.283 GC heap after
Heap after GC invocations=167 (full 15):
 PSYoungGen      total 200704K, used 12520K [0x000000076af00000, 0x0000000778200000, 0x00000007c0000000)
  eden space 187392K, 0% used [0x000000076af00000,0x000000076af00000,0x0000000776600000)
  from space 13312K, 94% used [0x0000000777500000,0x000000077813a118,0x0000000778200000)
  to   space 14336K, 0% used [0x0000000776600000,0x0000000776600000,0x0000000777400000)
 ParOldGen       total 168960K, used 63056K [0x00000006c0c00000, 0x00000006cb100000, 0x000000076af00000)
  object space 168960K, 37% used [0x00000006c0c00000,0x00000006c4994020,0x00000006cb100000)
 Metaspace       used 105241K, capacity 110210K, committed 110336K, reserved 1148928K
  class space    used 10173K, capacity 11144K, committed 11264K, reserved 1048576K
}
Event: 13929.098 GC heap before
{Heap before GC invocations=168 (full 15):
 PSYoungGen      total 200704K, used 77017K [0x000000076af00000, 0x0000000778200000, 0x00000007c0000000)
  eden space 187392K, 34% used [0x000000076af00000,0x000000076edfc608,0x0000000776600000)
  from space 13312K, 94% used [0x0000000777500000,0x000000077813a118,0x0000000778200000)
  to   space 14336K, 0% used [0x0000000776600000,0x0000000776600000,0x0000000777400000)
 ParOldGen       total 168960K, used 63056K [0x00000006c0c00000, 0x00000006cb100000, 0x000000076af00000)
  object space 168960K, 37% used [0x00000006c0c00000,0x00000006c4994020,0x00000006cb100000)
 Metaspace       used 105409K, capacity 110344K, committed 110592K, reserved 1148928K
  class space    used 10197K, capacity 11146K, committed 11264K, reserved 1048576K
Event: 13929.102 GC heap after
Heap after GC invocations=168 (full 15):
 PSYoungGen      total 201728K, used 10840K [0x000000076af00000, 0x0000000778300000, 0x00000007c0000000)
  eden space 187392K, 0% used [0x000000076af00000,0x000000076af00000,0x0000000776600000)
  from space 14336K, 75% used [0x0000000776600000,0x00000007770960d0,0x0000000777400000)
  to   space 14848K, 0% used [0x0000000777480000,0x0000000777480000,0x0000000778300000)
 ParOldGen       total 168960K, used 63064K [0x00000006c0c00000, 0x00000006cb100000, 0x000000076af00000)
  object space 168960K, 37% used [0x00000006c0c00000,0x00000006c4996020,0x00000006cb100000)
 Metaspace       used 105409K, capacity 110344K, committed 110592K, reserved 1148928K
  class space    used 10197K, capacity 11146K, committed 11264K, reserved 1048576K
}
Event: 13929.102 GC heap before
{Heap before GC invocations=169 (full 16):
 PSYoungGen      total 201728K, used 10840K [0x000000076af00000, 0x0000000778300000, 0x00000007c0000000)
  eden space 187392K, 0% used [0x000000076af00000,0x000000076af00000,0x0000000776600000)
  from space 14336K, 75% used [0x0000000776600000,0x00000007770960d0,0x0000000777400000)
  to   space 14848K, 0% used [0x0000000777480000,0x0000000777480000,0x0000000778300000)
 ParOldGen       total 168960K, used 63064K [0x00000006c0c00000, 0x00000006cb100000, 0x000000076af00000)
  object space 168960K, 37% used [0x00000006c0c00000,0x00000006c4996020,0x00000006cb100000)
 Metaspace       used 105409K, capacity 110344K, committed 110592K, reserved 1148928K
  class space    used 10197K, capacity 11146K, committed 11264K, reserved 1048576K

Deoptimization events (0 events):
No events

Internal exceptions (10 events):
Event: 13830.836 Thread 0x0000000023d21000 Exception <a 'java/lang/ClassNotFoundException': com/egao/common/system/entity/DictionaryDataCustomizer> (0x000000076fa82a48) thrown at [C:\workspace\8-2-build-windows-amd64-cygwin\jdk8u65\4987\hotspot\src\share\vm\classfile\systemDictionary.cpp, line 210]
éfñrË@
Event: 13830.898 Thread 0x0000000023941000 Exception <a 'java/lang/ArrayIndexOutOfBoundsException'> (0x0000000770301768) thrown at [C:\workspace\8-2-build-windows-amd64-cygwin\jdk8u65\4987\hotspot\src\share\vm\runtime\sharedRuntime.cpp, line 605]
Event: 13830.939 Thread 0x000000002393c800 Exception <a 'java/lang/ArrayIndexOutOfBoundsException'> (0x00000007702e0068) thrown at [C:\workspace\8-2-build-windows-amd64-cygwin\jdk8u65\4987\hotspot\src\share\vm\runtime\sharedRuntime.cpp, line 605]
Event: 13928.637 Thread 0x0000000023d1b000 Exception <a 'java/lang/InterruptedException': sleep interrupted> (0x000000076e6adfc0) thrown at [C:\workspace\8-2-build-windows-amd64-cygwin\jdk8u65\4987\hotspot\src\share\vm\prims\jvm.cpp, line 3215]
Event: 13928.661 Thread 0x000000002393e000 Exception <a 'java/lang/reflect/InvocationTargetException'> (0x000000076e56dc18) thrown at [C:\workspace\8-2-build-windows-amd64-cygwin\jdk8u65\4987\hotspot\src\share\vm\runtime\reflection.cpp, line 1092]
Event: 13928.662 Thread 0x000000002393e000 Exception <a 'java/lang/reflect/InvocationTargetException'> (0x000000076e572ff0) thrown at [C:\workspace\8-2-build-windows-amd64-cygwin\jdk8u65\4987\hotspot\src\share\vm\runtime\reflection.cpp, line 1092]
Event: 13928.662 Thread 0x000000002393e000 Exception <a 'java/lang/reflect/InvocationTargetException'> (0x000000076e573d98) thrown at [C:\workspace\8-2-build-windows-amd64-cygwin\jdk8u65\4987\hotspot\src\share\vm\runtime\reflection.cpp, line 1092]
Event: 13928.667 Thread 0x0000000023d1f800 Exception <a 'java/lang/reflect/InvocationTargetException'> (0x000000076e8ac5e0) thrown at [C:\workspace\8-2-build-windows-amd64-cygwin\jdk8u65\4987\hotspot\src\share\vm\runtime\reflection.cpp, line 1092]
Event: 13928.667 Thread 0x0000000023d1f800 Exception <a 'java/lang/reflect/InvocationTargetException'> (0x000000076e8ad388) thrown at [C:\workspace\8-2-build-windows-amd64-cygwin\jdk8u65\4987\hotspot\src\share\vm\runtime\reflection.cpp, line 1092]
Event: 13929.097 Thread 0x0000000023d17800 Exception <a 'java/lang/InterruptedException': sleep interrupted> (0x000000076ed603b8) thrown at [C:\workspace\8-2-build-windows-amd64-cygwin\jdk8u65\4987\hotspot\src\share\vm\prims\jvm.cpp, line 3215]

Events (10 events):
Event: 13929.098 Thread 0x0000000023d16800 DEOPT UNPACKING pc=0x0000000002c7787f sp=0x0000000043ebeda8 mode 1
Event: 13929.098 Thread 0x0000000023d19800 DEOPT PACKING pc=0x0000000003957b54 sp=0x0000000043dbece0
Event: 13929.098 Thread 0x0000000023d19800 DEOPT UNPACKING pc=0x0000000002c7787f sp=0x0000000043dbea30 mode 1
Event: 13929.098 Thread 0x0000000023d19800 DEOPT PACKING pc=0x00000000039592d4 sp=0x0000000043dbedc0
Event: 13929.098 Thread 0x0000000023d19800 DEOPT UNPACKING pc=0x0000000002c7787f sp=0x0000000043dbeb70 mode 1
Event: 13929.098 Thread 0x0000000023d19800 DEOPT PACKING pc=0x000000000395aa1c sp=0x0000000043dbeec0
Event: 13929.098 Thread 0x0000000023d19800 DEOPT UNPACKING pc=0x0000000002c7787f sp=0x0000000043dbebe8 mode 1
Event: 13929.098 Executing VM operation: ParallelGCSystemGC
Event: 13929.098 Thread 0x0000000023d19800 DEOPT PACKING pc=0x0000000003955c94 sp=0x0000000043dbef00
Event: 13929.098 Thread 0x0000000023d19800 DEOPT UNPACKING pc=0x0000000002c7787f sp=0x0000000043dbec98 mode 1


Dynamic libraries:
0x00007ff703010000 - 0x00007ff703047000 	D:\Program\Software\JDK\jdk1.8.0_65\bin\java.exe
0x00007ff9c43e0000 - 0x00007ff9c45c1000 	C:\windows\SYSTEM32\ntdll.dll
0x00007ff9c3e20000 - 0x00007ff9c3ed2000 	C:\windows\System32\KERNEL32.DLL
0x00007ff9c1210000 - 0x00007ff9c1483000 	C:\windows\System32\KERNELBASE.dll
0x00007ff9c3a50000 - 0x00007ff9c3af1000 	C:\windows\System32\ADVAPI32.dll
0x00007ff9c3300000 - 0x00007ff9c339e000 	C:\windows\System32\msvcrt.dll
0x00007ff9c3160000 - 0x00007ff9c31bb000 	C:\windows\System32\sechost.dll
0x00007ff9c31c0000 - 0x00007ff9c32e4000 	C:\windows\System32\RPCRT4.dll
0x00007ff9c35a0000 - 0x00007ff9c3730000 	C:\windows\System32\USER32.dll
0x00007ff9c11f0000 - 0x00007ff9c1210000 	C:\windows\System32\win32u.dll
0x00007ff9c3460000 - 0x00007ff9c3488000 	C:\windows\System32\GDI32.dll
0x00007ff9c1490000 - 0x00007ff9c1622000 	C:\windows\System32\gdi32full.dll
0x00007ff9c0830000 - 0x00007ff9c08cf000 	C:\windows\System32\msvcp_win.dll
0x00007ff9c0930000 - 0x00007ff9c0a2a000 	C:\windows\System32\ucrtbase.dll
0x00007ff9a7d20000 - 0x00007ff9a7f89000 	C:\windows\WinSxS\amd64_microsoft.windows.common-controls_6595b64144ccf1df_6.0.17134.1_none_e4da93291059d8fb\COMCTL32.dll
0x00007ff9c3ee0000 - 0x00007ff9c4203000 	C:\windows\System32\combase.dll
0x00007ff9c07b0000 - 0x00007ff9c082a000 	C:\windows\System32\bcryptPrimitives.dll
0x00007ff9c33b0000 - 0x00007ff9c33dd000 	C:\windows\System32\IMM32.DLL
0x000000005a710000 - 0x000000005a7e2000 	D:\Program\Software\JDK\jdk1.8.0_65\jre\bin\msvcr100.dll
0x0000000059e80000 - 0x000000005a709000 	D:\Program\Software\JDK\jdk1.8.0_65\jre\bin\server\jvm.dll
0x00007ff9c3530000 - 0x00007ff9c3538000 	C:\windows\System32\PSAPI.DLL
0x00007ff9a2480000 - 0x00007ff9a2489000 	C:\windows\SYSTEM32\WSOCK32.dll
0x00007ff9c4230000 - 0x00007ff9c429c000 	C:\windows\System32\WS2_32.dll
0x00007ff9bea50000 - 0x00007ff9bea73000 	C:\windows\SYSTEM32\WINMM.dll
0x00007ff9bb660000 - 0x00007ff9bb66a000 	C:\windows\SYSTEM32\VERSION.dll
0x00007ff9be9f0000 - 0x00007ff9bea1a000 	C:\windows\SYSTEM32\WINMMBASE.dll
0x00007ff9c1630000 - 0x00007ff9c1679000 	C:\windows\System32\cfgmgr32.dll
0x000000005d250000 - 0x000000005d25f000 	D:\Program\Software\JDK\jdk1.8.0_65\jre\bin\verify.dll
0x000000005d220000 - 0x000000005d249000 	D:\Program\Software\JDK\jdk1.8.0_65\jre\bin\java.dll
0x000000005c1c0000 - 0x000000005c1f5000 	D:\Program\Software\JDK\jdk1.8.0_65\jre\bin\jdwp.dll
0x000000005d210000 - 0x000000005d218000 	D:\Program\Software\JDK\jdk1.8.0_65\jre\bin\npt.dll
0x000000005c190000 - 0x000000005c1b3000 	D:\Program\Software\JDK\jdk1.8.0_65\jre\bin\instrument.dll
0x0000000059e60000 - 0x0000000059e76000 	D:\Program\Software\JDK\jdk1.8.0_65\jre\bin\zip.dll
0x00007ff9c1d20000 - 0x00007ff9c3160000 	C:\windows\System32\SHELL32.dll
0x00007ff9c42a0000 - 0x00007ff9c4349000 	C:\windows\System32\shcore.dll
0x00007ff9c0a30000 - 0x00007ff9c113d000 	C:\windows\System32\windows.storage.dll
0x00007ff9c3540000 - 0x00007ff9c3591000 	C:\windows\System32\shlwapi.dll
0x00007ff9c0740000 - 0x00007ff9c0751000 	C:\windows\System32\kernel.appcore.dll
0x00007ff9c0700000 - 0x00007ff9c071f000 	C:\windows\System32\profapi.dll
0x00007ff9c0760000 - 0x00007ff9c07ac000 	C:\windows\System32\powrprof.dll
0x00007ff9c06f0000 - 0x00007ff9c06fa000 	C:\windows\System32\FLTLIB.DLL
0x000000005c180000 - 0x000000005c189000 	D:\Program\Software\JDK\jdk1.8.0_65\jre\bin\dt_socket.dll
0x0000000180000000 - 0x000000018008c000 	C:\windows\system32\ASProxy64.dll
0x00007ff9c3bf0000 - 0x00007ff9c3d41000 	C:\windows\System32\ole32.dll
0x00007ff9c3d50000 - 0x00007ff9c3e12000 	C:\windows\System32\OLEAUT32.dll
0x00007ff9bff10000 - 0x00007ff9bff76000 	C:\windows\SYSTEM32\MSWSOCK.dll
0x00007ff9bfc90000 - 0x00007ff9bfcc8000 	C:\windows\SYSTEM32\IPHLPAPI.DLL
0x00007ff9c0620000 - 0x00007ff9c0650000 	C:\windows\SYSTEM32\SspiCli.dll
0x00007ff9bedb0000 - 0x00007ff9bee48000 	C:\windows\system32\uxtheme.dll
0x000000005c170000 - 0x000000005c17d000 	D:\Program\Software\JDK\jdk1.8.0_65\jre\bin\management.dll
0x0000000059e40000 - 0x0000000059e5a000 	D:\Program\Software\JDK\jdk1.8.0_65\jre\bin\net.dll
0x0000000059e20000 - 0x0000000059e31000 	D:\Program\Software\JDK\jdk1.8.0_65\jre\bin\nio.dll
0x00007ff9a7a10000 - 0x00007ff9a7a26000 	C:\windows\system32\napinsp.dll
0x00007ff9a79f0000 - 0x00007ff9a7a0a000 	C:\windows\system32\pnrpnsp.dll
0x00007ff9bd080000 - 0x00007ff9bd099000 	C:\windows\system32\NLAapi.dll
0x00007ff9bfcd0000 - 0x00007ff9bfd8e000 	C:\windows\SYSTEM32\DNSAPI.dll
0x00007ff9c32f0000 - 0x00007ff9c32f8000 	C:\windows\System32\NSI.dll
0x00007ff9af5a0000 - 0x00007ff9af5ae000 	C:\windows\System32\winrnr.dll
0x00007ff9bafb0000 - 0x00007ff9bafc5000 	C:\windows\System32\wshbth.dll
0x00007ff9b90b0000 - 0x00007ff9b90ba000 	C:\Windows\System32\rasadhlp.dll
0x00007ff9b9f50000 - 0x00007ff9b9fc2000 	C:\windows\System32\fwpuclnt.dll
0x00007ff9c01f0000 - 0x00007ff9c0215000 	C:\windows\SYSTEM32\bcrypt.dll
0x00007ff9c00d0000 - 0x00007ff9c00e7000 	C:\windows\SYSTEM32\CRYPTSP.dll
0x00007ff9bfaf0000 - 0x00007ff9bfb23000 	C:\windows\system32\rsaenh.dll
0x00007ff9c05f0000 - 0x00007ff9c0618000 	C:\windows\SYSTEM32\USERENV.dll
0x00007ff9c00c0000 - 0x00007ff9c00cb000 	C:\windows\SYSTEM32\CRYPTBASE.dll
0x00007ff9bb0f0000 - 0x00007ff9bb106000 	C:\windows\SYSTEM32\dhcpcsvc6.DLL
0x00007ff9bb0d0000 - 0x00007ff9bb0ea000 	C:\windows\SYSTEM32\dhcpcsvc.DLL
0x000000005c140000 - 0x000000005c164000 	D:\Program\Software\JDK\jdk1.8.0_65\jre\bin\sunec.dll
0x00007ff9b35e0000 - 0x00007ff9b37a9000 	C:\windows\SYSTEM32\dbghelp.dll

VM Arguments:
jvm_args: -agentlib:jdwp=transport=dt_socket,address=127.0.0.1:50832,suspend=y,server=n -XX:TieredStopAtLevel=1 -Xverify:none -Dspring.output.ansi.enabled=always -Dcom.sun.management.jmxremote -Dcom.sun.management.jmxremote.port=50831 -Dcom.sun.management.jmxremote.authenticate=false -Dcom.sun.management.jmxremote.ssl=false -Djava.rmi.server.hostname=localhost -Dspring.liveBeansView.mbeanDomain -Dspring.application.admin.enabled=true -javaagent:D:\Program\Software\IDEA\IDEA2018.2.4\lib\rt\debugger-agent.jar=file:/C:/Users/Administrator/AppData/Local/Temp/capture.props -Dfile.encoding=UTF-8 
java_command: com.egao.EasyWebApplication
java_class_path (initial): D:\Program\Software\JDK\jdk1.8.0_65\jre\lib\charsets.jar;D:\Program\Software\JDK\jdk1.8.0_65\jre\lib\deploy.jar;D:\Program\Software\JDK\jdk1.8.0_65\jre\lib\ext\access-bridge-64.jar;D:\Program\Software\JDK\jdk1.8.0_65\jre\lib\ext\cldrdata.jar;D:\Program\Software\JDK\jdk1.8.0_65\jre\lib\ext\dnsns.jar;D:\Program\Software\JDK\jdk1.8.0_65\jre\lib\ext\jaccess.jar;D:\Program\Software\JDK\jdk1.8.0_65\jre\lib\ext\jfxrt.jar;D:\Program\Software\JDK\jdk1.8.0_65\jre\lib\ext\localedata.jar;D:\Program\Software\JDK\jdk1.8.0_65\jre\lib\ext\nashorn.jar;D:\Program\Software\JDK\jdk1.8.0_65\jre\lib\ext\sunec.jar;D:\Program\Software\JDK\jdk1.8.0_65\jre\lib\ext\sunjce_provider.jar;D:\Program\Software\JDK\jdk1.8.0_65\jre\lib\ext\sunmscapi.jar;D:\Program\Software\JDK\jdk1.8.0_65\jre\lib\ext\sunpkcs11.jar;D:\Program\Software\JDK\jdk1.8.0_65\jre\lib\ext\zipfs.jar;D:\Program\Software\JDK\jdk1.8.0_65\jre\lib\javaws.jar;D:\Program\Software\JDK\jdk1.8.0_65\jre\lib\jce.jar;D:\Program\Software\JDK\jdk1.8.0_65\jre\lib\jfr.jar;D:\Program\Software\JDK\jdk1.8.0_65\jre\lib\jfxswt.jar;D:\Program\Software\JDK\jdk1.8.0_65\jre\lib\jsse.jar;D:\Program\Software\JDK\jdk1.8.0_65\jre\lib\management-agent.jar;D:\Program\Software\JDK\jdk1.8.0_65\jre\lib\plugin.jar;D:\Program\Software\JDK\jdk1.8.0_65\jre\lib\resources.jar;D:\Program\Software\JDK\jdk1.8.0_65\jre\lib\rt.jar;F:\Program\WorkspaceI\easyweb-shiro\target\classes;C:\Users\Administrator\.m2\repository\org\springframework\boot\spring-boot-devtools\2.2.2.RELEASE\spring-boot-devtools-2.2.2.RELEASE.jar;C:\Users\Administrator\.m2\repository\org\springframework\boot\spring-boot\2.2.2.RELEASE\spring-boot-2.2.2.RELEASE.jar;C:\Users\Administrator\.m2\repository\org\springframework\spring-context\5.2.2.RELEASE\spring-context-5.2.2.RELEASE.jar;C:\Users\Administrator\.m2\repository\org\springframework\boot\spring-boot-autoconfigure\2.2.2.RELEASE\spring-boot-autoconfigure-2.2.2.RELEASE.jar;C:\Users\Administrator\.m2\repository\org\springfram
Launcher Type: SUN_STANDARD

Environment Variables:
JAVA_HOME=D:\Program\Software\JDK\jdk1.8.0_65
CLASSPATH=.;D:\Program\Software\JDK\jdk1.8.0_65\lib;D:\Program\Software\JDK\jdk1.8.0_65\lib\tools.jar
PATH=D:\Program\Software\JDK\jdk1.8.0_65\bin;C:\windows\system32\;C:\windows;C:\windows\System32\Wbem;C:\windows\System32\WindowsPowerShell\v1.0\;C:\windows\System32\OpenSSH\;D:\Program\Software\MySQL5.5.4\bin;D:\Program\Software\MySQL\bin;D:\Program\Software\apache-maven-3.3.9\bin;C:\windows\system33;D:\Program\Software\TortoiseSVN\Install\bin;F:\Program\Software\Anaconda\Anaconda3\Scripts;F:\Program\Software\Gradle\gradle-4.7\bin;F:\Program\Software\python-2.7.16\Python27\;F:\Program\Software\Git\cmd;F:\Software\Gpg4win\..\GnuPG\bin;C:\Users\Administrator\AppData\Local\Microsoft\WindowsApps;;F:\Program\Software\PyCharm\PyCharm Community Edition 2019.2.3\bin;
USERNAME=Administrator
OS=Windows_NT
PROCESSOR_IDENTIFIER=Intel64 Family 6 Model 158 Stepping 10, GenuineIntel



---------------  S Y S T E M  ---------------

OS: Windows 10.0 , 64 bit Build 17134 (10.0.17134.1)

CPU:total 6 (6 cores per cpu, 1 threads per core) family 6 model 158 stepping 10, cmov, cx8, fxsr, mmx, sse, sse2, sse3, ssse3, sse4.1, sse4.2, popcnt, avx, avx2, aes, clmul, erms, 3dnowpref, lzcnt, tsc, tscinvbit, bmi1, bmi2, adx

Memory: 4k page, physical 16723468k(5616100k free), swap 17772044k(2351700k free)

vm_info: Java HotSpot(TM) 64-Bit Server VM (25.65-b01) for windows-amd64 JRE (1.8.0_65-b17), built on Oct  6 2015 16:39:20 by "java_re" with MS VC++ 10.0 (VS2010)

time: Wed Jul 22 18:24:14 2020
elapsed time: 13929 seconds (0d 3h 52m 9s)

